Log file open, 11/11/19 10:21:58
LogWindows: Failed to load 'aqProf.dll' (GetLastError=126)
LogWindows: File 'aqProf.dll' does not exist
LogWindows: Failed to load 'VtuneApi.dll' (GetLastError=126)
LogWindows: File 'VtuneApi.dll' does not exist
LogWindows: Failed to load 'VtuneApi32e.dll' (GetLastError=126)
LogWindows: File 'VtuneApi32e.dll' does not exist
LogConsoleResponse: Display: Failed to find resolution value strings in scalability ini. Falling back to default.
LogInit: Display: Running engine for game: Assn5_2
LogPakFile: Registered encryption key '00000000000000000000000000000000': 0 pak files mounted, 0 remain pending
LogPlatformFile: Not using cached read wrapper
LogTaskGraph: Started task graph with 5 named threads and 23 total threads with 3 sets of task threads.
LogStats: Stats thread started at 1.144550
LogD3D11RHI: Loaded GFSDK_Aftermath_Lib.x64.dll
LogICUInternationalization: ICU TimeZone Detection - Raw Offset: -5:00, Platform Override: ''
LogPluginManager: Mounting plugin Paper2D
LogPluginManager: Mounting plugin AISupport
LogPluginManager: Mounting plugin LightPropagationVolume
LogPluginManager: Mounting plugin ActorLayerUtilities
LogPluginManager: Mounting plugin AnimationSharing
LogPluginManager: Mounting plugin CLionSourceCodeAccess
LogPluginManager: Mounting plugin CodeLiteSourceCodeAccess
LogPluginManager: Mounting plugin GitSourceControl
LogPluginManager: Mounting plugin KDevelopSourceCodeAccess
LogPluginManager: Mounting plugin NullSourceCodeAccess
LogPluginManager: Mounting plugin PerforceSourceControl
LogPluginManager: Mounting plugin SubversionSourceControl
LogPluginManager: Mounting plugin UObjectPlugin
LogPluginManager: Mounting plugin VisualStudioCodeSourceCodeAccess
LogPluginManager: Mounting plugin VisualStudioSourceCodeAccess
LogPluginManager: Mounting plugin XCodeSourceCodeAccess
LogPluginManager: Mounting plugin AssetManagerEditor
LogPluginManager: Mounting plugin CryptoKeys
LogPluginManager: Mounting plugin DataValidation
LogPluginManager: Mounting plugin FacialAnimation
LogPluginManager: Mounting plugin GameplayTagsEditor
LogPluginManager: Mounting plugin MacGraphicsSwitching
LogPluginManager: Mounting plugin MaterialAnalyzer
LogPluginManager: Mounting plugin MobileLauncherProfileWizard
LogPluginManager: Mounting plugin PluginBrowser
LogPluginManager: Mounting plugin SpeedTreeImporter
LogPluginManager: Mounting plugin DatasmithContent
LogPluginManager: Mounting plugin VariantManagerContent
LogPluginManager: Mounting plugin AlembicImporter
LogPluginManager: Mounting plugin AppleImageUtils
LogPluginManager: Mounting plugin AppleVision
LogPluginManager: Mounting plugin BackChannel
LogPluginManager: Mounting plugin CharacterAI
LogPluginManager: Mounting plugin GeometryCache
LogPluginManager: Mounting plugin HTML5Networking
LogPluginManager: Mounting plugin ProxyLODPlugin
LogPluginManager: Mounting plugin SkeletalReduction
LogPluginManager: Mounting plugin MagicLeap
LogPluginManager: Mounting plugin MagicLeapMedia
LogPluginManager: Mounting plugin AndroidMedia
LogPluginManager: Mounting plugin AvfMedia
LogPluginManager: Mounting plugin ImgMedia
LogPluginManager: Mounting plugin LinearTimecode
LogPluginManager: Mounting plugin MediaCompositing
LogPluginManager: Mounting plugin MediaPlayerEditor
LogPluginManager: Mounting plugin WebMMedia
LogPluginManager: Mounting plugin WmfMedia
LogPluginManager: Mounting plugin TcpMessaging
LogPluginManager: Mounting plugin UdpMessaging
LogPluginManager: Mounting plugin ActorSequence
LogPluginManager: Mounting plugin LevelSequenceEditor
LogPluginManager: Mounting plugin MatineeToLevelSequence
LogPluginManager: Mounting plugin NetcodeUnitTest
LogPluginManager: Mounting plugin NUTUnrealEngine4
LogPluginManager: Mounting plugin OnlineSubsystemGooglePlay
LogPluginManager: Mounting plugin OnlineSubsystemIOS
LogPluginManager: Mounting plugin OnlineSubsystem
LogPluginManager: Mounting plugin OnlineSubsystemNull
LogPluginManager: Mounting plugin OnlineSubsystemUtils
LogPluginManager: Mounting plugin LauncherChunkInstaller
LogPluginManager: Mounting plugin AndroidDeviceProfileSelector
LogPluginManager: Mounting plugin AndroidMoviePlayer
LogPluginManager: Mounting plugin AndroidPermission
LogPluginManager: Mounting plugin AppleMoviePlayer
LogPluginManager: Mounting plugin ArchVisCharacter
LogPluginManager: Mounting plugin AudioCapture
LogPluginManager: Mounting plugin CableComponent
LogPluginManager: Mounting plugin CustomMeshComponent
LogPluginManager: Mounting plugin EditableMesh
LogPluginManager: Mounting plugin ExampleDeviceProfileSelector
LogPluginManager: Mounting plugin Firebase
LogPluginManager: Mounting plugin GoogleCloudMessaging
LogPluginManager: Mounting plugin IOSDeviceProfileSelector
LogPluginManager: Mounting plugin LinuxDeviceProfileSelector
LogPluginManager: Mounting plugin LocationServicesBPLibrary
LogPluginManager: Mounting plugin MobilePatchingUtils
LogPluginManager: Mounting plugin OculusVR
LogPluginManager: Mounting plugin PhysXVehicles
LogPluginManager: Mounting plugin ProceduralMeshComponent
LogPluginManager: Mounting plugin RuntimePhysXCooking
LogPluginManager: Mounting plugin SignificanceManager
LogPluginManager: Mounting plugin SteamVR
LogPluginManager: Mounting plugin WebMMoviePlayer
LogPluginManager: Mounting plugin WindowsMoviePlayer
LogPluginManager: Mounting plugin FileImporter
LogInit: Using libcurl 7.55.1-DEV
LogInit:  - built for x86_64-pc-win32
LogInit:  - supports SSL with OpenSSL/1.1.1
LogInit:  - supports HTTP deflate (compression) using libz 1.2.8
LogInit:  - other features:
LogInit:      CURL_VERSION_SSL
LogInit:      CURL_VERSION_LIBZ
LogInit:      CURL_VERSION_IPV6
LogInit:      CURL_VERSION_ASYNCHDNS
LogInit:      CURL_VERSION_LARGEFILE
LogInit:      CURL_VERSION_IDN
LogInit:  CurlRequestOptions (configurable via config and command line):
LogInit:  - bVerifyPeer = true  - Libcurl will verify peer certificate
LogInit:  - bUseHttpProxy = false  - Libcurl will NOT use HTTP proxy
LogInit:  - bDontReuseConnections = false  - Libcurl will reuse connections
LogInit:  - MaxHostConnections = 16  - Libcurl will limit the number of connections to a host
LogInit:  - LocalHostAddr = Default
LogInit:  - BufferSize = 65536
LogInit: WinSock: version 1.1 (2.2), MaxSocks=32767, MaxUdp=65467
LogInit: Build: ++UE4+Release-4.22-CL-0
LogInit: Engine Version: 4.22.3-0+++UE4+Release-4.22
LogInit: Compatible Engine Version: 4.22.0-0+++UE4+Release-4.22
LogInit: Net CL: 0
LogInit: OS: Windows 10 (Release 1903) (), CPU: Intel(R) Core(TM) i7-8550U CPU @ 1.80GHz, GPU: Intel(R) UHD Graphics 620
LogInit: Compiled (64-bit): Sep  5 2019 18:24:51
LogInit: Compiled with Visual C++: 19.22.27905.00
LogInit: Build Configuration: Development
LogInit: Branch Name: ++UE4+Release-4.22
LogInit: Command Line: 
LogInit: Base Directory: C:/Users/tzipkin/Documents/g4g2019/Engine/Binaries/Win64/
LogInit: Installed Engine Build: 0
LogDevObjectVersion: Number of dev versions registered: 23
LogDevObjectVersion:   Dev-Blueprints (B0D832E4-1F89-4F0D-ACCF-7EB736FD4AA2): 10
LogDevObjectVersion:   Dev-Build (E1C64328-A22C-4D53-A36C-8E866417BD8C): 0
LogDevObjectVersion:   Dev-Core (375EC13C-06E4-48FB-B500-84F0262A717E): 3
LogDevObjectVersion:   Dev-Editor (E4B068ED-F494-42E9-A231-DA0B2E46BB41): 30
LogDevObjectVersion:   Dev-Framework (CFFC743F-43B0-4480-9391-14DF171D2073): 35
LogDevObjectVersion:   Dev-Mobile (B02B49B5-BB20-44E9-A304-32B752E40360): 2
LogDevObjectVersion:   Dev-Networking (A4E4105C-59A1-49B5-A7C5-40C4547EDFEE): 0
LogDevObjectVersion:   Dev-Online (39C831C9-5AE6-47DC-9A44-9C173E1C8E7C): 0
LogDevObjectVersion:   Dev-Physics (78F01B33-EBEA-4F98-B9B4-84EACCB95AA2): 0
LogDevObjectVersion:   Dev-Platform (6631380F-2D4D-43E0-8009-CF276956A95A): 0
LogDevObjectVersion:   Dev-Rendering (12F88B9F-8875-4AFC-A67C-D90C383ABD29): 28
LogDevObjectVersion:   Dev-Sequencer (7B5AE74C-D270-4C10-A958-57980B212A5A): 11
LogDevObjectVersion:   Dev-VR (D7296918-1DD6-4BDD-9DE2-64A83CC13884): 2
LogDevObjectVersion:   Dev-LoadTimes (C2A15278-BFE7-4AFE-6C17-90FF531DF755): 1
LogDevObjectVersion:   Private-Geometry (6EACA3D4-40EC-4CC1-B786-8BED09428FC5): 3
LogDevObjectVersion:   Dev-AnimPhys (29E575DD-E0A3-4627-9D10-D276232CDCEA): 17
LogDevObjectVersion:   Dev-Anim (AF43A65D-7FD3-4947-9873-3E8ED9C1BB05): 2
LogDevObjectVersion:   Dev-ReflectionCapture (6B266CEC-1EC7-4B8F-A30B-E4D90942FC07): 1
LogDevObjectVersion:   Dev-Automation (0DF73D61-A23F-47EA-B727-89E90C41499A): 1
LogDevObjectVersion:   FortniteMain (601D1886-AC64-4F84-AA16-D3DE0DEAC7D6): 25
LogDevObjectVersion:   Dev-Enterprise (9DFFBCD6-494F-0158-E221-12823C92A888): 6
LogDevObjectVersion:   Dev-Niagara (F2AED0AC-9AFE-416F-8664-AA7FFA26D6FC): 1
LogDevObjectVersion:   Dev-Destruction (174F1F0B-B4C6-45A5-B13F-2EE8D0FB917D): 2
LogInit: Presizing for max 16777216 objects, including 0 objects not considered by GC, pre-allocating 0 bytes for permanent pool.
LogInit: Object subsystem initialized
LogConfig: Setting CVar [[con.DebugEarlyDefault:1]]
LogConfig: Setting CVar [[r.setres:1280x720]]
[2019.11.11-15.22.00:810][  0]LogConfig: Setting CVar [[r.VSync:0]]
[2019.11.11-15.22.00:810][  0]LogConfig: Setting CVar [[r.RHICmdBypass:0]]
[2019.11.11-15.22.00:811][  0]LogConfig: Applying CVar settings from Section [/Script/Engine.RendererSettings] File [../../../Assn5_2/Saved/Config/Windows/Engine.ini]
[2019.11.11-15.22.00:811][  0]LogConfig: Setting CVar [[r.GPUCrashDebugging:0]]
[2019.11.11-15.22.00:811][  0]LogConfig: Setting CVar [[r.DefaultFeature.AutoExposure.ExtendDefaultLuminanceRange:1]]
[2019.11.11-15.22.00:812][  0]LogConfig: Applying CVar settings from Section [/Script/Engine.RendererOverrideSettings] File [../../../Assn5_2/Saved/Config/Windows/Engine.ini]
[2019.11.11-15.22.00:812][  0]LogConfig: Applying CVar settings from Section [/Script/Engine.StreamingSettings] File [../../../Assn5_2/Saved/Config/Windows/Engine.ini]
[2019.11.11-15.22.00:812][  0]LogConfig: Setting CVar [[s.MinBulkDataSizeForAsyncLoading:131072]]
[2019.11.11-15.22.00:813][  0]LogConfig: Setting CVar [[s.AsyncLoadingThreadEnabled:0]]
[2019.11.11-15.22.00:813][  0]LogConfig: Setting CVar [[s.EventDrivenLoaderEnabled:1]]
[2019.11.11-15.22.00:813][  0]LogConfig: Setting CVar [[s.WarnIfTimeLimitExceeded:0]]
[2019.11.11-15.22.00:814][  0]LogConfig: Setting CVar [[s.TimeLimitExceededMultiplier:1.5]]
[2019.11.11-15.22.00:814][  0]LogConfig: Setting CVar [[s.TimeLimitExceededMinTime:0.005]]
[2019.11.11-15.22.00:814][  0]LogConfig: Setting CVar [[s.UseBackgroundLevelStreaming:1]]
[2019.11.11-15.22.00:816][  0]LogConfig: Setting CVar [[s.PriorityAsyncLoadingExtraTime:15.0]]
[2019.11.11-15.22.00:816][  0]LogConfig: Setting CVar [[s.LevelStreamingActorsUpdateTimeLimit:5.0]]
[2019.11.11-15.22.00:816][  0]LogConfig: Setting CVar [[s.PriorityLevelStreamingActorsUpdateExtraTime:5.0]]
[2019.11.11-15.22.00:816][  0]LogConfig: Setting CVar [[s.LevelStreamingComponentsRegistrationGranularity:10]]
[2019.11.11-15.22.00:817][  0]LogConfig: Setting CVar [[s.UnregisterComponentsTimeLimit:1.0]]
[2019.11.11-15.22.00:817][  0]LogConfig: Setting CVar [[s.LevelStreamingComponentsUnregistrationGranularity:5]]
[2019.11.11-15.22.00:817][  0]LogConfig: Applying CVar settings from Section [/Script/Engine.GarbageCollectionSettings] File [../../../Assn5_2/Saved/Config/Windows/Engine.ini]
[2019.11.11-15.22.00:818][  0]LogConfig: Setting CVar [[gc.MaxObjectsNotConsideredByGC:1]]
[2019.11.11-15.22.00:818][  0]LogConfig: Setting CVar [[gc.SizeOfPermanentObjectPool:0]]
[2019.11.11-15.22.00:818][  0]LogConfig: Setting CVar [[gc.FlushStreamingOnGC:0]]
[2019.11.11-15.22.00:819][  0]LogConfig: Setting CVar [[gc.NumRetriesBeforeForcingGC:10]]
[2019.11.11-15.22.00:819][  0]LogConfig: Setting CVar [[gc.AllowParallelGC:1]]
[2019.11.11-15.22.00:819][  0]LogConfig: Setting CVar [[gc.TimeBetweenPurgingPendingKillObjects:61.1]]
[2019.11.11-15.22.00:820][  0]LogConfig: Setting CVar [[gc.MaxObjectsInEditor:16777216]]
[2019.11.11-15.22.00:820][  0]LogConfig: Setting CVar [[gc.IncrementalBeginDestroyEnabled:1]]
[2019.11.11-15.22.00:821][  0]LogConfig: Setting CVar [[gc.CreateGCClusters:1]]
[2019.11.11-15.22.00:821][  0]LogConfig: Setting CVar [[gc.MinGCClusterSize:5]]
[2019.11.11-15.22.00:821][  0]LogConfig: Setting CVar [[gc.ActorClusteringEnabled:0]]
[2019.11.11-15.22.00:821][  0]LogConfig: Setting CVar [[gc.BlueprintClusteringEnabled:0]]
[2019.11.11-15.22.00:821][  0]LogConfig: Setting CVar [[gc.UseDisregardForGCOnDedicatedServers:0]]
[2019.11.11-15.22.00:821][  0]LogConfig: Applying CVar settings from Section [/Script/Engine.NetworkSettings] File [../../../Assn5_2/Saved/Config/Windows/Engine.ini]
[2019.11.11-15.22.00:822][  0]LogConfig: Applying CVar settings from Section [/Script/UnrealEd.CookerSettings] File [../../../Assn5_2/Saved/Config/Windows/Engine.ini]
[2019.11.11-15.22.00:875][  0]LogConfig: Applying CVar settings from Section [ViewDistanceQuality@3] File [../../../Assn5_2/Saved/Config/Windows/Scalability.ini]
[2019.11.11-15.22.00:875][  0]LogConfig: Setting CVar [[r.SkeletalMeshLODBias:0]]
[2019.11.11-15.22.00:875][  0]LogConfig: Setting CVar [[r.ViewDistanceScale:1.0]]
[2019.11.11-15.22.00:875][  0]LogConfig: Applying CVar settings from Section [AntiAliasingQuality@3] File [../../../Assn5_2/Saved/Config/Windows/Scalability.ini]
[2019.11.11-15.22.00:875][  0]LogConfig: Setting CVar [[r.PostProcessAAQuality:4]]
[2019.11.11-15.22.00:875][  0]LogConfig: Applying CVar settings from Section [ShadowQuality@3] File [../../../Assn5_2/Saved/Config/Windows/Scalability.ini]
[2019.11.11-15.22.00:875][  0]LogConfig: Setting CVar [[r.LightFunctionQuality:1]]
[2019.11.11-15.22.00:875][  0]LogConfig: Setting CVar [[r.ShadowQuality:5]]
[2019.11.11-15.22.00:875][  0]LogConfig: Setting CVar [[r.Shadow.CSM.MaxCascades:10]]
[2019.11.11-15.22.00:875][  0]LogConfig: Setting CVar [[r.Shadow.MaxResolution:2048]]
[2019.11.11-15.22.00:880][  0]LogConfig: Setting CVar [[r.Shadow.MaxCSMResolution:2048]]
[2019.11.11-15.22.00:880][  0]LogConfig: Setting CVar [[r.Shadow.RadiusThreshold:0.01]]
[2019.11.11-15.22.00:880][  0]LogConfig: Setting CVar [[r.Shadow.DistanceScale:1.0]]
[2019.11.11-15.22.00:880][  0]LogConfig: Setting CVar [[r.Shadow.CSM.TransitionScale:1.0]]
[2019.11.11-15.22.00:881][  0]LogConfig: Setting CVar [[r.Shadow.PreShadowResolutionFactor:1.0]]
[2019.11.11-15.22.00:881][  0]LogConfig: Setting CVar [[r.DistanceFieldShadowing:1]]
[2019.11.11-15.22.00:881][  0]LogConfig: Setting CVar [[r.DistanceFieldAO:1]]
[2019.11.11-15.22.00:881][  0]LogConfig: Setting CVar [[r.AOQuality:2]]
[2019.11.11-15.22.00:882][  0]LogConfig: Setting CVar [[r.VolumetricFog:1]]
[2019.11.11-15.22.00:882][  0]LogConfig: Setting CVar [[r.VolumetricFog.GridPixelSize:8]]
[2019.11.11-15.22.00:882][  0]LogConfig: Setting CVar [[r.VolumetricFog.GridSizeZ:128]]
[2019.11.11-15.22.00:883][  0]LogConfig: Setting CVar [[r.VolumetricFog.HistoryMissSupersampleCount:4]]
[2019.11.11-15.22.00:883][  0]LogConfig: Setting CVar [[r.LightMaxDrawDistanceScale:1]]
[2019.11.11-15.22.00:883][  0]LogConfig: Setting CVar [[r.CapsuleShadows:1]]
[2019.11.11-15.22.00:884][  0]LogConfig: Applying CVar settings from Section [PostProcessQuality@3] File [../../../Assn5_2/Saved/Config/Windows/Scalability.ini]
[2019.11.11-15.22.00:884][  0]LogConfig: Setting CVar [[r.MotionBlurQuality:4]]
[2019.11.11-15.22.00:884][  0]LogConfig: Setting CVar [[r.AmbientOcclusionMipLevelFactor:0.4]]
[2019.11.11-15.22.00:885][  0]LogConfig: Setting CVar [[r.AmbientOcclusionMaxQuality:100]]
[2019.11.11-15.22.00:885][  0]LogConfig: Setting CVar [[r.AmbientOcclusionLevels:-1]]
[2019.11.11-15.22.00:885][  0]LogConfig: Setting CVar [[r.AmbientOcclusionRadiusScale:1.0]]
[2019.11.11-15.22.00:886][  0]LogConfig: Setting CVar [[r.DepthOfFieldQuality:2]]
[2019.11.11-15.22.00:886][  0]LogConfig: Setting CVar [[r.RenderTargetPoolMin:400]]
[2019.11.11-15.22.00:886][  0]LogConfig: Setting CVar [[r.LensFlareQuality:2]]
[2019.11.11-15.22.00:887][  0]LogConfig: Setting CVar [[r.SceneColorFringeQuality:1]]
[2019.11.11-15.22.00:887][  0]LogConfig: Setting CVar [[r.EyeAdaptationQuality:2]]
[2019.11.11-15.22.00:887][  0]LogConfig: Setting CVar [[r.BloomQuality:5]]
[2019.11.11-15.22.00:888][  0]LogConfig: Setting CVar [[r.FastBlurThreshold:100]]
[2019.11.11-15.22.00:888][  0]LogConfig: Setting CVar [[r.Upscale.Quality:3]]
[2019.11.11-15.22.00:888][  0]LogConfig: Setting CVar [[r.Tonemapper.GrainQuantization:1]]
[2019.11.11-15.22.00:889][  0]LogConfig: Setting CVar [[r.LightShaftQuality:1]]
[2019.11.11-15.22.00:889][  0]LogConfig: Setting CVar [[r.Filter.SizeScale:1]]
[2019.11.11-15.22.00:890][  0]LogConfig: Setting CVar [[r.Tonemapper.Quality:5]]
[2019.11.11-15.22.00:890][  0]LogConfig: Setting CVar [[r.DOF.Gather.AccumulatorQuality:1        ; higher gathering accumulator quality]]
[2019.11.11-15.22.00:890][  0]LogConfig: Setting CVar [[r.DOF.Gather.PostfilterMethod:1          ; Median3x3 postfilering method]]
[2019.11.11-15.22.00:890][  0]LogConfig: Setting CVar [[r.DOF.Gather.EnableBokehSettings:0       ; no bokeh simulation when gathering]]
[2019.11.11-15.22.00:890][  0]LogConfig: Setting CVar [[r.DOF.Gather.RingCount:4                 ; medium number of samples when gathering]]
[2019.11.11-15.22.00:891][  0]LogConfig: Setting CVar [[r.DOF.Scatter.ForegroundCompositing:1    ; additive foreground scattering]]
[2019.11.11-15.22.00:892][  0]LogConfig: Setting CVar [[r.DOF.Scatter.BackgroundCompositing:2    ; additive background scattering]]
[2019.11.11-15.22.00:893][  0]LogConfig: Setting CVar [[r.DOF.Scatter.EnableBokehSettings:1      ; bokeh simulation when scattering]]
[2019.11.11-15.22.00:893][  0]LogConfig: Setting CVar [[r.DOF.Scatter.MaxSpriteRatio:0.1         ; only a maximum of 10% of scattered bokeh]]
[2019.11.11-15.22.00:893][  0]LogConfig: Setting CVar [[r.DOF.Recombine.Quality:1                ; cheap slight out of focus]]
[2019.11.11-15.22.00:895][  0]LogConfig: Setting CVar [[r.DOF.Recombine.EnableBokehSettings:0    ; no bokeh simulation on slight out of focus]]
[2019.11.11-15.22.00:895][  0]LogConfig: Setting CVar [[r.DOF.TemporalAAQuality:1                ; more stable temporal accumulation]]
[2019.11.11-15.22.00:896][  0]LogConfig: Setting CVar [[r.DOF.Kernel.MaxForegroundRadius:0.025]]
[2019.11.11-15.22.00:896][  0]LogConfig: Setting CVar [[r.DOF.Kernel.MaxBackgroundRadius:0.025]]
[2019.11.11-15.22.00:896][  0]LogConfig: Applying CVar settings from Section [TextureQuality@3] File [../../../Assn5_2/Saved/Config/Windows/Scalability.ini]
[2019.11.11-15.22.00:897][  0]LogConfig: Setting CVar [[r.Streaming.MipBias:0]]
[2019.11.11-15.22.00:897][  0]LogConfig: Setting CVar [[r.Streaming.AmortizeCPUToGPUCopy:0]]
[2019.11.11-15.22.00:897][  0]LogConfig: Setting CVar [[r.Streaming.MaxNumTexturesToStreamPerFrame:0]]
[2019.11.11-15.22.00:897][  0]LogConfig: Setting CVar [[r.Streaming.Boost:1]]
[2019.11.11-15.22.00:898][  0]LogConfig: Setting CVar [[r.MaxAnisotropy:8]]
[2019.11.11-15.22.00:898][  0]LogConfig: Setting CVar [[r.Streaming.LimitPoolSizeToVRAM:0]]
[2019.11.11-15.22.00:898][  0]LogConfig: Setting CVar [[r.Streaming.PoolSize:1000]]
[2019.11.11-15.22.00:899][  0]LogConfig: Setting CVar [[r.Streaming.MaxEffectiveScreenSize:0]]
[2019.11.11-15.22.00:899][  0]LogConfig: Applying CVar settings from Section [EffectsQuality@3] File [../../../Assn5_2/Saved/Config/Windows/Scalability.ini]
[2019.11.11-15.22.00:900][  0]LogConfig: Setting CVar [[r.TranslucencyLightingVolumeDim:64]]
[2019.11.11-15.22.00:900][  0]LogConfig: Setting CVar [[r.RefractionQuality:2]]
[2019.11.11-15.22.00:900][  0]LogConfig: Setting CVar [[r.SSR.Quality:3]]
[2019.11.11-15.22.00:901][  0]LogConfig: Setting CVar [[r.SceneColorFormat:4]]
[2019.11.11-15.22.00:901][  0]LogConfig: Setting CVar [[r.DetailMode:2]]
[2019.11.11-15.22.00:901][  0]LogConfig: Setting CVar [[r.TranslucencyVolumeBlur:1]]
[2019.11.11-15.22.00:902][  0]LogConfig: Setting CVar [[r.MaterialQualityLevel:1 ; High quality]]
[2019.11.11-15.22.00:902][  0]LogConfig: Setting CVar [[r.SSS.Scale:1]]
[2019.11.11-15.22.00:902][  0]LogConfig: Setting CVar [[r.SSS.SampleSet:2]]
[2019.11.11-15.22.00:903][  0]LogConfig: Setting CVar [[r.SSS.Quality:1]]
[2019.11.11-15.22.00:903][  0]LogConfig: Setting CVar [[r.SSS.HalfRes:1]]
[2019.11.11-15.22.00:903][  0]LogConfig: Setting CVar [[r.EmitterSpawnRateScale:1.0]]
[2019.11.11-15.22.00:904][  0]LogConfig: Setting CVar [[r.ParticleLightQuality:2]]
[2019.11.11-15.22.00:904][  0]LogConfig: Applying CVar settings from Section [FoliageQuality@3] File [../../../Assn5_2/Saved/Config/Windows/Scalability.ini]
[2019.11.11-15.22.00:904][  0]LogConfig: Setting CVar [[foliage.DensityScale:1.0]]
[2019.11.11-15.22.00:905][  0]LogConfig: Setting CVar [[grass.DensityScale:1.0]]
[2019.11.11-15.22.00:907][  0]LogInit: Selected Device Profile: [Windows]
[2019.11.11-15.22.00:907][  0]LogInit: Applying CVar settings loaded from the selected device profile: [Windows]
[2019.11.11-15.22.00:954][  0]LogHAL: Display: Platform has ~ 16 GB [17056698368 / 17179869184 / 16], which maps to Larger [LargestMinGB=32, LargerMinGB=12, DefaultMinGB=8, SmallerMinGB=6, SmallestMinGB=0)
[2019.11.11-15.22.00:955][  0]LogConfig: Setting CVar [[r.Vulkan.UseRealUBs:0		; Required until we fix HLR fall-out]]
[2019.11.11-15.22.00:955][  0]LogInit: Going up to parent DeviceProfile []
[2019.11.11-15.22.00:956][  0]LogConfig: Applying CVar settings from Section [ViewDistanceQuality@3] File [../../../Assn5_2/Saved/Config/Windows/Scalability.ini]
[2019.11.11-15.22.00:956][  0]LogConfig: Setting CVar [[r.SkeletalMeshLODBias:0]]
[2019.11.11-15.22.00:957][  0]LogConfig: Setting CVar [[r.ViewDistanceScale:1.0]]
[2019.11.11-15.22.00:957][  0]LogConfig: Applying CVar settings from Section [AntiAliasingQuality@3] File [../../../Assn5_2/Saved/Config/Windows/Scalability.ini]
[2019.11.11-15.22.00:957][  0]LogConfig: Setting CVar [[r.PostProcessAAQuality:4]]
[2019.11.11-15.22.00:958][  0]LogConfig: Applying CVar settings from Section [ShadowQuality@3] File [../../../Assn5_2/Saved/Config/Windows/Scalability.ini]
[2019.11.11-15.22.00:958][  0]LogConfig: Setting CVar [[r.LightFunctionQuality:1]]
[2019.11.11-15.22.00:958][  0]LogConfig: Setting CVar [[r.ShadowQuality:5]]
[2019.11.11-15.22.00:959][  0]LogConfig: Setting CVar [[r.Shadow.CSM.MaxCascades:10]]
[2019.11.11-15.22.00:959][  0]LogConfig: Setting CVar [[r.Shadow.MaxResolution:2048]]
[2019.11.11-15.22.00:960][  0]LogConfig: Setting CVar [[r.Shadow.MaxCSMResolution:2048]]
[2019.11.11-15.22.00:960][  0]LogConfig: Setting CVar [[r.Shadow.RadiusThreshold:0.01]]
[2019.11.11-15.22.00:960][  0]LogConfig: Setting CVar [[r.Shadow.DistanceScale:1.0]]
[2019.11.11-15.22.00:961][  0]LogConfig: Setting CVar [[r.Shadow.CSM.TransitionScale:1.0]]
[2019.11.11-15.22.00:961][  0]LogConfig: Setting CVar [[r.Shadow.PreShadowResolutionFactor:1.0]]
[2019.11.11-15.22.00:961][  0]LogConfig: Setting CVar [[r.DistanceFieldShadowing:1]]
[2019.11.11-15.22.00:962][  0]LogConfig: Setting CVar [[r.DistanceFieldAO:1]]
[2019.11.11-15.22.00:962][  0]LogConfig: Setting CVar [[r.AOQuality:2]]
[2019.11.11-15.22.00:962][  0]LogConfig: Setting CVar [[r.VolumetricFog:1]]
[2019.11.11-15.22.00:962][  0]LogConfig: Setting CVar [[r.VolumetricFog.GridPixelSize:8]]
[2019.11.11-15.22.00:963][  0]LogConfig: Setting CVar [[r.VolumetricFog.GridSizeZ:128]]
[2019.11.11-15.22.00:963][  0]LogConfig: Setting CVar [[r.VolumetricFog.HistoryMissSupersampleCount:4]]
[2019.11.11-15.22.00:963][  0]LogConfig: Setting CVar [[r.LightMaxDrawDistanceScale:1]]
[2019.11.11-15.22.00:964][  0]LogConfig: Setting CVar [[r.CapsuleShadows:1]]
[2019.11.11-15.22.00:964][  0]LogConfig: Applying CVar settings from Section [PostProcessQuality@3] File [../../../Assn5_2/Saved/Config/Windows/Scalability.ini]
[2019.11.11-15.22.00:964][  0]LogConfig: Setting CVar [[r.MotionBlurQuality:4]]
[2019.11.11-15.22.00:965][  0]LogConfig: Setting CVar [[r.AmbientOcclusionMipLevelFactor:0.4]]
[2019.11.11-15.22.00:966][  0]LogConfig: Setting CVar [[r.AmbientOcclusionMaxQuality:100]]
[2019.11.11-15.22.00:966][  0]LogConfig: Setting CVar [[r.AmbientOcclusionLevels:-1]]
[2019.11.11-15.22.00:967][  0]LogConfig: Setting CVar [[r.AmbientOcclusionRadiusScale:1.0]]
[2019.11.11-15.22.00:967][  0]LogConfig: Setting CVar [[r.DepthOfFieldQuality:2]]
[2019.11.11-15.22.00:967][  0]LogConfig: Setting CVar [[r.RenderTargetPoolMin:400]]
[2019.11.11-15.22.00:968][  0]LogConfig: Setting CVar [[r.LensFlareQuality:2]]
[2019.11.11-15.22.00:968][  0]LogConfig: Setting CVar [[r.SceneColorFringeQuality:1]]
[2019.11.11-15.22.00:968][  0]LogConfig: Setting CVar [[r.EyeAdaptationQuality:2]]
[2019.11.11-15.22.00:968][  0]LogConfig: Setting CVar [[r.BloomQuality:5]]
[2019.11.11-15.22.00:969][  0]LogConfig: Setting CVar [[r.FastBlurThreshold:100]]
[2019.11.11-15.22.00:969][  0]LogConfig: Setting CVar [[r.Upscale.Quality:3]]
[2019.11.11-15.22.00:969][  0]LogConfig: Setting CVar [[r.Tonemapper.GrainQuantization:1]]
[2019.11.11-15.22.00:970][  0]LogConfig: Setting CVar [[r.LightShaftQuality:1]]
[2019.11.11-15.22.00:970][  0]LogConfig: Setting CVar [[r.Filter.SizeScale:1]]
[2019.11.11-15.22.00:970][  0]LogConfig: Setting CVar [[r.Tonemapper.Quality:5]]
[2019.11.11-15.22.00:971][  0]LogConfig: Setting CVar [[r.DOF.Gather.AccumulatorQuality:1        ; higher gathering accumulator quality]]
[2019.11.11-15.22.00:971][  0]LogConfig: Setting CVar [[r.DOF.Gather.PostfilterMethod:1          ; Median3x3 postfilering method]]
[2019.11.11-15.22.00:971][  0]LogConfig: Setting CVar [[r.DOF.Gather.EnableBokehSettings:0       ; no bokeh simulation when gathering]]
[2019.11.11-15.22.00:971][  0]LogConfig: Setting CVar [[r.DOF.Gather.RingCount:4                 ; medium number of samples when gathering]]
[2019.11.11-15.22.00:972][  0]LogConfig: Setting CVar [[r.DOF.Scatter.ForegroundCompositing:1    ; additive foreground scattering]]
[2019.11.11-15.22.00:972][  0]LogConfig: Setting CVar [[r.DOF.Scatter.BackgroundCompositing:2    ; additive background scattering]]
[2019.11.11-15.22.00:972][  0]LogConfig: Setting CVar [[r.DOF.Scatter.EnableBokehSettings:1      ; bokeh simulation when scattering]]
[2019.11.11-15.22.00:973][  0]LogConfig: Setting CVar [[r.DOF.Scatter.MaxSpriteRatio:0.1         ; only a maximum of 10% of scattered bokeh]]
[2019.11.11-15.22.00:973][  0]LogConfig: Setting CVar [[r.DOF.Recombine.Quality:1                ; cheap slight out of focus]]
[2019.11.11-15.22.00:973][  0]LogConfig: Setting CVar [[r.DOF.Recombine.EnableBokehSettings:0    ; no bokeh simulation on slight out of focus]]
[2019.11.11-15.22.00:974][  0]LogConfig: Setting CVar [[r.DOF.TemporalAAQuality:1                ; more stable temporal accumulation]]
[2019.11.11-15.22.00:974][  0]LogConfig: Setting CVar [[r.DOF.Kernel.MaxForegroundRadius:0.025]]
[2019.11.11-15.22.00:974][  0]LogConfig: Setting CVar [[r.DOF.Kernel.MaxBackgroundRadius:0.025]]
[2019.11.11-15.22.00:975][  0]LogConfig: Applying CVar settings from Section [TextureQuality@3] File [../../../Assn5_2/Saved/Config/Windows/Scalability.ini]
[2019.11.11-15.22.00:975][  0]LogConfig: Setting CVar [[r.Streaming.MipBias:0]]
[2019.11.11-15.22.00:975][  0]LogConfig: Setting CVar [[r.Streaming.AmortizeCPUToGPUCopy:0]]
[2019.11.11-15.22.00:976][  0]LogConfig: Setting CVar [[r.Streaming.MaxNumTexturesToStreamPerFrame:0]]
[2019.11.11-15.22.00:976][  0]LogConfig: Setting CVar [[r.Streaming.Boost:1]]
[2019.11.11-15.22.00:976][  0]LogConfig: Setting CVar [[r.MaxAnisotropy:8]]
[2019.11.11-15.22.00:977][  0]LogConfig: Setting CVar [[r.Streaming.LimitPoolSizeToVRAM:0]]
[2019.11.11-15.22.00:977][  0]LogConfig: Setting CVar [[r.Streaming.PoolSize:1000]]
[2019.11.11-15.22.00:977][  0]LogConfig: Setting CVar [[r.Streaming.MaxEffectiveScreenSize:0]]
[2019.11.11-15.22.00:977][  0]LogConfig: Applying CVar settings from Section [EffectsQuality@3] File [../../../Assn5_2/Saved/Config/Windows/Scalability.ini]
[2019.11.11-15.22.00:978][  0]LogConfig: Setting CVar [[r.TranslucencyLightingVolumeDim:64]]
[2019.11.11-15.22.00:978][  0]LogConfig: Setting CVar [[r.RefractionQuality:2]]
[2019.11.11-15.22.00:978][  0]LogConfig: Setting CVar [[r.SSR.Quality:3]]
[2019.11.11-15.22.00:979][  0]LogConfig: Setting CVar [[r.SceneColorFormat:4]]
[2019.11.11-15.22.00:979][  0]LogConfig: Setting CVar [[r.DetailMode:2]]
[2019.11.11-15.22.00:979][  0]LogConfig: Setting CVar [[r.TranslucencyVolumeBlur:1]]
[2019.11.11-15.22.00:980][  0]LogConfig: Setting CVar [[r.MaterialQualityLevel:1 ; High quality]]
[2019.11.11-15.22.00:980][  0]LogConfig: Setting CVar [[r.SSS.Scale:1]]
[2019.11.11-15.22.00:981][  0]LogConfig: Setting CVar [[r.SSS.SampleSet:2]]
[2019.11.11-15.22.00:981][  0]LogConfig: Setting CVar [[r.SSS.Quality:1]]
[2019.11.11-15.22.00:981][  0]LogConfig: Setting CVar [[r.SSS.HalfRes:1]]
[2019.11.11-15.22.00:982][  0]LogConfig: Setting CVar [[r.EmitterSpawnRateScale:1.0]]
[2019.11.11-15.22.00:982][  0]LogConfig: Setting CVar [[r.ParticleLightQuality:2]]
[2019.11.11-15.22.00:982][  0]LogConfig: Applying CVar settings from Section [FoliageQuality@3] File [../../../Assn5_2/Saved/Config/Windows/Scalability.ini]
[2019.11.11-15.22.00:983][  0]LogConfig: Setting CVar [[foliage.DensityScale:1.0]]
[2019.11.11-15.22.00:983][  0]LogConfig: Setting CVar [[grass.DensityScale:1.0]]
[2019.11.11-15.22.00:983][  0]LogConfig: Applying CVar settings from Section [Startup] File [../../../Engine/Config/ConsoleVariables.ini]
[2019.11.11-15.22.00:985][  0]LogConfig: Setting CVar [[net.UseAdaptiveNetUpdateFrequency:0]]
[2019.11.11-15.22.00:986][  0]LogConfig: Setting CVar [[p.chaos.AllowCreatePhysxBodies:1]]
[2019.11.11-15.22.00:986][  0]LogConfig: Applying CVar settings from Section [ConsoleVariables] File [../../../Assn5_2/Saved/Config/Windows/Engine.ini]
[2019.11.11-15.22.00:988][  0]LogInit: Computer: DESKTOP-MG86K4A
[2019.11.11-15.22.00:988][  0]LogInit: User: tzipkin
[2019.11.11-15.22.00:988][  0]LogInit: CPU Page size=4096, Cores=4
[2019.11.11-15.22.00:988][  0]LogInit: High frequency timer resolution =10.000000 MHz
[2019.11.11-15.22.00:990][  0]LogMemory: Memory total: Physical=15.9GB (16GB approx)
[2019.11.11-15.22.00:991][  0]LogMemory: Platform Memory Stats for Windows
[2019.11.11-15.22.00:991][  0]LogMemory: Process Physical Memory: 95.75 MB used, 95.75 MB peak
[2019.11.11-15.22.00:991][  0]LogMemory: Process Virtual Memory: 90.97 MB used, 90.97 MB peak
[2019.11.11-15.22.00:992][  0]LogMemory: Physical Memory: 7066.35 MB used,  9200.18 MB free, 16266.54 MB total
[2019.11.11-15.22.00:992][  0]LogMemory: Virtual Memory: 4624.36 MB used,  134213104.00 MB free, 134217728.00 MB total
[2019.11.11-15.22.01:633][  0]LogInit: Using OS detected language (en-US).
[2019.11.11-15.22.01:633][  0]LogInit: Using OS detected locale (en-US).
[2019.11.11-15.22.01:637][  0]LogTextLocalizationManager: No specific localization for 'en-US' exists, so the 'en' localization will be used.
[2019.11.11-15.22.02:363][  0]LogInit: Setting process to per monitor DPI aware
[2019.11.11-15.22.02:497][  0]LogSlate: New Slate User Created.  User Index 0, Is Virtual User: 0
[2019.11.11-15.22.02:497][  0]LogSlate: Slate User Registered.  User Index 0, Is Virtual User: 0
[2019.11.11-15.22.03:657][  0]LogHMD: Failed to initialize OpenVR with code 110
[2019.11.11-15.22.03:658][  0]LogD3D11RHI: D3D11 adapters:
[2019.11.11-15.22.03:718][  0]LogD3D11RHI:    0. 'Intel(R) UHD Graphics 620' (Feature Level 11_0)
[2019.11.11-15.22.03:718][  0]LogD3D11RHI:       128/0/8133 MB DedicatedVideo/DedicatedSystem/SharedSystem, Outputs:1, VendorId:0x8086
[2019.11.11-15.22.04:758][  0]LogD3D11RHI:    1. 'NVIDIA GeForce MX150' (Feature Level 11_0)
[2019.11.11-15.22.04:758][  0]LogD3D11RHI:       1983/0/8133 MB DedicatedVideo/DedicatedSystem/SharedSystem, Outputs:0, VendorId:0x10de
[2019.11.11-15.22.04:785][  0]LogD3D11RHI:    2. 'Microsoft Basic Render Driver' (Feature Level 11_0)
[2019.11.11-15.22.04:786][  0]LogD3D11RHI:       0/0/8133 MB DedicatedVideo/DedicatedSystem/SharedSystem, Outputs:0, VendorId:0x1414
[2019.11.11-15.22.04:786][  0]LogD3D11RHI: Chosen D3D11 Adapter: 1
[2019.11.11-15.22.04:810][  0]LogD3D11RHI: Creating new Direct3DDevice
[2019.11.11-15.22.04:810][  0]LogD3D11RHI:     GPU DeviceId: 0x1d10 (for the marketing name, search the web for "GPU Device Id")
[2019.11.11-15.22.04:810][  0]LogWindows: EnumDisplayDevices:
[2019.11.11-15.22.04:811][  0]LogWindows:    0. 'Intel(R) UHD Graphics 620' (P:1 D:1)
[2019.11.11-15.22.04:812][  0]LogWindows:    1. 'Intel(R) UHD Graphics 620' (P:0 D:0)
[2019.11.11-15.22.04:813][  0]LogWindows:    2. 'Intel(R) UHD Graphics 620' (P:0 D:0)
[2019.11.11-15.22.04:813][  0]LogWindows: DebugString: PrimaryIsNotTheChoosenAdapter PrimaryIsNotTheChoosenAdapter PrimaryIsNotTheChoosenAdapter FoundDriverCount:0 
[2019.11.11-15.22.04:813][  0]LogD3D11RHI:     Adapter Name: NVIDIA GeForce MX150
[2019.11.11-15.22.04:814][  0]LogD3D11RHI:   Driver Version: Unknown (internal:Unknown, unified:Unknown)
[2019.11.11-15.22.04:814][  0]LogD3D11RHI:      Driver Date: Unknown
[2019.11.11-15.22.04:814][  0]LogRHI: Texture pool is 1388 MB (70% of 1983 MB)
[2019.11.11-15.22.04:913][  0]LogD3D11RHI: Async texture creation enabled
[2019.11.11-15.22.04:930][  0]LogRendererCore: FGlobalReadBuffer::InitRHI
[2019.11.11-15.22.04:931][  0]LogRendererCore: FGlobalReadBuffer::InitRHI
[2019.11.11-15.22.04:931][  0]LogRendererCore: FGlobalReadBuffer::InitRHI
[2019.11.11-15.22.04:950][  0]LogD3D11RHI: GPU Timing Frequency: 1000.000000 (Debug: 2 2)
[2019.11.11-15.22.05:705][  0]LogTemp: Display: Module 'AllDesktopTargetPlatform' loaded TargetPlatform 'AllDesktop'
[2019.11.11-15.22.05:809][  0]LogTemp: Display: Module 'MacClientTargetPlatform' loaded TargetPlatform 'MacClient'
[2019.11.11-15.22.05:921][  0]LogTemp: Display: Module 'MacNoEditorTargetPlatform' loaded TargetPlatform 'MacNoEditor'
[2019.11.11-15.22.06:025][  0]LogTemp: Display: Module 'MacServerTargetPlatform' loaded TargetPlatform 'MacServer'
[2019.11.11-15.22.06:142][  0]LogTemp: Display: Module 'MacTargetPlatform' loaded TargetPlatform 'Mac'
[2019.11.11-15.22.06:243][  0]LogTemp: Display: Module 'WindowsClientTargetPlatform' loaded TargetPlatform 'WindowsClient'
[2019.11.11-15.22.06:350][  0]LogTemp: Display: Module 'WindowsNoEditorTargetPlatform' loaded TargetPlatform 'WindowsNoEditor'
[2019.11.11-15.22.06:450][  0]LogTemp: Display: Module 'WindowsServerTargetPlatform' loaded TargetPlatform 'WindowsServer'
[2019.11.11-15.22.06:544][  0]LogTemp: Display: Module 'WindowsTargetPlatform' loaded TargetPlatform 'Windows'
[2019.11.11-15.22.06:845][  0]LogTemp: Display: Module 'AndroidTargetPlatform' loaded TargetPlatform 'Android'
[2019.11.11-15.22.06:846][  0]LogTemp: Display: Module 'AndroidTargetPlatform' loaded TargetPlatform 'Android_ASTC'
[2019.11.11-15.22.06:846][  0]LogTemp: Display: Module 'AndroidTargetPlatform' loaded TargetPlatform 'Android_ATC'
[2019.11.11-15.22.06:847][  0]LogTemp: Display: Module 'AndroidTargetPlatform' loaded TargetPlatform 'Android_DXT'
[2019.11.11-15.22.06:847][  0]LogTemp: Display: Module 'AndroidTargetPlatform' loaded TargetPlatform 'Android_ETC1'
[2019.11.11-15.22.06:847][  0]LogTemp: Display: Module 'AndroidTargetPlatform' loaded TargetPlatform 'Android_ETC1a'
[2019.11.11-15.22.06:848][  0]LogTemp: Display: Module 'AndroidTargetPlatform' loaded TargetPlatform 'Android_ETC2'
[2019.11.11-15.22.06:848][  0]LogTemp: Display: Module 'AndroidTargetPlatform' loaded TargetPlatform 'Android_PVRTC'
[2019.11.11-15.22.06:848][  0]LogTemp: Display: Module 'AndroidTargetPlatform' loaded TargetPlatform 'AndroidClient'
[2019.11.11-15.22.06:849][  0]LogTemp: Display: Module 'AndroidTargetPlatform' loaded TargetPlatform 'Android_ASTCClient'
[2019.11.11-15.22.06:849][  0]LogTemp: Display: Module 'AndroidTargetPlatform' loaded TargetPlatform 'Android_ATCClient'
[2019.11.11-15.22.06:849][  0]LogTemp: Display: Module 'AndroidTargetPlatform' loaded TargetPlatform 'Android_DXTClient'
[2019.11.11-15.22.06:849][  0]LogTemp: Display: Module 'AndroidTargetPlatform' loaded TargetPlatform 'Android_ETC1Client'
[2019.11.11-15.22.06:850][  0]LogTemp: Display: Module 'AndroidTargetPlatform' loaded TargetPlatform 'Android_ETC1aClient'
[2019.11.11-15.22.06:850][  0]LogTemp: Display: Module 'AndroidTargetPlatform' loaded TargetPlatform 'Android_ETC2Client'
[2019.11.11-15.22.06:851][  0]LogTemp: Display: Module 'AndroidTargetPlatform' loaded TargetPlatform 'Android_PVRTCClient'
[2019.11.11-15.22.06:851][  0]LogTemp: Display: Module 'AndroidTargetPlatform' loaded TargetPlatform 'Android_Multi'
[2019.11.11-15.22.06:851][  0]LogTemp: Display: Module 'AndroidTargetPlatform' loaded TargetPlatform 'Android_MultiClient'
[2019.11.11-15.22.06:944][  0]LogTemp: Display: Module 'HTML5TargetPlatform' loaded TargetPlatform 'HTML5'
[2019.11.11-15.22.07:213][  0]LogTemp: Display: Module 'IOSTargetPlatform' loaded TargetPlatform 'IOSClient'
[2019.11.11-15.22.07:213][  0]LogTemp: Display: Module 'IOSTargetPlatform' loaded TargetPlatform 'IOS'
[2019.11.11-15.22.07:366][  0]LogTemp: Display: Module 'TVOSTargetPlatform' loaded TargetPlatform 'TVOSClient'
[2019.11.11-15.22.07:366][  0]LogTemp: Display: Module 'TVOSTargetPlatform' loaded TargetPlatform 'TVOS'
[2019.11.11-15.22.07:474][  0]LogTemp: Display: Module 'LuminTargetPlatform' loaded TargetPlatform 'Lumin'
[2019.11.11-15.22.07:474][  0]LogTemp: Display: Module 'LuminTargetPlatform' loaded TargetPlatform 'LuminClient'
[2019.11.11-15.22.07:474][  0]LogTargetPlatformManager: Display: Building Assets For Windows
[2019.11.11-15.22.07:595][  0]LogAudioDebug: Display: Lib vorbis DLL was dynamically loaded.
[2019.11.11-15.22.08:420][  0]LogShaderCompilers: Guid format shader working directory is 32 characters bigger than the processId version (../../../Assn5_2/Intermediate/Shaders/WorkingDirectory/9496/).
[2019.11.11-15.22.08:421][  0]LogShaderCompilers: Cleaned the shader compiler working directory 'C:/Users/tzipkin/AppData/Local/Temp/UnrealShaderWorkingDir/997CBFE44FEF2A239690F189440AC14C/'.
[2019.11.11-15.22.08:437][  0]LogXGEController: Cleaning working directory: C:/Users/tzipkin/AppData/Local/Temp/UnrealXGEWorkingDir/
[2019.11.11-15.22.08:438][  0]LogXGEController: Cannot use XGE Controller as Incredibuild is not installed on this machine.
[2019.11.11-15.22.08:438][  0]LogShaderCompilers: Cannot use XGE Shader Compiler as Incredibuild is not installed on this machine.
[2019.11.11-15.22.08:439][  0]LogShaderCompilers: Display: Using Local Shader Compiler.
[2019.11.11-15.22.08:470][  0]LogShaders: InitializeShaderTypes() begin
[2019.11.11-15.22.08:471][  0]LogShaders: Shader directory mapping /Engine -> ../../../Engine/Shaders
[2019.11.11-15.22.08:471][  0]LogShaders: Shader directory mapping /Plugin/DatasmithContent -> ../../../Engine/Plugins/Enterprise/DatasmithContent/Shaders
[2019.11.11-15.22.08:471][  0]LogShaders: Shader directory mapping /Plugin/WmfMedia -> ../../../Engine/Plugins/Media/WmfMedia/Shaders
[2019.11.11-15.22.08:471][  0]LogShaders: Shader directory mapping /Plugin/OculusVR -> ../../../Engine/Plugins/Runtime/Oculus/OculusVR/Shaders
[2019.11.11-15.22.09:999][  0]LogShaders: InitializeShaderTypes() end
[2019.11.11-15.22.10:351][  0]LogDerivedDataCache: Display: Max Cache Size: 512 MB
[2019.11.11-15.22.10:556][  0]LogDerivedDataCache: Loaded boot cache 0.20s 71MB ../../../Assn5_2/DerivedDataCache/Boot.ddc.
[2019.11.11-15.22.10:556][  0]LogDerivedDataCache: Display: Loaded Boot cache: ../../../Assn5_2/DerivedDataCache/Boot.ddc
[2019.11.11-15.22.10:557][  0]LogDerivedDataCache: FDerivedDataBackendGraph:  Pak pak cache file ../../../Assn5_2/DerivedDataCache/DDC.ddp not found, will not use a pak cache.
[2019.11.11-15.22.10:557][  0]LogDerivedDataCache: Unable to find inner node Pak for hierarchical cache Hierarchy.
[2019.11.11-15.22.10:557][  0]LogDerivedDataCache: FDerivedDataBackendGraph:  EnginePak pak cache file ../../../Engine/DerivedDataCache/DDC.ddp not found, will not use a pak cache.
[2019.11.11-15.22.10:557][  0]LogDerivedDataCache: Unable to find inner node EnginePak for hierarchical cache Hierarchy.
[2019.11.11-15.22.10:575][  0]LogDerivedDataCache: Using Local data cache path ../../../Engine/DerivedDataCache: Writable
[2019.11.11-15.22.10:575][  0]LogDerivedDataCache: Shared data cache path not found in *engine.ini, will not use an Shared cache.
[2019.11.11-15.22.10:575][  0]LogDerivedDataCache: Unable to find inner node Shared for hierarchical cache Hierarchy.
[2019.11.11-15.22.10:669][  0]LogMaterial: Verifying Global Shaders for PCD3D_SM5
[2019.11.11-15.22.10:677][  0]LogSlate: Using FreeType 2.6.0
[2019.11.11-15.22.10:682][  0]LogSlate: SlateFontServices - WITH_FREETYPE: 1, WITH_HARFBUZZ: 1
[2019.11.11-15.22.11:199][  0]LogAssetRegistry: FAssetRegistry took 0.1562 seconds to start up
[2019.11.11-15.22.11:941][  0]LogInit: Selected Device Profile: [Windows]
[2019.11.11-15.22.12:962][  0]LogMeshReduction: Using QuadricMeshReduction for automatic static mesh reduction
[2019.11.11-15.22.12:962][  0]LogMeshReduction: Using SimplygonMeshReduction for automatic skeletal mesh reduction
[2019.11.11-15.22.12:962][  0]LogMeshReduction: Using ProxyLODMeshReduction for automatic mesh merging
[2019.11.11-15.22.12:962][  0]LogMeshReduction: No distributed automatic mesh merging module available
[2019.11.11-15.22.12:962][  0]LogMeshMerging: No distributed automatic mesh merging module available
[2019.11.11-15.22.12:993][  0]LogNetVersion: Assn5_2 1.0.0, NetCL: 0, EngineNetVer: 10, GameNetVer: 0 (Checksum: 3073959867)
[2019.11.11-15.22.13:875][  0]LogPackageLocalizationCache: Processed 11 localized package path(s) for 1 prioritized culture(s) in 0.104629 seconds
[2019.11.11-15.22.13:885][  0]LogUObjectArray: 42194 objects as part of root set at end of initial load.
[2019.11.11-15.22.13:885][  0]LogUObjectAllocator: 7322816 out of 0 bytes used by permanent object pool.
[2019.11.11-15.22.13:885][  0]LogUObjectArray: CloseDisregardForGC: 0/0 objects in disregard for GC pool
[2019.11.11-15.22.21:193][  0]LogTcpMessaging: Initializing TcpMessaging bridge
[2019.11.11-15.22.21:257][  0]LogUdpMessaging: Initializing bridge on interface 0.0.0.0:0 to multicast group 230.0.0.1:6666.
[2019.11.11-15.22.22:455][  0]SourceControl: Source control is disabled
[2019.11.11-15.22.22:456][  0]SourceControl: Source control is disabled
[2019.11.11-15.22.22:561][  0]SourceControl: Source control is disabled
[2019.11.11-15.22.22:612][  0]SourceControl: Source control is disabled
[2019.11.11-15.22.29:013][  0]LogAndroidPermission: UAndroidPermissionCallbackProxy::GetInstance
[2019.11.11-15.22.30:320][  0]LogOcInput: OculusInput pre-init called
[2019.11.11-15.22.33:211][  0]LogEngine: Initializing Engine...
[2019.11.11-15.22.33:216][  0]LogHMD: Failed to initialize OpenVR with code 110
[2019.11.11-15.22.33:220][  0]LogStats: UGameplayTagsManager::InitializeManager -  0.001 s
[2019.11.11-15.22.33:810][  0]LogInit: Initializing FReadOnlyCVARCache
[2019.11.11-15.22.33:945][  0]LogAIModule: Creating AISystem for world Untitled
[2019.11.11-15.22.33:999][  0]LogInit: XAudio2 using 'Speaker/Headphone (Realtek High Definition Audio(SST))' : 2 channels at 48 kHz using 32 bits per sample (channel mask 0x3)
[2019.11.11-15.22.35:111][  0]LogInit: FAudioDevice initialized.
[2019.11.11-15.22.35:112][  0]LogNetVersion: Set ProjectVersion to 1.0.0.0. Version Checksum will be recalculated on next use.
[2019.11.11-15.22.35:330][  0]LogDerivedDataCache: Saved boot cache 0.22s 71MB ../../../Assn5_2/DerivedDataCache/Boot.ddc.
[2019.11.11-15.22.35:336][  0]LogInit: Texture streaming: Enabled
[2019.11.11-15.22.35:873][  0]LogEngineSessionManager: EngineSessionManager initialized
[2019.11.11-15.22.35:874][  0]LogEngineSessionManager: EngineSessionManager sent abnormal shutdown report. Type=Debugger, SessionId={DF0A9F61-4506-6588-E2EA-9395A894E572}
[2019.11.11-15.22.35:874][  0]LogEngineSessionManager: EngineSessionManager sent abnormal shutdown report. Type=Debugger, SessionId={F30A9A37-4B9D-0052-8FC1-54AF4A3329E5}
[2019.11.11-15.22.36:275][  0]LogInit: Transaction tracking system initialized
[2019.11.11-15.22.37:076][  0]BlueprintLog: New page: Editor Load
[2019.11.11-15.22.39:580][  0]LocalizationService: Localization service is disabled
[2019.11.11-15.22.42:605][  0]LogFileCache: Scanning file cache for directory 'C:/Users/tzipkin/Documents/g4g2019/Assn5_2/Content/' took 0.02s
[2019.11.11-15.22.42:606][  0]LogCook: Display: Max memory allowance for cook 16384mb min free memory 0mb
[2019.11.11-15.22.42:606][  0]LogCook: Display: Mobile HDR setting 1
[2019.11.11-15.22.45:947][  0]SourceControl: Source control is disabled
[2019.11.11-15.22.45:949][  0]Cmd: MAP LOAD FILE="../../../Engine/Content/Maps/Templates/Template_Default.umap" TEMPLATE=1 SHOWPROGRESS=1 FEATURELEVEL=3
[2019.11.11-15.22.45:963][  0]LightingResults: New page: Lighting Build
[2019.11.11-15.22.46:003][  0]MapCheck: New page: Map Check
[2019.11.11-15.22.46:004][  0]LightingResults: New page: Lighting Build
[2019.11.11-15.22.46:108][  0]LogUObjectHash: Compacting FUObjectHashTables data took   8.15ms
[2019.11.11-15.22.46:546][  0]LogAIModule: Creating AISystem for world Untitled_1
[2019.11.11-15.22.46:592][  0]LogEditorServer: Finished looking for orphan Actors (0.000 secs)
[2019.11.11-15.22.46:698][  0]LogUObjectHash: Compacting FUObjectHashTables data took   6.89ms
[2019.11.11-15.22.46:699][  0]Cmd: MAP CHECKDEP NOCLEARLOG
[2019.11.11-15.22.46:700][  0]MapCheck: Map check complete: 0 Error(s), 0 Warning(s), took 0.546ms to complete.
[2019.11.11-15.22.46:700][  0]LogFileHelpers: Loading map 'Template_Default' took 0.752
[2019.11.11-15.22.47:015][  0]LogSlate: Updating window title bar state: overlay mode, drag disabled, window buttons hidden, title bar hidden
[2019.11.11-15.22.47:027][  0]LogSlate: Updating window title bar state: overlay mode, drag disabled, window buttons hidden, title bar hidden
[2019.11.11-15.22.47:038][  0]LogSlate: Updating window title bar state: overlay mode, drag disabled, window buttons hidden, title bar hidden
[2019.11.11-15.22.47:050][  0]LogSlate: Updating window title bar state: overlay mode, drag disabled, window buttons hidden, title bar hidden
[2019.11.11-15.22.47:121][  0]LogCollectionManager: Loaded 0 collections in 0.011599 seconds
[2019.11.11-15.22.47:208][  0]LogFileCache: Scanning file cache for directory 'C:/Users/tzipkin/Documents/g4g2019/Assn5_2/Saved/Collections/' took 0.02s
[2019.11.11-15.22.47:208][  0]LogFileCache: Scanning file cache for directory 'C:/Users/tzipkin/Documents/g4g2019/Assn5_2/Content/Developers/tzipkin/Collections/' took 0.00s
[2019.11.11-15.22.47:209][  0]LogFileCache: Scanning file cache for directory 'C:/Users/tzipkin/Documents/g4g2019/Assn5_2/Content/Collections/' took 0.00s
[2019.11.11-15.22.47:209][  0]LogCollectionManager: Rebuilt the GUID cache for 0 collections in 0.000001 seconds
[2019.11.11-15.22.47:247][  0]LogContentBrowser: Native class hierarchy populated in 0.0356 seconds. Added 2733 classes and 662 folders.
[2019.11.11-15.22.47:345][  0]LogContentBrowser: Native class hierarchy updated for 'WidgetCarousel' in 0.0020 seconds. Added 0 classes and 0 folders.
[2019.11.11-15.22.47:363][  0]LogPakFile: Registered encryption key '00000000000000000000000000000000': 0 pak files mounted, 0 remain pending
[2019.11.11-15.22.47:369][  0]LogPakFile: Registered encryption key '00000000000000000000000000000000': 0 pak files mounted, 0 remain pending
[2019.11.11-15.22.47:375][  0]LogPakFile: Registered encryption key '00000000000000000000000000000000': 0 pak files mounted, 0 remain pending
[2019.11.11-15.22.47:380][  0]LogPakFile: Registered encryption key '00000000000000000000000000000000': 0 pak files mounted, 0 remain pending
[2019.11.11-15.22.47:385][  0]LogPakFile: Registered encryption key '00000000000000000000000000000000': 0 pak files mounted, 0 remain pending
[2019.11.11-15.22.47:390][  0]LogPakFile: Registered encryption key '00000000000000000000000000000000': 0 pak files mounted, 0 remain pending
[2019.11.11-15.22.47:396][  0]LogPakFile: Registered encryption key '00000000000000000000000000000000': 0 pak files mounted, 0 remain pending
[2019.11.11-15.22.47:400][  0]LogPakFile: Registered encryption key '00000000000000000000000000000000': 0 pak files mounted, 0 remain pending
[2019.11.11-15.22.47:407][  0]LogPakFile: Registered encryption key '00000000000000000000000000000000': 0 pak files mounted, 0 remain pending
[2019.11.11-15.22.47:412][  0]LogPakFile: Registered encryption key '00000000000000000000000000000000': 0 pak files mounted, 0 remain pending
[2019.11.11-15.22.47:416][  0]LogPakFile: Registered encryption key '00000000000000000000000000000000': 0 pak files mounted, 0 remain pending
[2019.11.11-15.22.47:422][  0]LogPakFile: Registered encryption key '00000000000000000000000000000000': 0 pak files mounted, 0 remain pending
[2019.11.11-15.22.47:427][  0]LogPakFile: Registered encryption key '00000000000000000000000000000000': 0 pak files mounted, 0 remain pending
[2019.11.11-15.22.47:433][  0]LogPakFile: Registered encryption key '00000000000000000000000000000000': 0 pak files mounted, 0 remain pending
[2019.11.11-15.22.47:438][  0]LogPakFile: Registered encryption key '00000000000000000000000000000000': 0 pak files mounted, 0 remain pending
[2019.11.11-15.22.47:443][  0]LogPakFile: Registered encryption key '00000000000000000000000000000000': 0 pak files mounted, 0 remain pending
[2019.11.11-15.22.47:448][  0]LogPakFile: Registered encryption key '00000000000000000000000000000000': 0 pak files mounted, 0 remain pending
[2019.11.11-15.22.47:454][  0]LogPakFile: Registered encryption key '00000000000000000000000000000000': 0 pak files mounted, 0 remain pending
[2019.11.11-15.22.47:459][  0]LogPakFile: Registered encryption key '00000000000000000000000000000000': 0 pak files mounted, 0 remain pending
[2019.11.11-15.22.47:464][  0]LogPakFile: Registered encryption key '00000000000000000000000000000000': 0 pak files mounted, 0 remain pending
[2019.11.11-15.22.47:470][  0]LogPakFile: Registered encryption key '00000000000000000000000000000000': 0 pak files mounted, 0 remain pending
[2019.11.11-15.22.47:475][  0]LogPakFile: Registered encryption key '00000000000000000000000000000000': 0 pak files mounted, 0 remain pending
[2019.11.11-15.22.47:485][  0]LogPakFile: Registered encryption key '00000000000000000000000000000000': 0 pak files mounted, 0 remain pending
[2019.11.11-15.22.47:490][  0]LogPakFile: Registered encryption key '00000000000000000000000000000000': 0 pak files mounted, 0 remain pending
[2019.11.11-15.22.47:495][  0]LogPakFile: Registered encryption key '00000000000000000000000000000000': 0 pak files mounted, 0 remain pending
[2019.11.11-15.22.47:500][  0]LogPakFile: Registered encryption key '00000000000000000000000000000000': 0 pak files mounted, 0 remain pending
[2019.11.11-15.22.47:859][  0]LogContentBrowser: Native class hierarchy updated for 'AddContentDialog' in 0.0018 seconds. Added 0 classes and 0 folders.
[2019.11.11-15.22.48:064][  0]LogContentBrowser: Native class hierarchy updated for 'SceneOutliner' in 0.0023 seconds. Added 1 classes and 2 folders.
[2019.11.11-15.22.48:317][  0]LogSlate: Took 0.041434 seconds to synchronously load lazily loaded font '../../../Engine/Content/Slate/Fonts/Roboto-Regular.ttf' (155K)
[2019.11.11-15.22.48:341][  0]LogSlate: Took 0.016698 seconds to synchronously load lazily loaded font '../../../Engine/Content/Slate/Fonts/Roboto-Bold.ttf' (160K)
[2019.11.11-15.22.48:385][  0]LogSlate: Took 0.018741 seconds to synchronously load lazily loaded font '../../../Engine/Content/Editor/Slate/Fonts/FontAwesome.ttf' (139K)
[2019.11.11-15.22.48:389][  0]LogSlate: Took 0.003072 seconds to synchronously load lazily loaded font '../../../Engine/Content/Slate/Fonts/DroidSansMono.ttf' (77K)
[2019.11.11-15.22.48:786][  0]LogRenderer: Reallocating scene render targets to support 860x404 Format 10 NumSamples 1 (Frame:1).
[2019.11.11-15.22.49:447][  0]LogContentBrowser: Native class hierarchy updated for 'HierarchicalLODOutliner' in 0.0020 seconds. Added 0 classes and 0 folders.
[2019.11.11-15.22.49:448][  0]LogLoad: (Engine Initialization) Total time: 55.98 seconds
[2019.11.11-15.22.49:449][  0]LogLoad: (Engine Initialization) Total Blueprint compile time: 0.01 seconds
[2019.11.11-15.22.49:553][  0]LogContentStreaming: Texture pool size now 1000 MB
[2019.11.11-15.22.49:617][  1]LogAssetRegistry: Asset discovery search completed in 38.5494 seconds
[2019.11.11-15.22.49:620][  1]LogCollectionManager: Rebuilt the object cache for 0 collections in 0.000011 seconds (found 0 objects)
[2019.11.11-15.22.49:621][  1]LogCollectionManager: Fixed up redirectors for 0 collections in 0.000435 seconds (updated 0 objects)
[2019.11.11-15.22.50:972][ 63]LogSlate: FSceneViewport::OnFocusLost() reason 0
[2019.11.11-15.22.51:102][ 70]LogSlate: Window 'Modules' being destroyed
[2019.11.11-15.22.52:942][162]LogSlate: FSceneViewport::OnFocusLost() reason 0
[2019.11.11-15.23.00:350][280]LogSlate: Took 0.001077 seconds to synchronously load lazily loaded font '../../../Engine/Content/Slate/Fonts/Roboto-Light.ttf' (167K)
[2019.11.11-15.23.00:383][280]LogFactory: FactoryCreateFile: VolumeTexture with FileImporter (0 0 ../../../Assn5_2/Plugins/FileImporter/Source/FileImporter/bucky.mhd)
[2019.11.11-15.23.00:384][280]LogTemp: Warning: element loaded 6
[2019.11.11-15.23.00:384][280]LogTemp: Warning: image Image
[2019.11.11-15.23.00:385][280]LogTemp: Warning: element loaded 6
[2019.11.11-15.23.00:385][280]LogTemp: Warning: ndims 3
[2019.11.11-15.23.00:385][280]LogTemp: Warning: element loaded 6
[2019.11.11-15.23.00:386][280]LogTemp: Warning: simsizes X=32.000 Y=32.000 Z=32.000
[2019.11.11-15.23.00:386][280]LogTemp: Warning: element loaded 6
[2019.11.11-15.23.00:386][280]LogTemp: Warning: enc 1
[2019.11.11-15.23.00:386][280]LogTemp: Warning: element loaded 6
[2019.11.11-15.23.00:387][280]LogTemp: Warning: et MET_UCHAR
[2019.11.11-15.23.00:387][280]LogTemp: Warning: element loaded 6
[2019.11.11-15.23.00:388][280]LogTemp: Warning: Edt bucky.raw
[2019.11.11-15.23.00:389][280]LogTemp: Warning: file loaded
[2019.11.11-15.23.00:391][280]LogTemp: Warning: fullpath ../../../Assn5_2/Plugins/FileImporter/Source/FileImporter/bucky.raw
[2019.11.11-15.23.00:392][280]LogTemp: Warning: filename ../../../Assn5_2/Plugins/FileImporter/Source/FileImporter/bucky.mhd
[2019.11.11-15.23.00:392][280]LogTexture: Display: Building textures: bucky (AutoDXT, 32X32)
[2019.11.11-15.23.01:942][351]LogAssetEditorManager: Opening Asset editor for VolumeTexture /Engine/bucky.bucky
[2019.11.11-15.23.02:157][351]LogContentBrowser: Native class hierarchy updated for 'TextureEditor' in 0.0010 seconds. Added 1 classes and 2 folders.
[2019.11.11-15.23.38:865][ 96]LogSlate: FSceneViewport::OnFocusLost() reason 0
[2019.11.11-15.23.38:950][101]LogSlate: Window 'bucky' being destroyed
[2019.11.11-15.23.45:703][451]LogSlate: FSceneViewport::OnFocusLost() reason 0
[2019.11.11-15.23.49:611][665]LogHttp: Warning: 00000262350D56C0: request failed, libcurl error: 7 (Couldn't connect to server)
[2019.11.11-15.23.49:611][665]LogHttp: Warning: 00000262350D56C0: libcurl info message cache 0 (  Trying 52.70.110.70...)
[2019.11.11-15.23.49:612][665]LogHttp: Warning: 00000262350D56C0: libcurl info message cache 1 (TCP_NODELAY set)
[2019.11.11-15.23.49:613][665]LogHttp: Warning: 00000262350D56C0: libcurl info message cache 2 (connect to 52.70.110.70 port 443 failed: Bad access)
[2019.11.11-15.23.49:613][665]LogHttp: Warning: 00000262350D56C0: libcurl info message cache 3 (  Trying 52.204.243.49...)
[2019.11.11-15.23.49:614][665]LogHttp: Warning: 00000262350D56C0: libcurl info message cache 4 (TCP_NODELAY set)
[2019.11.11-15.23.49:614][665]LogHttp: Warning: 00000262350D56C0: libcurl info message cache 5 (connect to 52.204.243.49 port 443 failed: Bad access)
[2019.11.11-15.23.49:615][665]LogHttp: Warning: 00000262350D56C0: libcurl info message cache 6 (  Trying 52.45.123.19...)
[2019.11.11-15.23.49:615][665]LogHttp: Warning: 00000262350D56C0: libcurl info message cache 7 (TCP_NODELAY set)
[2019.11.11-15.23.49:616][665]LogHttp: Warning: 00000262350D56C0: libcurl info message cache 8 (connect to 52.45.123.19 port 443 failed: Bad access)
[2019.11.11-15.23.49:617][665]LogHttp: Warning: 00000262350D56C0: libcurl info message cache 9 (  Trying 54.236.162.182...)
[2019.11.11-15.23.49:617][665]LogHttp: Warning: 00000262350D56C0: libcurl info message cache 10 (TCP_NODELAY set)
[2019.11.11-15.23.49:618][665]LogHttp: Warning: 00000262350D56C0: libcurl info message cache 11 (connect to 54.236.162.182 port 443 failed: Bad access)
[2019.11.11-15.23.49:619][665]LogHttp: Warning: 00000262350D56C0: libcurl info message cache 12 (  Trying 52.87.134.163...)
[2019.11.11-15.23.49:621][665]LogHttp: Warning: 00000262350D56C0: libcurl info message cache 13 (TCP_NODELAY set)
[2019.11.11-15.23.49:621][665]LogHttp: Warning: 00000262350D56C0: libcurl info message cache 14 (connect to 52.87.134.163 port 443 failed: Bad access)
[2019.11.11-15.23.49:622][665]LogHttp: Warning: 00000262350D56C0: libcurl info message cache 15 (  Trying 52.54.203.96...)
[2019.11.11-15.23.49:622][665]LogHttp: Warning: 00000262350D56C0: libcurl info message cache 16 (TCP_NODELAY set)
[2019.11.11-15.23.49:623][665]LogHttp: Warning: 00000262350D56C0: libcurl info message cache 17 (connect to 52.54.203.96 port 443 failed: Bad access)
[2019.11.11-15.23.49:623][665]LogHttp: Warning: 00000262350D56C0: libcurl info message cache 18 (  Trying 3.216.167.239...)
[2019.11.11-15.23.49:624][665]LogHttp: Warning: 00000262350D56C0: libcurl info message cache 19 (TCP_NODELAY set)
[2019.11.11-15.23.49:624][665]LogHttp: Warning: 00000262350D56C0: libcurl info message cache 20 (connect to 3.216.167.239 port 443 failed: Bad access)
[2019.11.11-15.23.49:625][665]LogHttp: Warning: 00000262350D56C0: libcurl info message cache 21 (  Trying 35.169.59.58...)
[2019.11.11-15.23.49:626][665]LogHttp: Warning: 00000262350D56C0: libcurl info message cache 22 (TCP_NODELAY set)
[2019.11.11-15.23.49:626][665]LogHttp: Warning: 00000262350D56C0: libcurl info message cache 23 (connect to 35.169.59.58 port 443 failed: Bad access)
[2019.11.11-15.23.49:627][665]LogHttp: Warning: 00000262350D56C0: libcurl info message cache 24 (Failed to connect to datarouter.ol.epicgames.com port 443: Bad access)
[2019.11.11-15.23.49:627][665]LogHttp: Warning: 00000262350D56C0: libcurl info message cache 25 (Closing connection 0)
[2019.11.11-15.23.49:637][666]LogHttp: Warning: Retry exhausted on https://datarouter.ol.epicgames.com/datarouter/api/v1/public/data?SessionID=%7BBEAE1CAA-414A-3527-FABA-14854B4C6B6F%7D&AppID=UEEditor.UnrealEngine.Release&AppVersion=4.22.3-0%2B%2B%2BUE4%2BRelease-4.22&UserID=848cd26545eab0cc8a30289f28dd6e60%7C%7C8f3b939b-2959-471e-a823-b770bf3cb021&AppEnvironment=datacollector-source&UploadType=eteventstream
[2019.11.11-15.23.49:765][669]LogAssetEditorManager: Opening Asset editor for VolumeTexture /Engine/bucky.bucky
[2019.11.11-15.23.55:462][900]LogSlate: FSceneViewport::OnFocusLost() reason 2
[2019.11.11-15.24.01:711][186]LogSlate: FSceneViewport::OnFocusLost() reason 2
[2019.11.11-15.24.13:237][722]LogSlate: FSceneViewport::OnFocusLost() reason 0
[2019.11.11-15.24.13:313][725]LogSlate: Window 'bucky' being destroyed
[2019.11.11-15.24.14:481][786]LogUObjectHash: Compacting FUObjectHashTables data took   2.87ms
[2019.11.11-15.24.15:797][786]LogSlate: Window 'Save Content' being destroyed
[2019.11.11-15.24.15:864][786]LogSlate: Window 'Assn5_2 - Unreal Editor' being destroyed
[2019.11.11-15.24.15:866][786]LogWindowsTextInputMethodSystem: Display: IME system now deactivated.
[2019.11.11-15.24.16:305][787]Cmd: QUIT_EDITOR
[2019.11.11-15.24.16:451][787]LogExit: Preparing to exit.
[2019.11.11-15.24.16:905][787]LogExit: Editor shut down
[2019.11.11-15.24.16:907][787]LogExit: Transaction tracking system shut down
[2019.11.11-15.24.17:393][787]LogExit: Object subsystem successfully closed.
[2019.11.11-15.24.17:474][787]LogShaderCompilers: Display: Shaders left to compile 0
[2019.11.11-15.24.17:484][787]LogD3D11RHI: Shutdown
[2019.11.11-15.24.17:485][787]LogD3D11RHI: CleanupD3DDevice
[2019.11.11-15.24.17:486][787]LogRendererCore: FGlobalReadBuffer::ReleaseRHI
[2019.11.11-15.24.17:486][787]LogRendererCore: FGlobalDynamicReadBuffer::Cleanup()
[2019.11.11-15.24.17:487][787]LogRendererCore: FGlobalReadBuffer::ReleaseRHI
[2019.11.11-15.24.17:487][787]LogRendererCore: FGlobalDynamicReadBuffer::Cleanup()
[2019.11.11-15.24.17:488][787]LogRendererCore: FGlobalReadBuffer::ReleaseRHI
[2019.11.11-15.24.17:488][787]LogRendererCore: FGlobalDynamicReadBuffer::Cleanup()
[2019.11.11-15.24.17:722][787]LogD3D11RHI: ~FD3D11DynamicRHI
[2019.11.11-15.24.17:817][787]LogModuleManager: Shutting down and abandoning module TextureEditor (642)
[2019.11.11-15.24.17:818][787]LogModuleManager: Shutting down and abandoning module HierarchicalLODOutliner (640)
[2019.11.11-15.24.17:819][787]LogModuleManager: Shutting down and abandoning module SceneOutliner (638)
[2019.11.11-15.24.17:819][787]LogModuleManager: Shutting down and abandoning module AddContentDialog (636)
[2019.11.11-15.24.17:822][787]LogModuleManager: Shutting down and abandoning module WidgetCarousel (635)
[2019.11.11-15.24.17:822][787]LogModuleManager: Shutting down and abandoning module EditorWidgets (632)
[2019.11.11-15.24.17:822][787]LogModuleManager: Shutting down and abandoning module CollectionManager (630)
[2019.11.11-15.24.17:824][787]LogModuleManager: Shutting down and abandoning module HierarchicalLODUtilities (628)
[2019.11.11-15.24.17:824][787]LogModuleManager: Shutting down and abandoning module StatsViewer (626)
[2019.11.11-15.24.17:824][787]LogModuleManager: Shutting down and abandoning module FoliageEdit (624)
[2019.11.11-15.24.17:824][787]LogModuleManager: Shutting down and abandoning module LandscapeEditor (622)
[2019.11.11-15.24.17:826][787]LogModuleManager: Shutting down and abandoning module MeshPaintMode (620)
[2019.11.11-15.24.17:826][787]LogModuleManager: Shutting down and abandoning module SceneDepthPickerMode (618)
[2019.11.11-15.24.17:827][787]LogModuleManager: Shutting down and abandoning module ActorPickerMode (616)
[2019.11.11-15.24.17:827][787]LogModuleManager: Shutting down and abandoning module GeometryMode (614)
[2019.11.11-15.24.17:829][787]LogModuleManager: Shutting down and abandoning module TextureAlignMode (612)
[2019.11.11-15.24.17:829][787]LogModuleManager: Shutting down and abandoning module BspMode (610)
[2019.11.11-15.24.17:829][787]LogModuleManager: Shutting down and abandoning module PIEPreviewDeviceProfileSelector (608)
[2019.11.11-15.24.17:830][787]LogModuleManager: Shutting down and abandoning module SequenceRecorderSections (606)
[2019.11.11-15.24.17:830][787]LogModuleManager: Shutting down and abandoning module AutomationWorker (604)
[2019.11.11-15.24.17:832][787]LogModuleManager: Shutting down and abandoning module OculusMR (602)
[2019.11.11-15.24.17:832][787]LogModuleManager: Shutting down and abandoning module AudioCaptureEditor (600)
[2019.11.11-15.24.17:832][787]LogModuleManager: Shutting down and abandoning module MatineeToLevelSequence (598)
[2019.11.11-15.24.17:833][787]LogModuleManager: Shutting down and abandoning module LevelSequenceEditor (596)
[2019.11.11-15.24.17:833][787]LogModuleManager: Shutting down and abandoning module PlacementMode (595)
[2019.11.11-15.24.17:833][787]LogModuleManager: Shutting down and abandoning module MaterialEditor (594)
[2019.11.11-15.24.17:834][787]LogModuleManager: Shutting down and abandoning module ActorSequenceEditor (590)
[2019.11.11-15.24.17:835][787]LogModuleManager: Shutting down and abandoning module WmfMediaFactory (588)
[2019.11.11-15.24.17:836][787]LogModuleManager: Shutting down and abandoning module WmfMediaEditor (586)
[2019.11.11-15.24.17:836][787]LogModuleManager: Shutting down and abandoning module WebMMediaFactory (584)
[2019.11.11-15.24.17:836][787]LogModuleManager: Shutting down and abandoning module WebMMediaEditor (582)
[2019.11.11-15.24.17:837][787]LogModuleManager: Shutting down and abandoning module WebMMedia (580)
[2019.11.11-15.24.17:837][787]LogModuleManager: Shutting down and abandoning module MediaPlayerEditor (578)
[2019.11.11-15.24.17:838][787]LogModuleManager: Shutting down and abandoning module MediaCompositingEditor (576)
[2019.11.11-15.24.17:839][787]LogModuleManager: Shutting down and abandoning module SequenceRecorder (575)
[2019.11.11-15.24.17:841][787]LogModuleManager: Shutting down and abandoning module OpenExrWrapper (572)
[2019.11.11-15.24.17:841][787]LogModuleManager: Shutting down and abandoning module ImgMediaFactory (570)
[2019.11.11-15.24.17:841][787]LogModuleManager: Shutting down and abandoning module ImgMediaEditor (568)
[2019.11.11-15.24.17:842][787]LogModuleManager: Shutting down and abandoning module AvfMediaFactory (566)
[2019.11.11-15.24.17:842][787]LogModuleManager: Shutting down and abandoning module AvfMediaEditor (564)
[2019.11.11-15.24.17:843][787]LogModuleManager: Shutting down and abandoning module AndroidMediaFactory (562)
[2019.11.11-15.24.17:843][787]LogModuleManager: Shutting down and abandoning module AndroidMediaEditor (560)
[2019.11.11-15.24.17:844][787]LogModuleManager: Shutting down and abandoning module MagicLeapCameraPreviewFactory (558)
[2019.11.11-15.24.17:845][787]LogModuleManager: Shutting down and abandoning module MagicLeapMediaCodecFactory (556)
[2019.11.11-15.24.17:845][787]LogModuleManager: Shutting down and abandoning module MagicLeapMediaFactory (554)
[2019.11.11-15.24.17:846][787]LogModuleManager: Shutting down and abandoning module MagicLeapMediaEditor (552)
[2019.11.11-15.24.17:852][787]LogModuleManager: Shutting down and abandoning module CharacterAI (550)
[2019.11.11-15.24.17:856][787]LogModuleManager: Shutting down and abandoning module SmartSnapping (548)
[2019.11.11-15.24.17:857][787]LogModuleManager: Shutting down and abandoning module SessionServices (546)
[2019.11.11-15.24.17:860][787]LogModuleManager: Shutting down and abandoning module MeshPaint (544)
[2019.11.11-15.24.17:861][787]LogModuleManager: Shutting down and abandoning module ViewportSnapping (542)
[2019.11.11-15.24.17:862][787]LogModuleManager: Shutting down and abandoning module ViewportInteraction (540)
[2019.11.11-15.24.17:863][787]LogModuleManager: Shutting down and abandoning module ClothPainter (538)
[2019.11.11-15.24.17:864][787]LogModuleManager: Shutting down and abandoning module SkeletalMeshEditor (537)
[2019.11.11-15.24.17:866][787]LogModuleManager: Shutting down and abandoning module LogVisualizer (534)
[2019.11.11-15.24.17:867][787]LogModuleManager: Shutting down and abandoning module IntroTutorials (532)
[2019.11.11-15.24.17:872][787]LogModuleManager: Shutting down and abandoning module GameProjectGeneration (531)
[2019.11.11-15.24.17:874][787]LogModuleManager: Shutting down and abandoning module LuminPlatformEditor (528)
[2019.11.11-15.24.17:876][787]LogModuleManager: Shutting down and abandoning module IOSPlatformEditor (526)
[2019.11.11-15.24.17:941][787]LogModuleManager: Shutting down and abandoning module HTML5PlatformEditor (524)
[2019.11.11-15.24.17:942][787]LogModuleManager: Shutting down and abandoning module AndroidPlatformEditor (522)
[2019.11.11-15.24.17:943][787]LogModuleManager: Shutting down and abandoning module AndroidDeviceDetection (521)
[2019.11.11-15.24.18:439][787]LogModuleManager: Shutting down and abandoning module WindowsPlatformEditor (518)
[2019.11.11-15.24.18:439][787]LogModuleManager: Shutting down and abandoning module LuminRuntimeSettings (516)
[2019.11.11-15.24.18:439][787]LogModuleManager: Shutting down and abandoning module IOSRuntimeSettings (514)
[2019.11.11-15.24.18:439][787]LogModuleManager: Shutting down and abandoning module AndroidRuntimeSettings (512)
[2019.11.11-15.24.18:439][787]LogModuleManager: Shutting down and abandoning module TimeManagementEditor (510)
[2019.11.11-15.24.18:439][787]LogModuleManager: Shutting down and abandoning module InputBindingEditor (508)
[2019.11.11-15.24.18:439][787]LogModuleManager: Shutting down and abandoning module MergeActors (506)
[2019.11.11-15.24.18:439][787]LogModuleManager: Shutting down and abandoning module LocalizationDashboard (504)
[2019.11.11-15.24.18:440][787]LogModuleManager: Shutting down and abandoning module LocalizationService (503)
[2019.11.11-15.24.18:440][787]LogModuleManager: Shutting down and abandoning module HardwareTargeting (500)
[2019.11.11-15.24.18:440][787]LogModuleManager: Shutting down and abandoning module DeviceProfileEditor (498)
[2019.11.11-15.24.18:440][787]LogModuleManager: Shutting down and abandoning module UndoHistory (496)
[2019.11.11-15.24.18:440][787]LogModuleManager: Shutting down and abandoning module XmlParser (494)
[2019.11.11-15.24.18:441][787]LogModuleManager: Shutting down and abandoning module Blutility (492)
[2019.11.11-15.24.18:441][787]LogModuleManager: Shutting down and abandoning module ProjectSettingsViewer (490)
[2019.11.11-15.24.18:441][787]LogModuleManager: Shutting down and abandoning module ProjectTargetPlatformEditor (489)
[2019.11.11-15.24.18:442][787]LogModuleManager: Shutting down and abandoning module EditorSettingsViewer (486)
[2019.11.11-15.24.18:443][787]LogModuleManager: Shutting down and abandoning module SettingsEditor (484)
[2019.11.11-15.24.18:443][787]LogModuleManager: Shutting down and abandoning module ProjectLauncher (482)
[2019.11.11-15.24.18:443][787]LogModuleManager: Shutting down and abandoning module SessionFrontend (480)
[2019.11.11-15.24.18:444][787]LogModuleManager: Shutting down and abandoning module ProfilerClient (478)
[2019.11.11-15.24.18:444][787]LogModuleManager: Shutting down and abandoning module DeviceManager (476)
[2019.11.11-15.24.18:444][787]LogModuleManager: Shutting down and abandoning module TargetDeviceServices (475)
[2019.11.11-15.24.18:488][787]LogModuleManager: Shutting down and abandoning module AutomationController (472)
[2019.11.11-15.24.18:488][787]LogModuleManager: Shutting down and abandoning module AutomationWindow (470)
[2019.11.11-15.24.18:488][787]LogModuleManager: Shutting down and abandoning module Layers (468)
[2019.11.11-15.24.18:488][787]LogModuleManager: Shutting down and abandoning module ComponentVisualizers (466)
[2019.11.11-15.24.18:489][787]LogModuleManager: Shutting down and abandoning module DetailCustomizations (464)
[2019.11.11-15.24.18:489][787]LogModuleManager: Shutting down and abandoning module PackagesDialog (462)
[2019.11.11-15.24.18:489][787]LogModuleManager: Shutting down and abandoning module AnimationBlueprintEditor (460)
[2019.11.11-15.24.18:490][787]LogModuleManager: Shutting down and abandoning module Persona (458)
[2019.11.11-15.24.18:490][787]LogModuleManager: Shutting down and abandoning module AdvancedPreviewScene (457)
[2019.11.11-15.24.18:490][787]LogModuleManager: Shutting down and abandoning module AnimGraph (455)
[2019.11.11-15.24.18:490][787]LogModuleManager: Shutting down and abandoning module Kismet (452)
[2019.11.11-15.24.18:519][787]LogModuleManager: Shutting down and abandoning module GraphEditor (450)
[2019.11.11-15.24.18:520][787]LogModuleManager: Shutting down and abandoning module ClassViewer (448)
[2019.11.11-15.24.18:520][787]LogModuleManager: Shutting down and abandoning module Toolbox (446)
[2019.11.11-15.24.18:520][787]LogModuleManager: Shutting down and abandoning module DesktopPlatform (445)
[2019.11.11-15.24.18:521][787]LogModuleManager: Shutting down and abandoning module ModuleUI (442)
[2019.11.11-15.24.18:521][787]LogModuleManager: Shutting down and abandoning module MovieSceneTools (440)
[2019.11.11-15.24.18:521][787]LogModuleManager: Shutting down and abandoning module OutputLog (438)
[2019.11.11-15.24.18:522][787]LogModuleManager: Shutting down and abandoning module GammaUI (436)
[2019.11.11-15.24.18:522][787]LogModuleManager: Shutting down and abandoning module Documentation (434)
[2019.11.11-15.24.18:522][787]LogModuleManager: Shutting down and abandoning module LiveCoding (432)
[2019.11.11-15.24.18:522][787]LogModuleManager: Shutting down and abandoning module LevelSequence (430)
[2019.11.11-15.24.18:522][787]LogModuleManager: Shutting down and abandoning module MovieSceneTracks (428)
[2019.11.11-15.24.18:523][787]LogModuleManager: Shutting down and abandoning module MovieScene (426)
[2019.11.11-15.24.18:523][787]LogModuleManager: Shutting down and abandoning module StreamingPauseRendering (424)
[2019.11.11-15.24.18:523][787]LogModuleManager: Shutting down and abandoning module LauncherPlatform (422)
[2019.11.11-15.24.18:523][787]LogModuleManager: Shutting down and abandoning module AnalyticsET (420)
[2019.11.11-15.24.18:523][787]LogModuleManager: Shutting down and abandoning module PortalServices (418)
[2019.11.11-15.24.18:523][787]LogModuleManager: Shutting down and abandoning module PortalRpc (416)
[2019.11.11-15.24.18:524][787]LogModuleManager: Shutting down and abandoning module MessagingRpc (414)
[2019.11.11-15.24.18:524][787]LogModuleManager: Shutting down and abandoning module AIModule (412)
[2019.11.11-15.24.18:524][787]LogModuleManager: Shutting down and abandoning module GameplayDebugger (411)
[2019.11.11-15.24.18:524][787]LogModuleManager: Shutting down and abandoning module AITestSuite (409)
[2019.11.11-15.24.18:524][787]LogModuleManager: Shutting down and abandoning module NavigationSystem (407)
[2019.11.11-15.24.18:524][787]LogModuleManager: Shutting down and abandoning module ImageWriteQueue (404)
[2019.11.11-15.24.18:547][787]LogModuleManager: Shutting down and abandoning module ProfilerService (402)
[2019.11.11-15.24.18:721][787]LogModuleManager: Shutting down and abandoning module TaskGraph (400)
[2019.11.11-15.24.18:722][787]LogModuleManager: Shutting down and abandoning module FileImporter (398)
[2019.11.11-15.24.18:722][787]LogModuleManager: Shutting down and abandoning module SteamVRController (396)
[2019.11.11-15.24.18:722][787]LogModuleManager: Shutting down and abandoning module ProceduralMeshComponentEditor (394)
[2019.11.11-15.24.18:723][787]LogModuleManager: Shutting down and abandoning module ProceduralMeshComponent (392)
[2019.11.11-15.24.18:723][787]LogModuleManager: Shutting down and abandoning module OculusEditor (390)
[2019.11.11-15.24.18:724][787]LogModuleManager: Shutting down and abandoning module OculusInput (388)
[2019.11.11-15.24.18:724][787]LogModuleManager: Shutting down and abandoning module MobilePatchingUtils (386)
[2019.11.11-15.24.18:725][787]LogModuleManager: Shutting down and abandoning module EditableMesh (384)
[2019.11.11-15.24.18:725][787]LogModuleManager: Shutting down and abandoning module CustomMeshComponent (382)
[2019.11.11-15.24.18:725][787]LogModuleManager: Shutting down and abandoning module CableComponent (380)
[2019.11.11-15.24.18:726][787]LogModuleManager: Shutting down and abandoning module AudioCapture (378)
[2019.11.11-15.24.18:726][787]LogModuleManager: Shutting down and abandoning module ArchVisCharacter (376)
[2019.11.11-15.24.18:726][787]LogModuleManager: Shutting down and abandoning module AndroidPermission (374)
[2019.11.11-15.24.18:727][787]LogModuleManager: Shutting down and abandoning module NUTUnrealEngine4 (372)
[2019.11.11-15.24.18:727][787]LogModuleManager: Shutting down and abandoning module NetcodeUnitTest (370)
[2019.11.11-15.24.18:728][787]LogModuleManager: Shutting down and abandoning module MediaCompositing (368)
[2019.11.11-15.24.18:728][787]LogModuleManager: Shutting down and abandoning module LinearTimecode (366)
[2019.11.11-15.24.18:728][787]LogModuleManager: Shutting down and abandoning module ImgMedia (364)
[2019.11.11-15.24.18:729][787]LogModuleManager: Shutting down and abandoning module MagicLeapHelperVulkan (362)
[2019.11.11-15.24.18:729][787]LogModuleManager: Shutting down and abandoning module MagicLeapHelperOpenGL (360)
[2019.11.11-15.24.18:730][787]LogModuleManager: Shutting down and abandoning module MagicLeapAudio (358)
[2019.11.11-15.24.18:730][787]LogModuleManager: Shutting down and abandoning module HTML5Networking (356)
[2019.11.11-15.24.18:731][787]LogModuleManager: Shutting down and abandoning module GeometryCacheTracks (354)
[2019.11.11-15.24.18:731][787]LogModuleManager: Shutting down and abandoning module GeometryCacheSequencer (352)
[2019.11.11-15.24.18:731][787]LogModuleManager: Shutting down and abandoning module BackChannel (350)
[2019.11.11-15.24.18:732][787]LogModuleManager: Shutting down and abandoning module AppleVision (348)
[2019.11.11-15.24.18:733][787]LogModuleManager: Shutting down and abandoning module AppleImageUtilsBlueprintSupport (346)
[2019.11.11-15.24.18:733][787]LogModuleManager: Shutting down and abandoning module AppleImageUtils (344)
[2019.11.11-15.24.18:734][787]LogModuleManager: Shutting down and abandoning module AlembicImporter (342)
[2019.11.11-15.24.18:734][787]LogModuleManager: Shutting down and abandoning module AlembicLibrary (341)
[2019.11.11-15.24.18:734][787]LogModuleManager: Shutting down and abandoning module GeometryCache (340)
[2019.11.11-15.24.18:735][787]LogModuleManager: Shutting down and abandoning module GeometryCacheEd (339)
[2019.11.11-15.24.18:735][787]LogModuleManager: Shutting down and abandoning module VariantManagerContent (334)
[2019.11.11-15.24.18:735][787]LogModuleManager: Shutting down and abandoning module DatasmithContentEditor (332)
[2019.11.11-15.24.18:736][787]LogModuleManager: Shutting down and abandoning module SpeedTreeImporter (330)
[2019.11.11-15.24.18:736][787]LogModuleManager: Shutting down and abandoning module PluginBrowser (328)
[2019.11.11-15.24.18:737][787]LogModuleManager: Shutting down and abandoning module MobileLauncherProfileWizard (326)
[2019.11.11-15.24.18:737][787]LogModuleManager: Shutting down and abandoning module MaterialAnalyzer (324)
[2019.11.11-15.24.18:738][787]LogModuleManager: Shutting down and abandoning module CryptoKeysOpenSSL (322)
[2019.11.11-15.24.18:738][787]LogModuleManager: Shutting down and abandoning module CryptoKeys (320)
[2019.11.11-15.24.18:738][787]LogModuleManager: Shutting down and abandoning module VisualStudioSourceCodeAccess (318)
[2019.11.11-15.24.18:739][787]LogModuleManager: Shutting down and abandoning module VisualStudioCodeSourceCodeAccess (316)
[2019.11.11-15.24.18:739][787]LogModuleManager: Shutting down and abandoning module UObjectPlugin (314)
[2019.11.11-15.24.18:739][787]LogModuleManager: Shutting down and abandoning module SubversionSourceControl (312)
[2019.11.11-15.24.18:740][787]LogModuleManager: Shutting down and abandoning module PerforceSourceControl (310)
[2019.11.11-15.24.18:740][787]LogModuleManager: Shutting down and abandoning module GitSourceControl (308)
[2019.11.11-15.24.18:741][787]LogModuleManager: Shutting down and abandoning module SourceControl (307)
[2019.11.11-15.24.18:741][787]LogModuleManager: Shutting down and abandoning module CLionSourceCodeAccess (304)
[2019.11.11-15.24.18:741][787]LogModuleManager: Shutting down and abandoning module AnimationSharingEd (302)
[2019.11.11-15.24.18:742][787]LogModuleManager: Shutting down and abandoning module ActorLayerUtilitiesEditor (300)
[2019.11.11-15.24.18:742][787]LogModuleManager: Shutting down and abandoning module ActorLayerUtilities (298)
[2019.11.11-15.24.18:742][787]LogModuleManager: Shutting down and abandoning module LightPropagationVolumeEditor (296)
[2019.11.11-15.24.18:743][787]LogModuleManager: Shutting down and abandoning module PaperTiledImporter (294)
[2019.11.11-15.24.18:743][787]LogModuleManager: Shutting down and abandoning module PaperSpriteSheetImporter (292)
[2019.11.11-15.24.18:743][787]LogModuleManager: Shutting down and abandoning module Paper2DEditor (290)
[2019.11.11-15.24.18:744][787]LogModuleManager: Shutting down and abandoning module Assn5_2 (288)
[2019.11.11-15.24.18:744][787]LogModuleManager: Shutting down and abandoning module SignificanceManager (286)
[2019.11.11-15.24.18:745][787]LogModuleManager: Shutting down and abandoning module RuntimePhysXCooking (284)
[2019.11.11-15.24.18:745][787]LogModuleManager: Shutting down and abandoning module PhysXVehiclesEditor (282)
[2019.11.11-15.24.18:745][787]LogModuleManager: Shutting down and abandoning module PhysXVehicles (280)
[2019.11.11-15.24.18:746][787]LogModuleManager: Shutting down and abandoning module LocationServicesBPLibrary (278)
[2019.11.11-15.24.18:746][787]LogModuleManager: Shutting down and abandoning module ActorSequence (276)
[2019.11.11-15.24.18:746][787]LogModuleManager: Shutting down and abandoning module UdpMessaging (274)
[2019.11.11-15.24.18:848][787]LogModuleManager: Shutting down and abandoning module TcpMessaging (272)
[2019.11.11-15.24.18:949][787]LogModuleManager: Shutting down and abandoning module MagicLeapIdentity (270)
[2019.11.11-15.24.18:949][787]LogModuleManager: Shutting down and abandoning module MagicLeapSecureStorage (268)
[2019.11.11-15.24.18:949][787]LogModuleManager: Shutting down and abandoning module MagicLeapHandTracking (266)
[2019.11.11-15.24.18:950][787]LogModuleManager: Shutting down and abandoning module MagicLeapEyeTracker (264)
[2019.11.11-15.24.18:950][787]LogModuleManager: Shutting down and abandoning module MagicLeapController (262)
[2019.11.11-15.24.18:951][787]LogSlate: Slate User Destroyed.  User Index 0, Is Virtual User: 0
[2019.11.11-15.24.18:951][787]LogModuleManager: Shutting down and abandoning module MagicLeapAR (260)
[2019.11.11-15.24.18:952][787]LogModuleManager: Shutting down and abandoning module AugmentedReality (259)
[2019.11.11-15.24.18:952][787]LogModuleManager: Shutting down and abandoning module GameplayTagsEditor (256)
[2019.11.11-15.24.18:952][787]LogModuleManager: Shutting down and abandoning module FacialAnimationEditor (254)
[2019.11.11-15.24.18:953][787]LogModuleManager: Shutting down and abandoning module FacialAnimation (252)
[2019.11.11-15.24.18:953][787]LogModuleManager: Shutting down and abandoning module DataValidation (250)
[2019.11.11-15.24.18:954][787]LogModuleManager: Shutting down and abandoning module AssetManagerEditor (248)
[2019.11.11-15.24.18:954][787]LogModuleManager: Shutting down and abandoning module LevelEditor (247)
[2019.11.11-15.24.18:956][787]LogModuleManager: Shutting down and abandoning module PixelInspectorModule (246)
[2019.11.11-15.24.18:957][787]LogModuleManager: Shutting down and abandoning module CommonMenuExtensions (244)
[2019.11.11-15.24.18:957][787]LogModuleManager: Shutting down and abandoning module MainFrame (242)
[2019.11.11-15.24.18:958][787]LogModuleManager: Shutting down and abandoning module HotReload (241)
[2019.11.11-15.24.18:960][787]LogModuleManager: Shutting down and abandoning module ContentBrowser (237)
[2019.11.11-15.24.18:963][787]LogModuleManager: Shutting down and abandoning module TreeMap (235)
[2019.11.11-15.24.18:963][787]LogModuleManager: Shutting down and abandoning module AnimationSharing (232)
[2019.11.11-15.24.18:964][787]LogModuleManager: Shutting down and abandoning module LightPropagationVolumeRuntime (230)
[2019.11.11-15.24.18:964][787]LogModuleManager: Shutting down and abandoning module AISupportModule (228)
[2019.11.11-15.24.18:964][787]LogModuleManager: Shutting down and abandoning module Paper2D (226)
[2019.11.11-15.24.18:965][787]LogModuleManager: Shutting down and abandoning module WindowsMoviePlayer (224)
[2019.11.11-15.24.18:965][787]LogModuleManager: Shutting down and abandoning module WebMMoviePlayer (222)
[2019.11.11-15.24.18:965][787]LogModuleManager: Shutting down and abandoning module PacketHandler (220)
[2019.11.11-15.24.18:966][787]LogModuleManager: Shutting down and abandoning module ClothingSystemEditor (218)
[2019.11.11-15.24.18:966][787]LogModuleManager: Shutting down and abandoning module ClothingSystemRuntime (216)
[2019.11.11-15.24.18:967][787]LogModuleManager: Shutting down and abandoning module MediaAssets (214)
[2019.11.11-15.24.18:967][787]LogModuleManager: Shutting down and abandoning module Overlay (212)
[2019.11.11-15.24.18:967][787]LogModuleManager: Shutting down and abandoning module OverlayEditor (211)
[2019.11.11-15.24.18:968][787]LogModuleManager: Shutting down and abandoning module VREditor (208)
[2019.11.11-15.24.18:968][787]LogModuleManager: Shutting down and abandoning module StringTableEditor (206)
[2019.11.11-15.24.18:969][787]LogModuleManager: Shutting down and abandoning module GameplayTasksEditor (204)
[2019.11.11-15.24.18:969][787]LogModuleManager: Shutting down and abandoning module BehaviorTreeEditor (202)
[2019.11.11-15.24.18:969][787]LogModuleManager: Shutting down and abandoning module FunctionalTesting (200)
[2019.11.11-15.24.18:970][787]LogModuleManager: Shutting down and abandoning module CollisionAnalyzer (198)
[2019.11.11-15.24.18:970][787]LogModuleManager: Shutting down and abandoning module WorkspaceMenuStructure (197)
[2019.11.11-15.24.18:971][787]LogModuleManager: Shutting down and abandoning module UMG (194)
[2019.11.11-15.24.18:994][787]LogModuleManager: Shutting down and abandoning module UMGEditor (193)
[2019.11.11-15.24.18:995][787]LogModuleManager: Shutting down and abandoning module Sequencer (192)
[2019.11.11-15.24.18:996][787]LogModuleManager: Shutting down and abandoning module MessageLog (189)
[2019.11.11-15.24.18:996][787]LogModuleManager: Shutting down and abandoning module SlateReflector (184)
[2019.11.11-15.24.18:997][787]LogModuleManager: Shutting down and abandoning module Slate (182)
[2019.11.11-15.24.18:997][787]LogModuleManager: Shutting down and abandoning module EditorStyle (180)
[2019.11.11-15.24.19:003][787]LogModuleManager: Shutting down and abandoning module UnrealEd (178)
[2019.11.11-15.24.19:003][787]LogModuleManager: Shutting down and abandoning module MRMesh (176)
[2019.11.11-15.24.19:004][787]LogModuleManager: Shutting down and abandoning module SourceCodeAccess (174)
[2019.11.11-15.24.19:004][787]LogModuleManager: Shutting down and abandoning module HeadMountedDisplay (172)
[2019.11.11-15.24.19:004][787]LogModuleManager: Shutting down and abandoning module XAudio2 (170)
[2019.11.11-15.24.19:004][787]LogModuleManager: Shutting down and abandoning module Networking (168)
[2019.11.11-15.24.19:005][787]LogModuleManager: Shutting down and abandoning module Core (166)
[2019.11.11-15.24.19:005][787]LogModuleManager: Shutting down and abandoning module KismetCompiler (164)
[2019.11.11-15.24.19:005][787]LogModuleManager: Shutting down and abandoning module MeshUtilities (162)
[2019.11.11-15.24.19:006][787]LogModuleManager: Shutting down and abandoning module MeshMergeUtilities (161)
[2019.11.11-15.24.19:006][787]LogModuleManager: Shutting down and abandoning module MeshReductionInterface (160)
[2019.11.11-15.24.19:006][787]LogModuleManager: Shutting down and abandoning module SkeletalMeshReduction (159)
[2019.11.11-15.24.19:007][787]LogModuleManager: Shutting down and abandoning module ProxyLODMeshReduction (157)
[2019.11.11-15.24.19:008][787]LogModuleManager: Shutting down and abandoning module QuadricMeshReduction (155)
[2019.11.11-15.24.19:008][787]LogModuleManager: Shutting down and abandoning module MaterialBaking (151)
[2019.11.11-15.24.19:009][787]LogModuleManager: Shutting down and abandoning module DerivedDataCache (146)
[2019.11.11-15.24.19:333][787]LogDerivedDataCache: Shutdown
[2019.11.11-15.24.19:333][787]LogModuleManager: Shutting down and abandoning module XGEController (144)
[2019.11.11-15.24.19:334][787]LogXGEController: Cleaning working directory: C:/Users/tzipkin/AppData/Local/Temp/UnrealXGEWorkingDir/
[2019.11.11-15.24.19:336][787]LogModuleManager: Shutting down and abandoning module TargetPlatform (142)
[2019.11.11-15.24.19:337][787]LogModuleManager: Shutting down and abandoning module VulkanShaderFormat (141)
[2019.11.11-15.24.19:337][787]LogModuleManager: Shutting down and abandoning module ShaderFormatVectorVM (139)
[2019.11.11-15.24.19:338][787]LogModuleManager: Shutting down and abandoning module ShaderFormatOpenGL (137)
[2019.11.11-15.24.19:338][787]LogModuleManager: Shutting down and abandoning module ShaderFormatD3D (135)
[2019.11.11-15.24.19:339][787]LogModuleManager: Shutting down and abandoning module MetalShaderFormat (133)
[2019.11.11-15.24.19:339][787]LogModuleManager: Shutting down and abandoning module TextureFormatUncompressed (131)
[2019.11.11-15.24.19:339][787]LogModuleManager: Shutting down and abandoning module TextureFormatPVR (129)
[2019.11.11-15.24.19:340][787]LogModuleManager: Shutting down and abandoning module TextureFormatDXT (127)
[2019.11.11-15.24.19:340][787]LogModuleManager: Shutting down and abandoning module TextureFormatIntelISPCTexComp (125)
[2019.11.11-15.24.19:345][787]LogModuleManager: Shutting down and abandoning module TextureFormatASTC (123)
[2019.11.11-15.24.19:345][787]LogModuleManager: Shutting down and abandoning module ImageWrapper (122)
[2019.11.11-15.24.19:345][787]LogModuleManager: Shutting down and abandoning module TextureFormatAndroid (119)
[2019.11.11-15.24.19:346][787]LogModuleManager: Shutting down and abandoning module AudioFormatOpus (117)
[2019.11.11-15.24.19:346][787]LogModuleManager: Shutting down and abandoning module AudioFormatOgg (115)
[2019.11.11-15.24.19:346][787]LogModuleManager: Shutting down and abandoning module AudioFormatADPCM (113)
[2019.11.11-15.24.19:347][787]LogModuleManager: Shutting down and abandoning module LuminTargetPlatform (111)
[2019.11.11-15.24.19:350][787]LogModuleManager: Shutting down and abandoning module TVOSTargetPlatform (109)
[2019.11.11-15.24.19:354][787]LogModuleManager: Shutting down and abandoning module Messaging (107)
[2019.11.11-15.24.19:354][787]LogModuleManager: Shutting down and abandoning module IOSTargetPlatform (105)
[2019.11.11-15.24.19:356][787]LogModuleManager: Shutting down and abandoning module HTML5TargetPlatform (103)
[2019.11.11-15.24.19:357][787]LogModuleManager: Shutting down and abandoning module AndroidTargetPlatform (101)
[2019.11.11-15.24.19:377][787]LogModuleManager: Shutting down and abandoning module WindowsTargetPlatform (99)
[2019.11.11-15.24.19:378][787]LogModuleManager: Shutting down and abandoning module WindowsServerTargetPlatform (97)
[2019.11.11-15.24.19:378][787]LogModuleManager: Shutting down and abandoning module WindowsNoEditorTargetPlatform (95)
[2019.11.11-15.24.19:379][787]LogModuleManager: Shutting down and abandoning module WindowsClientTargetPlatform (93)
[2019.11.11-15.24.19:379][787]LogModuleManager: Shutting down and abandoning module MacTargetPlatform (91)
[2019.11.11-15.24.19:380][787]LogModuleManager: Shutting down and abandoning module MacServerTargetPlatform (89)
[2019.11.11-15.24.19:380][787]LogModuleManager: Shutting down and abandoning module MacNoEditorTargetPlatform (87)
[2019.11.11-15.24.19:380][787]LogModuleManager: Shutting down and abandoning module MacClientTargetPlatform (85)
[2019.11.11-15.24.19:381][787]LogModuleManager: Shutting down and abandoning module AllDesktopTargetPlatform (83)
[2019.11.11-15.24.19:381][787]LogModuleManager: Shutting down and abandoning module InputCore (80)
[2019.11.11-15.24.19:381][787]LogModuleManager: Shutting down and abandoning module Settings (78)
[2019.11.11-15.24.19:382][787]LogModuleManager: Shutting down and abandoning module DirectoryWatcher (76)
[2019.11.11-15.24.19:382][787]LogModuleManager: Shutting down and abandoning module PhysXCooking (74)
[2019.11.11-15.24.19:383][787]LogModuleManager: Shutting down and abandoning module SteamVR (72)
[2019.11.11-15.24.19:383][787]LogHMD: Freeing OpenVRDLLHandle.
[2019.11.11-15.24.19:383][787]LogModuleManager: Shutting down and abandoning module OculusHMD (70)
[2019.11.11-15.24.19:384][787]LogModuleManager: Shutting down and abandoning module ExampleDeviceProfileSelector (68)
[2019.11.11-15.24.19:384][787]LogModuleManager: Shutting down and abandoning module LauncherChunkInstaller (66)
[2019.11.11-15.24.19:384][787]LogModuleManager: Shutting down and abandoning module OnlineBlueprintSupport (64)
[2019.11.11-15.24.19:385][787]LogModuleManager: Shutting down and abandoning module OnlineSubsystem (60)
[2019.11.11-15.24.19:392][787]LogModuleManager: Shutting down and abandoning module XMPP (55)
[2019.11.11-15.24.19:393][787]LogModuleManager: Shutting down and abandoning module WebSockets (54)
[2019.11.11-15.24.19:438][787]LogModuleManager: Shutting down and abandoning module HTTP (51)
[2019.11.11-15.24.19:439][787]LogHttp: Display: Http module shutting down, but needs to wait on 1 outstanding Http requests:
[2019.11.11-15.24.19:440][787]LogHttp: Display: 	verb=[POST] url=[https://datarouter.ol.epicgames.com/datarouter/api/v1/public/data?SessionID=%7BBEAE1CAA-414A-3527-FABA-14854B4C6B6F%7D&AppID=UEEditor.UnrealEngine.Release&AppVersion=4.22.3-0%2B%2B%2BUE4%2BRelease-4.22&UserID=848cd26545eab0cc8a30289f28dd6e60%7C%7C8f3b939b-2959-471e-a823-b770bf3cb021&AppEnvironment=datacollector-source&UploadType=eteventstream] status=Processing
[2019.11.11-15.24.19:441][787]LogHttp: Warning: 0000026273B17240: request failed, libcurl error: 7 (Couldn't connect to server)
[2019.11.11-15.24.19:442][787]LogHttp: Warning: 0000026273B17240: libcurl info message cache 0 (Hostname datarouter.ol.epicgames.com was found in DNS cache)
[2019.11.11-15.24.19:442][787]LogHttp: Warning: 0000026273B17240: libcurl info message cache 1 (  Trying 52.70.110.70...)
[2019.11.11-15.24.19:443][787]LogHttp: Warning: 0000026273B17240: libcurl info message cache 2 (TCP_NODELAY set)
[2019.11.11-15.24.19:443][787]LogHttp: Warning: 0000026273B17240: libcurl info message cache 3 (connect to 52.70.110.70 port 443 failed: Bad access)
[2019.11.11-15.24.19:443][787]LogHttp: Warning: 0000026273B17240: libcurl info message cache 4 (  Trying 52.204.243.49...)
[2019.11.11-15.24.19:444][787]LogHttp: Warning: 0000026273B17240: libcurl info message cache 5 (TCP_NODELAY set)
[2019.11.11-15.24.19:444][787]LogHttp: Warning: 0000026273B17240: libcurl info message cache 6 (connect to 52.204.243.49 port 443 failed: Bad access)
[2019.11.11-15.24.19:444][787]LogHttp: Warning: 0000026273B17240: libcurl info message cache 7 (  Trying 52.45.123.19...)
[2019.11.11-15.24.19:445][787]LogHttp: Warning: 0000026273B17240: libcurl info message cache 8 (TCP_NODELAY set)
[2019.11.11-15.24.19:445][787]LogHttp: Warning: 0000026273B17240: libcurl info message cache 9 (connect to 52.45.123.19 port 443 failed: Bad access)
[2019.11.11-15.24.19:445][787]LogHttp: Warning: 0000026273B17240: libcurl info message cache 10 (  Trying 54.236.162.182...)
[2019.11.11-15.24.19:446][787]LogHttp: Warning: 0000026273B17240: libcurl info message cache 11 (TCP_NODELAY set)
[2019.11.11-15.24.19:446][787]LogHttp: Warning: 0000026273B17240: libcurl info message cache 12 (connect to 54.236.162.182 port 443 failed: Bad access)
[2019.11.11-15.24.19:446][787]LogHttp: Warning: 0000026273B17240: libcurl info message cache 13 (  Trying 52.87.134.163...)
[2019.11.11-15.24.19:447][787]LogHttp: Warning: 0000026273B17240: libcurl info message cache 14 (TCP_NODELAY set)
[2019.11.11-15.24.19:447][787]LogHttp: Warning: 0000026273B17240: libcurl info message cache 15 (connect to 52.87.134.163 port 443 failed: Bad access)
[2019.11.11-15.24.19:448][787]LogHttp: Warning: 0000026273B17240: libcurl info message cache 16 (  Trying 52.54.203.96...)
[2019.11.11-15.24.19:448][787]LogHttp: Warning: 0000026273B17240: libcurl info message cache 17 (TCP_NODELAY set)
[2019.11.11-15.24.19:449][787]LogHttp: Warning: 0000026273B17240: libcurl info message cache 18 (connect to 52.54.203.96 port 443 failed: Bad access)
[2019.11.11-15.24.19:449][787]LogHttp: Warning: 0000026273B17240: libcurl info message cache 19 (  Trying 3.216.167.239...)
[2019.11.11-15.24.19:449][787]LogHttp: Warning: 0000026273B17240: libcurl info message cache 20 (TCP_NODELAY set)
[2019.11.11-15.24.19:450][787]LogHttp: Warning: 0000026273B17240: libcurl info message cache 21 (connect to 3.216.167.239 port 443 failed: Bad access)
[2019.11.11-15.24.19:450][787]LogHttp: Warning: 0000026273B17240: libcurl info message cache 22 (  Trying 35.169.59.58...)
[2019.11.11-15.24.19:450][787]LogHttp: Warning: 0000026273B17240: libcurl info message cache 23 (TCP_NODELAY set)
[2019.11.11-15.24.19:451][787]LogHttp: Warning: 0000026273B17240: libcurl info message cache 24 (connect to 35.169.59.58 port 443 failed: Bad access)
[2019.11.11-15.24.19:451][787]LogHttp: Warning: 0000026273B17240: libcurl info message cache 25 (Failed to connect to datarouter.ol.epicgames.com port 443: Bad access)
[2019.11.11-15.24.19:452][787]LogHttp: Warning: 0000026273B17240: libcurl info message cache 26 (Closing connection 1)
[2019.11.11-15.24.19:472][787]LogModuleManager: Shutting down and abandoning module SSL (50)
[2019.11.11-15.24.19:477][787]LogModuleManager: Shutting down and abandoning module WmfMedia (46)
[2019.11.11-15.24.19:527][787]LogModuleManager: Shutting down and abandoning module Media (45)
[2019.11.11-15.24.19:544][787]LogModuleManager: Shutting down and abandoning module MagicLeap (42)
[2019.11.11-15.24.19:544][787]LogModuleManager: Shutting down and abandoning module DatasmithContent (40)
[2019.11.11-15.24.19:546][787]LogModuleManager: Shutting down and abandoning module AnimationModifiers (38)
[2019.11.11-15.24.19:547][787]LogModuleManager: Shutting down and abandoning module PropertyEditor (37)
[2019.11.11-15.24.19:548][787]LogModuleManager: Shutting down and abandoning module AudioEditor (34)
[2019.11.11-15.24.19:552][787]LogModuleManager: Shutting down and abandoning module TextureCompressor (32)
[2019.11.11-15.24.19:553][787]LogModuleManager: Shutting down and abandoning module RenderCore (30)
[2019.11.11-15.24.19:553][787]LogModuleManager: Shutting down and abandoning module Landscape (28)
[2019.11.11-15.24.19:553][787]LogModuleManager: Shutting down and abandoning module SlateRHIRenderer (26)
[2019.11.11-15.24.19:557][787]LogModuleManager: Shutting down and abandoning module OpenGLDrv (24)
[2019.11.11-15.24.19:558][787]LogModuleManager: Shutting down and abandoning module D3D11RHI (22)
[2019.11.11-15.24.19:558][787]LogModuleManager: Shutting down and abandoning module AnimGraphRuntime (20)
[2019.11.11-15.24.19:558][787]LogModuleManager: Shutting down and abandoning module Renderer (18)
[2019.11.11-15.24.19:560][787]LogModuleManager: Shutting down and abandoning module Engine (16)
[2019.11.11-15.24.19:560][787]LogModuleManager: Shutting down and abandoning module CoreUObject (14)
[2019.11.11-15.24.19:560][787]LogModuleManager: Shutting down and abandoning module NetworkFile (12)
[2019.11.11-15.24.19:560][787]LogModuleManager: Shutting down and abandoning module CookedIterativeFile (10)
[2019.11.11-15.24.19:560][787]LogModuleManager: Shutting down and abandoning module StreamingFile (8)
[2019.11.11-15.24.19:560][787]LogModuleManager: Shutting down and abandoning module SandboxFile (6)
[2019.11.11-15.24.19:561][787]LogModuleManager: Shutting down and abandoning module PakFile (4)
[2019.11.11-15.24.19:561][787]LogModuleManager: Shutting down and abandoning module RSA (3)
[2019.11.11-15.24.19:654][787]LogExit: Exiting.
[2019.11.11-15.24.19:692][787]Log file closed, 11/11/19 10:24:19
