Log file open, 10/02/19 11:24:59
LogWindows: Failed to load 'aqProf.dll' (GetLastError=126)
LogWindows: File 'aqProf.dll' does not exist
LogWindows: Failed to load 'VtuneApi.dll' (GetLastError=126)
LogWindows: File 'VtuneApi.dll' does not exist
LogWindows: Failed to load 'VtuneApi32e.dll' (GetLastError=126)
LogWindows: File 'VtuneApi32e.dll' does not exist
LogConsoleResponse: Display: Failed to find resolution value strings in scalability ini. Falling back to default.
LogInit: Display: Running engine for game: Assn2
LogPakFile: Registered encryption key '00000000000000000000000000000000': 0 pak files mounted, 0 remain pending
LogPlatformFile: Not using cached read wrapper
LogTaskGraph: Started task graph with 5 named threads and 23 total threads with 3 sets of task threads.
LogStats: Stats thread started at 1.456947
LogD3D11RHI: Loaded GFSDK_Aftermath_Lib.x64.dll
LogICUInternationalization: ICU TimeZone Detection - Raw Offset: -5:00, Platform Override: ''
LogPluginManager: Mounting plugin Paper2D
LogPluginManager: Mounting plugin AISupport
LogPluginManager: Mounting plugin LightPropagationVolume
LogPluginManager: Mounting plugin ActorLayerUtilities
LogPluginManager: Mounting plugin AnimationSharing
LogPluginManager: Mounting plugin CLionSourceCodeAccess
LogPluginManager: Mounting plugin CodeLiteSourceCodeAccess
LogPluginManager: Mounting plugin GitSourceControl
LogPluginManager: Mounting plugin KDevelopSourceCodeAccess
LogPluginManager: Mounting plugin NullSourceCodeAccess
LogPluginManager: Mounting plugin PerforceSourceControl
LogPluginManager: Mounting plugin SubversionSourceControl
LogPluginManager: Mounting plugin UObjectPlugin
LogPluginManager: Mounting plugin VisualStudioCodeSourceCodeAccess
LogPluginManager: Mounting plugin VisualStudioSourceCodeAccess
LogPluginManager: Mounting plugin XCodeSourceCodeAccess
LogPluginManager: Mounting plugin AssetManagerEditor
LogPluginManager: Mounting plugin CryptoKeys
LogPluginManager: Mounting plugin DataValidation
LogPluginManager: Mounting plugin FacialAnimation
LogPluginManager: Mounting plugin GameplayTagsEditor
LogPluginManager: Mounting plugin MacGraphicsSwitching
LogPluginManager: Mounting plugin MaterialAnalyzer
LogPluginManager: Mounting plugin MobileLauncherProfileWizard
LogPluginManager: Mounting plugin PluginBrowser
LogPluginManager: Mounting plugin SpeedTreeImporter
LogPluginManager: Mounting plugin DatasmithContent
LogPluginManager: Mounting plugin VariantManagerContent
LogPluginManager: Mounting plugin AlembicImporter
LogPluginManager: Mounting plugin AppleImageUtils
LogPluginManager: Mounting plugin AppleVision
LogPluginManager: Mounting plugin BackChannel
LogPluginManager: Mounting plugin CharacterAI
LogPluginManager: Mounting plugin GeometryCache
LogPluginManager: Mounting plugin HTML5Networking
LogPluginManager: Mounting plugin ProxyLODPlugin
LogPluginManager: Mounting plugin SkeletalReduction
LogPluginManager: Mounting plugin MagicLeap
LogPluginManager: Mounting plugin MagicLeapMedia
LogPluginManager: Mounting plugin AndroidMedia
LogPluginManager: Mounting plugin AvfMedia
LogPluginManager: Mounting plugin ImgMedia
LogPluginManager: Mounting plugin LinearTimecode
LogPluginManager: Mounting plugin MediaCompositing
LogPluginManager: Mounting plugin MediaPlayerEditor
LogPluginManager: Mounting plugin WebMMedia
LogPluginManager: Mounting plugin WmfMedia
LogPluginManager: Mounting plugin TcpMessaging
LogPluginManager: Mounting plugin UdpMessaging
LogPluginManager: Mounting plugin ActorSequence
LogPluginManager: Mounting plugin LevelSequenceEditor
LogPluginManager: Mounting plugin MatineeToLevelSequence
LogPluginManager: Mounting plugin NetcodeUnitTest
LogPluginManager: Mounting plugin NUTUnrealEngine4
LogPluginManager: Mounting plugin OnlineSubsystemGooglePlay
LogPluginManager: Mounting plugin OnlineSubsystemIOS
LogPluginManager: Mounting plugin OnlineSubsystem
LogPluginManager: Mounting plugin OnlineSubsystemNull
LogPluginManager: Mounting plugin OnlineSubsystemUtils
LogPluginManager: Mounting plugin LauncherChunkInstaller
LogPluginManager: Mounting plugin AndroidDeviceProfileSelector
LogPluginManager: Mounting plugin AndroidMoviePlayer
LogPluginManager: Mounting plugin AndroidPermission
LogPluginManager: Mounting plugin AppleMoviePlayer
LogPluginManager: Mounting plugin ArchVisCharacter
LogPluginManager: Mounting plugin AudioCapture
LogPluginManager: Mounting plugin CableComponent
LogPluginManager: Mounting plugin CustomMeshComponent
LogPluginManager: Mounting plugin EditableMesh
LogPluginManager: Mounting plugin ExampleDeviceProfileSelector
LogPluginManager: Mounting plugin Firebase
LogPluginManager: Mounting plugin GoogleCloudMessaging
LogPluginManager: Mounting plugin IOSDeviceProfileSelector
LogPluginManager: Mounting plugin LinuxDeviceProfileSelector
LogPluginManager: Mounting plugin LocationServicesBPLibrary
LogPluginManager: Mounting plugin MobilePatchingUtils
LogPluginManager: Mounting plugin OculusVR
LogPluginManager: Mounting plugin PhysXVehicles
LogPluginManager: Mounting plugin ProceduralMeshComponent
LogPluginManager: Mounting plugin RuntimePhysXCooking
LogPluginManager: Mounting plugin SignificanceManager
LogPluginManager: Mounting plugin SteamVR
LogPluginManager: Mounting plugin WebMMoviePlayer
LogPluginManager: Mounting plugin WindowsMoviePlayer
LogInit: Using libcurl 7.55.1-DEV
LogInit:  - built for x86_64-pc-win32
LogInit:  - supports SSL with OpenSSL/1.1.1
LogInit:  - supports HTTP deflate (compression) using libz 1.2.8
LogInit:  - other features:
LogInit:      CURL_VERSION_SSL
LogInit:      CURL_VERSION_LIBZ
LogInit:      CURL_VERSION_IPV6
LogInit:      CURL_VERSION_ASYNCHDNS
LogInit:      CURL_VERSION_LARGEFILE
LogInit:      CURL_VERSION_IDN
LogInit:  CurlRequestOptions (configurable via config and command line):
LogInit:  - bVerifyPeer = true  - Libcurl will verify peer certificate
LogInit:  - bUseHttpProxy = false  - Libcurl will NOT use HTTP proxy
LogInit:  - bDontReuseConnections = false  - Libcurl will reuse connections
LogInit:  - MaxHostConnections = 16  - Libcurl will limit the number of connections to a host
LogInit:  - LocalHostAddr = Default
LogInit:  - BufferSize = 65536
LogInit: WinSock: version 1.1 (2.2), MaxSocks=32767, MaxUdp=65467
LogInit: Build: ++UE4+Release-4.22-CL-0
LogInit: Engine Version: 4.22.3-0+++UE4+Release-4.22
LogInit: Compatible Engine Version: 4.22.0-0+++UE4+Release-4.22
LogInit: Net CL: 0
LogInit: OS: Windows 10 (Release 1903) (), CPU: Intel(R) Core(TM) i7-8550U CPU @ 1.80GHz, GPU: Intel(R) UHD Graphics 620
LogInit: Compiled (64-bit): Sep  5 2019 18:24:51
LogInit: Compiled with Visual C++: 19.22.27905.00
LogInit: Build Configuration: Development
LogInit: Branch Name: ++UE4+Release-4.22
LogInit: Command Line: 
LogInit: Base Directory: C:/Users/tzipkin/Documents/g4g2019/Engine/Binaries/Win64/
LogInit: Installed Engine Build: 0
LogDevObjectVersion: Number of dev versions registered: 23
LogDevObjectVersion:   Dev-Blueprints (B0D832E4-1F89-4F0D-ACCF-7EB736FD4AA2): 10
LogDevObjectVersion:   Dev-Build (E1C64328-A22C-4D53-A36C-8E866417BD8C): 0
LogDevObjectVersion:   Dev-Core (375EC13C-06E4-48FB-B500-84F0262A717E): 3
LogDevObjectVersion:   Dev-Editor (E4B068ED-F494-42E9-A231-DA0B2E46BB41): 30
LogDevObjectVersion:   Dev-Framework (CFFC743F-43B0-4480-9391-14DF171D2073): 35
LogDevObjectVersion:   Dev-Mobile (B02B49B5-BB20-44E9-A304-32B752E40360): 2
LogDevObjectVersion:   Dev-Networking (A4E4105C-59A1-49B5-A7C5-40C4547EDFEE): 0
LogDevObjectVersion:   Dev-Online (39C831C9-5AE6-47DC-9A44-9C173E1C8E7C): 0
LogDevObjectVersion:   Dev-Physics (78F01B33-EBEA-4F98-B9B4-84EACCB95AA2): 0
LogDevObjectVersion:   Dev-Platform (6631380F-2D4D-43E0-8009-CF276956A95A): 0
LogDevObjectVersion:   Dev-Rendering (12F88B9F-8875-4AFC-A67C-D90C383ABD29): 28
LogDevObjectVersion:   Dev-Sequencer (7B5AE74C-D270-4C10-A958-57980B212A5A): 11
LogDevObjectVersion:   Dev-VR (D7296918-1DD6-4BDD-9DE2-64A83CC13884): 2
LogDevObjectVersion:   Dev-LoadTimes (C2A15278-BFE7-4AFE-6C17-90FF531DF755): 1
LogDevObjectVersion:   Private-Geometry (6EACA3D4-40EC-4CC1-B786-8BED09428FC5): 3
LogDevObjectVersion:   Dev-AnimPhys (29E575DD-E0A3-4627-9D10-D276232CDCEA): 17
LogDevObjectVersion:   Dev-Anim (AF43A65D-7FD3-4947-9873-3E8ED9C1BB05): 2
LogDevObjectVersion:   Dev-ReflectionCapture (6B266CEC-1EC7-4B8F-A30B-E4D90942FC07): 1
LogDevObjectVersion:   Dev-Automation (0DF73D61-A23F-47EA-B727-89E90C41499A): 1
LogDevObjectVersion:   FortniteMain (601D1886-AC64-4F84-AA16-D3DE0DEAC7D6): 25
LogDevObjectVersion:   Dev-Enterprise (9DFFBCD6-494F-0158-E221-12823C92A888): 6
LogDevObjectVersion:   Dev-Niagara (F2AED0AC-9AFE-416F-8664-AA7FFA26D6FC): 1
LogDevObjectVersion:   Dev-Destruction (174F1F0B-B4C6-45A5-B13F-2EE8D0FB917D): 2
LogInit: Presizing for max 16777216 objects, including 0 objects not considered by GC, pre-allocating 0 bytes for permanent pool.
LogInit: Object subsystem initialized
LogConfig: Setting CVar [[con.DebugEarlyDefault:1]]
LogConfig: Setting CVar [[r.setres:1280x720]]
[2019.10.02-15.25.03:283][  0]LogConfig: Setting CVar [[r.VSync:0]]
[2019.10.02-15.25.03:284][  0]LogConfig: Setting CVar [[r.RHICmdBypass:0]]
[2019.10.02-15.25.03:284][  0]LogConfig: Applying CVar settings from Section [/Script/Engine.RendererSettings] File [../../../Assn2/Saved/Config/Windows/Engine.ini]
[2019.10.02-15.25.03:285][  0]LogConfig: Setting CVar [[r.GPUCrashDebugging:0]]
[2019.10.02-15.25.03:285][  0]LogConfig: Setting CVar [[r.DefaultFeature.AutoExposure.ExtendDefaultLuminanceRange:1]]
[2019.10.02-15.25.03:285][  0]LogConfig: Applying CVar settings from Section [/Script/Engine.RendererOverrideSettings] File [../../../Assn2/Saved/Config/Windows/Engine.ini]
[2019.10.02-15.25.03:286][  0]LogConfig: Applying CVar settings from Section [/Script/Engine.StreamingSettings] File [../../../Assn2/Saved/Config/Windows/Engine.ini]
[2019.10.02-15.25.03:286][  0]LogConfig: Setting CVar [[s.MinBulkDataSizeForAsyncLoading:131072]]
[2019.10.02-15.25.03:286][  0]LogConfig: Setting CVar [[s.AsyncLoadingThreadEnabled:0]]
[2019.10.02-15.25.03:287][  0]LogConfig: Setting CVar [[s.EventDrivenLoaderEnabled:1]]
[2019.10.02-15.25.03:287][  0]LogConfig: Setting CVar [[s.WarnIfTimeLimitExceeded:0]]
[2019.10.02-15.25.03:287][  0]LogConfig: Setting CVar [[s.TimeLimitExceededMultiplier:1.5]]
[2019.10.02-15.25.03:288][  0]LogConfig: Setting CVar [[s.TimeLimitExceededMinTime:0.005]]
[2019.10.02-15.25.03:288][  0]LogConfig: Setting CVar [[s.UseBackgroundLevelStreaming:1]]
[2019.10.02-15.25.03:288][  0]LogConfig: Setting CVar [[s.PriorityAsyncLoadingExtraTime:15.0]]
[2019.10.02-15.25.03:289][  0]LogConfig: Setting CVar [[s.LevelStreamingActorsUpdateTimeLimit:5.0]]
[2019.10.02-15.25.03:289][  0]LogConfig: Setting CVar [[s.PriorityLevelStreamingActorsUpdateExtraTime:5.0]]
[2019.10.02-15.25.03:289][  0]LogConfig: Setting CVar [[s.LevelStreamingComponentsRegistrationGranularity:10]]
[2019.10.02-15.25.03:290][  0]LogConfig: Setting CVar [[s.UnregisterComponentsTimeLimit:1.0]]
[2019.10.02-15.25.03:290][  0]LogConfig: Setting CVar [[s.LevelStreamingComponentsUnregistrationGranularity:5]]
[2019.10.02-15.25.03:290][  0]LogConfig: Applying CVar settings from Section [/Script/Engine.GarbageCollectionSettings] File [../../../Assn2/Saved/Config/Windows/Engine.ini]
[2019.10.02-15.25.03:291][  0]LogConfig: Setting CVar [[gc.MaxObjectsNotConsideredByGC:1]]
[2019.10.02-15.25.03:291][  0]LogConfig: Setting CVar [[gc.SizeOfPermanentObjectPool:0]]
[2019.10.02-15.25.03:291][  0]LogConfig: Setting CVar [[gc.FlushStreamingOnGC:0]]
[2019.10.02-15.25.03:292][  0]LogConfig: Setting CVar [[gc.NumRetriesBeforeForcingGC:10]]
[2019.10.02-15.25.03:292][  0]LogConfig: Setting CVar [[gc.AllowParallelGC:1]]
[2019.10.02-15.25.03:292][  0]LogConfig: Setting CVar [[gc.TimeBetweenPurgingPendingKillObjects:61.1]]
[2019.10.02-15.25.03:293][  0]LogConfig: Setting CVar [[gc.MaxObjectsInEditor:16777216]]
[2019.10.02-15.25.03:293][  0]LogConfig: Setting CVar [[gc.IncrementalBeginDestroyEnabled:1]]
[2019.10.02-15.25.03:293][  0]LogConfig: Setting CVar [[gc.CreateGCClusters:1]]
[2019.10.02-15.25.03:293][  0]LogConfig: Setting CVar [[gc.MinGCClusterSize:5]]
[2019.10.02-15.25.03:294][  0]LogConfig: Setting CVar [[gc.ActorClusteringEnabled:0]]
[2019.10.02-15.25.03:294][  0]LogConfig: Setting CVar [[gc.BlueprintClusteringEnabled:0]]
[2019.10.02-15.25.03:294][  0]LogConfig: Setting CVar [[gc.UseDisregardForGCOnDedicatedServers:0]]
[2019.10.02-15.25.03:295][  0]LogConfig: Applying CVar settings from Section [/Script/Engine.NetworkSettings] File [../../../Assn2/Saved/Config/Windows/Engine.ini]
[2019.10.02-15.25.03:295][  0]LogConfig: Applying CVar settings from Section [/Script/UnrealEd.CookerSettings] File [../../../Assn2/Saved/Config/Windows/Engine.ini]
[2019.10.02-15.25.03:330][  0]LogConfig: Applying CVar settings from Section [ViewDistanceQuality@3] File [../../../Assn2/Saved/Config/Windows/Scalability.ini]
[2019.10.02-15.25.03:331][  0]LogConfig: Setting CVar [[r.SkeletalMeshLODBias:0]]
[2019.10.02-15.25.03:331][  0]LogConfig: Setting CVar [[r.ViewDistanceScale:1.0]]
[2019.10.02-15.25.03:331][  0]LogConfig: Applying CVar settings from Section [AntiAliasingQuality@3] File [../../../Assn2/Saved/Config/Windows/Scalability.ini]
[2019.10.02-15.25.03:332][  0]LogConfig: Setting CVar [[r.PostProcessAAQuality:4]]
[2019.10.02-15.25.03:332][  0]LogConfig: Applying CVar settings from Section [ShadowQuality@3] File [../../../Assn2/Saved/Config/Windows/Scalability.ini]
[2019.10.02-15.25.03:332][  0]LogConfig: Setting CVar [[r.LightFunctionQuality:1]]
[2019.10.02-15.25.03:332][  0]LogConfig: Setting CVar [[r.ShadowQuality:5]]
[2019.10.02-15.25.03:333][  0]LogConfig: Setting CVar [[r.Shadow.CSM.MaxCascades:10]]
[2019.10.02-15.25.03:333][  0]LogConfig: Setting CVar [[r.Shadow.MaxResolution:2048]]
[2019.10.02-15.25.03:334][  0]LogConfig: Setting CVar [[r.Shadow.MaxCSMResolution:2048]]
[2019.10.02-15.25.03:335][  0]LogConfig: Setting CVar [[r.Shadow.RadiusThreshold:0.01]]
[2019.10.02-15.25.03:335][  0]LogConfig: Setting CVar [[r.Shadow.DistanceScale:1.0]]
[2019.10.02-15.25.03:335][  0]LogConfig: Setting CVar [[r.Shadow.CSM.TransitionScale:1.0]]
[2019.10.02-15.25.03:336][  0]LogConfig: Setting CVar [[r.Shadow.PreShadowResolutionFactor:1.0]]
[2019.10.02-15.25.03:336][  0]LogConfig: Setting CVar [[r.DistanceFieldShadowing:1]]
[2019.10.02-15.25.03:336][  0]LogConfig: Setting CVar [[r.DistanceFieldAO:1]]
[2019.10.02-15.25.03:337][  0]LogConfig: Setting CVar [[r.AOQuality:2]]
[2019.10.02-15.25.03:337][  0]LogConfig: Setting CVar [[r.VolumetricFog:1]]
[2019.10.02-15.25.03:337][  0]LogConfig: Setting CVar [[r.VolumetricFog.GridPixelSize:8]]
[2019.10.02-15.25.03:338][  0]LogConfig: Setting CVar [[r.VolumetricFog.GridSizeZ:128]]
[2019.10.02-15.25.03:338][  0]LogConfig: Setting CVar [[r.VolumetricFog.HistoryMissSupersampleCount:4]]
[2019.10.02-15.25.03:338][  0]LogConfig: Setting CVar [[r.LightMaxDrawDistanceScale:1]]
[2019.10.02-15.25.03:338][  0]LogConfig: Setting CVar [[r.CapsuleShadows:1]]
[2019.10.02-15.25.03:339][  0]LogConfig: Applying CVar settings from Section [PostProcessQuality@3] File [../../../Assn2/Saved/Config/Windows/Scalability.ini]
[2019.10.02-15.25.03:339][  0]LogConfig: Setting CVar [[r.MotionBlurQuality:4]]
[2019.10.02-15.25.03:339][  0]LogConfig: Setting CVar [[r.AmbientOcclusionMipLevelFactor:0.4]]
[2019.10.02-15.25.03:340][  0]LogConfig: Setting CVar [[r.AmbientOcclusionMaxQuality:100]]
[2019.10.02-15.25.03:340][  0]LogConfig: Setting CVar [[r.AmbientOcclusionLevels:-1]]
[2019.10.02-15.25.03:340][  0]LogConfig: Setting CVar [[r.AmbientOcclusionRadiusScale:1.0]]
[2019.10.02-15.25.03:341][  0]LogConfig: Setting CVar [[r.DepthOfFieldQuality:2]]
[2019.10.02-15.25.03:341][  0]LogConfig: Setting CVar [[r.RenderTargetPoolMin:400]]
[2019.10.02-15.25.03:341][  0]LogConfig: Setting CVar [[r.LensFlareQuality:2]]
[2019.10.02-15.25.03:342][  0]LogConfig: Setting CVar [[r.SceneColorFringeQuality:1]]
[2019.10.02-15.25.03:342][  0]LogConfig: Setting CVar [[r.EyeAdaptationQuality:2]]
[2019.10.02-15.25.03:342][  0]LogConfig: Setting CVar [[r.BloomQuality:5]]
[2019.10.02-15.25.03:343][  0]LogConfig: Setting CVar [[r.FastBlurThreshold:100]]
[2019.10.02-15.25.03:343][  0]LogConfig: Setting CVar [[r.Upscale.Quality:3]]
[2019.10.02-15.25.03:343][  0]LogConfig: Setting CVar [[r.Tonemapper.GrainQuantization:1]]
[2019.10.02-15.25.03:344][  0]LogConfig: Setting CVar [[r.LightShaftQuality:1]]
[2019.10.02-15.25.03:344][  0]LogConfig: Setting CVar [[r.Filter.SizeScale:1]]
[2019.10.02-15.25.03:344][  0]LogConfig: Setting CVar [[r.Tonemapper.Quality:5]]
[2019.10.02-15.25.03:345][  0]LogConfig: Setting CVar [[r.DOF.Gather.AccumulatorQuality:1        ; higher gathering accumulator quality]]
[2019.10.02-15.25.03:345][  0]LogConfig: Setting CVar [[r.DOF.Gather.PostfilterMethod:1          ; Median3x3 postfilering method]]
[2019.10.02-15.25.03:345][  0]LogConfig: Setting CVar [[r.DOF.Gather.EnableBokehSettings:0       ; no bokeh simulation when gathering]]
[2019.10.02-15.25.03:346][  0]LogConfig: Setting CVar [[r.DOF.Gather.RingCount:4                 ; medium number of samples when gathering]]
[2019.10.02-15.25.03:346][  0]LogConfig: Setting CVar [[r.DOF.Scatter.ForegroundCompositing:1    ; additive foreground scattering]]
[2019.10.02-15.25.03:346][  0]LogConfig: Setting CVar [[r.DOF.Scatter.BackgroundCompositing:2    ; additive background scattering]]
[2019.10.02-15.25.03:346][  0]LogConfig: Setting CVar [[r.DOF.Scatter.EnableBokehSettings:1      ; bokeh simulation when scattering]]
[2019.10.02-15.25.03:347][  0]LogConfig: Setting CVar [[r.DOF.Scatter.MaxSpriteRatio:0.1         ; only a maximum of 10% of scattered bokeh]]
[2019.10.02-15.25.03:347][  0]LogConfig: Setting CVar [[r.DOF.Recombine.Quality:1                ; cheap slight out of focus]]
[2019.10.02-15.25.03:347][  0]LogConfig: Setting CVar [[r.DOF.Recombine.EnableBokehSettings:0    ; no bokeh simulation on slight out of focus]]
[2019.10.02-15.25.03:347][  0]LogConfig: Setting CVar [[r.DOF.TemporalAAQuality:1                ; more stable temporal accumulation]]
[2019.10.02-15.25.03:348][  0]LogConfig: Setting CVar [[r.DOF.Kernel.MaxForegroundRadius:0.025]]
[2019.10.02-15.25.03:348][  0]LogConfig: Setting CVar [[r.DOF.Kernel.MaxBackgroundRadius:0.025]]
[2019.10.02-15.25.03:348][  0]LogConfig: Applying CVar settings from Section [TextureQuality@3] File [../../../Assn2/Saved/Config/Windows/Scalability.ini]
[2019.10.02-15.25.03:349][  0]LogConfig: Setting CVar [[r.Streaming.MipBias:0]]
[2019.10.02-15.25.03:349][  0]LogConfig: Setting CVar [[r.Streaming.AmortizeCPUToGPUCopy:0]]
[2019.10.02-15.25.03:349][  0]LogConfig: Setting CVar [[r.Streaming.MaxNumTexturesToStreamPerFrame:0]]
[2019.10.02-15.25.03:350][  0]LogConfig: Setting CVar [[r.Streaming.Boost:1]]
[2019.10.02-15.25.03:350][  0]LogConfig: Setting CVar [[r.MaxAnisotropy:8]]
[2019.10.02-15.25.03:350][  0]LogConfig: Setting CVar [[r.Streaming.LimitPoolSizeToVRAM:0]]
[2019.10.02-15.25.03:351][  0]LogConfig: Setting CVar [[r.Streaming.PoolSize:1000]]
[2019.10.02-15.25.03:351][  0]LogConfig: Setting CVar [[r.Streaming.MaxEffectiveScreenSize:0]]
[2019.10.02-15.25.03:351][  0]LogConfig: Applying CVar settings from Section [EffectsQuality@3] File [../../../Assn2/Saved/Config/Windows/Scalability.ini]
[2019.10.02-15.25.03:351][  0]LogConfig: Setting CVar [[r.TranslucencyLightingVolumeDim:64]]
[2019.10.02-15.25.03:352][  0]LogConfig: Setting CVar [[r.RefractionQuality:2]]
[2019.10.02-15.25.03:352][  0]LogConfig: Setting CVar [[r.SSR.Quality:3]]
[2019.10.02-15.25.03:352][  0]LogConfig: Setting CVar [[r.SceneColorFormat:4]]
[2019.10.02-15.25.03:353][  0]LogConfig: Setting CVar [[r.DetailMode:2]]
[2019.10.02-15.25.03:353][  0]LogConfig: Setting CVar [[r.TranslucencyVolumeBlur:1]]
[2019.10.02-15.25.03:353][  0]LogConfig: Setting CVar [[r.MaterialQualityLevel:1 ; High quality]]
[2019.10.02-15.25.03:353][  0]LogConfig: Setting CVar [[r.SSS.Scale:1]]
[2019.10.02-15.25.03:354][  0]LogConfig: Setting CVar [[r.SSS.SampleSet:2]]
[2019.10.02-15.25.03:354][  0]LogConfig: Setting CVar [[r.SSS.Quality:1]]
[2019.10.02-15.25.03:355][  0]LogConfig: Setting CVar [[r.SSS.HalfRes:1]]
[2019.10.02-15.25.03:355][  0]LogConfig: Setting CVar [[r.EmitterSpawnRateScale:1.0]]
[2019.10.02-15.25.03:355][  0]LogConfig: Setting CVar [[r.ParticleLightQuality:2]]
[2019.10.02-15.25.03:356][  0]LogConfig: Applying CVar settings from Section [FoliageQuality@3] File [../../../Assn2/Saved/Config/Windows/Scalability.ini]
[2019.10.02-15.25.03:356][  0]LogConfig: Setting CVar [[foliage.DensityScale:1.0]]
[2019.10.02-15.25.03:356][  0]LogConfig: Setting CVar [[grass.DensityScale:1.0]]
[2019.10.02-15.25.03:358][  0]LogInit: Selected Device Profile: [Windows]
[2019.10.02-15.25.03:358][  0]LogInit: Applying CVar settings loaded from the selected device profile: [Windows]
[2019.10.02-15.25.03:500][  0]LogHAL: Display: Platform has ~ 16 GB [17056698368 / 17179869184 / 16], which maps to Larger [LargestMinGB=32, LargerMinGB=12, DefaultMinGB=8, SmallerMinGB=6, SmallestMinGB=0)
[2019.10.02-15.25.03:500][  0]LogConfig: Setting CVar [[r.Vulkan.UseRealUBs:0		; Required until we fix HLR fall-out]]
[2019.10.02-15.25.03:501][  0]LogInit: Going up to parent DeviceProfile []
[2019.10.02-15.25.03:501][  0]LogConfig: Applying CVar settings from Section [ViewDistanceQuality@3] File [../../../Assn2/Saved/Config/Windows/Scalability.ini]
[2019.10.02-15.25.03:502][  0]LogConfig: Setting CVar [[r.SkeletalMeshLODBias:0]]
[2019.10.02-15.25.03:502][  0]LogConfig: Setting CVar [[r.ViewDistanceScale:1.0]]
[2019.10.02-15.25.03:502][  0]LogConfig: Applying CVar settings from Section [AntiAliasingQuality@3] File [../../../Assn2/Saved/Config/Windows/Scalability.ini]
[2019.10.02-15.25.03:503][  0]LogConfig: Setting CVar [[r.PostProcessAAQuality:4]]
[2019.10.02-15.25.03:503][  0]LogConfig: Applying CVar settings from Section [ShadowQuality@3] File [../../../Assn2/Saved/Config/Windows/Scalability.ini]
[2019.10.02-15.25.03:503][  0]LogConfig: Setting CVar [[r.LightFunctionQuality:1]]
[2019.10.02-15.25.03:503][  0]LogConfig: Setting CVar [[r.ShadowQuality:5]]
[2019.10.02-15.25.03:504][  0]LogConfig: Setting CVar [[r.Shadow.CSM.MaxCascades:10]]
[2019.10.02-15.25.03:504][  0]LogConfig: Setting CVar [[r.Shadow.MaxResolution:2048]]
[2019.10.02-15.25.03:504][  0]LogConfig: Setting CVar [[r.Shadow.MaxCSMResolution:2048]]
[2019.10.02-15.25.03:505][  0]LogConfig: Setting CVar [[r.Shadow.RadiusThreshold:0.01]]
[2019.10.02-15.25.03:505][  0]LogConfig: Setting CVar [[r.Shadow.DistanceScale:1.0]]
[2019.10.02-15.25.03:505][  0]LogConfig: Setting CVar [[r.Shadow.CSM.TransitionScale:1.0]]
[2019.10.02-15.25.03:506][  0]LogConfig: Setting CVar [[r.Shadow.PreShadowResolutionFactor:1.0]]
[2019.10.02-15.25.03:506][  0]LogConfig: Setting CVar [[r.DistanceFieldShadowing:1]]
[2019.10.02-15.25.03:506][  0]LogConfig: Setting CVar [[r.DistanceFieldAO:1]]
[2019.10.02-15.25.03:507][  0]LogConfig: Setting CVar [[r.AOQuality:2]]
[2019.10.02-15.25.03:507][  0]LogConfig: Setting CVar [[r.VolumetricFog:1]]
[2019.10.02-15.25.03:507][  0]LogConfig: Setting CVar [[r.VolumetricFog.GridPixelSize:8]]
[2019.10.02-15.25.03:507][  0]LogConfig: Setting CVar [[r.VolumetricFog.GridSizeZ:128]]
[2019.10.02-15.25.03:508][  0]LogConfig: Setting CVar [[r.VolumetricFog.HistoryMissSupersampleCount:4]]
[2019.10.02-15.25.03:508][  0]LogConfig: Setting CVar [[r.LightMaxDrawDistanceScale:1]]
[2019.10.02-15.25.03:508][  0]LogConfig: Setting CVar [[r.CapsuleShadows:1]]
[2019.10.02-15.25.03:509][  0]LogConfig: Applying CVar settings from Section [PostProcessQuality@3] File [../../../Assn2/Saved/Config/Windows/Scalability.ini]
[2019.10.02-15.25.03:509][  0]LogConfig: Setting CVar [[r.MotionBlurQuality:4]]
[2019.10.02-15.25.03:509][  0]LogConfig: Setting CVar [[r.AmbientOcclusionMipLevelFactor:0.4]]
[2019.10.02-15.25.03:510][  0]LogConfig: Setting CVar [[r.AmbientOcclusionMaxQuality:100]]
[2019.10.02-15.25.03:510][  0]LogConfig: Setting CVar [[r.AmbientOcclusionLevels:-1]]
[2019.10.02-15.25.03:510][  0]LogConfig: Setting CVar [[r.AmbientOcclusionRadiusScale:1.0]]
[2019.10.02-15.25.03:510][  0]LogConfig: Setting CVar [[r.DepthOfFieldQuality:2]]
[2019.10.02-15.25.03:511][  0]LogConfig: Setting CVar [[r.RenderTargetPoolMin:400]]
[2019.10.02-15.25.03:511][  0]LogConfig: Setting CVar [[r.LensFlareQuality:2]]
[2019.10.02-15.25.03:511][  0]LogConfig: Setting CVar [[r.SceneColorFringeQuality:1]]
[2019.10.02-15.25.03:512][  0]LogConfig: Setting CVar [[r.EyeAdaptationQuality:2]]
[2019.10.02-15.25.03:512][  0]LogConfig: Setting CVar [[r.BloomQuality:5]]
[2019.10.02-15.25.03:512][  0]LogConfig: Setting CVar [[r.FastBlurThreshold:100]]
[2019.10.02-15.25.03:513][  0]LogConfig: Setting CVar [[r.Upscale.Quality:3]]
[2019.10.02-15.25.03:513][  0]LogConfig: Setting CVar [[r.Tonemapper.GrainQuantization:1]]
[2019.10.02-15.25.03:513][  0]LogConfig: Setting CVar [[r.LightShaftQuality:1]]
[2019.10.02-15.25.03:513][  0]LogConfig: Setting CVar [[r.Filter.SizeScale:1]]
[2019.10.02-15.25.03:514][  0]LogConfig: Setting CVar [[r.Tonemapper.Quality:5]]
[2019.10.02-15.25.03:514][  0]LogConfig: Setting CVar [[r.DOF.Gather.AccumulatorQuality:1        ; higher gathering accumulator quality]]
[2019.10.02-15.25.03:514][  0]LogConfig: Setting CVar [[r.DOF.Gather.PostfilterMethod:1          ; Median3x3 postfilering method]]
[2019.10.02-15.25.03:515][  0]LogConfig: Setting CVar [[r.DOF.Gather.EnableBokehSettings:0       ; no bokeh simulation when gathering]]
[2019.10.02-15.25.03:515][  0]LogConfig: Setting CVar [[r.DOF.Gather.RingCount:4                 ; medium number of samples when gathering]]
[2019.10.02-15.25.03:515][  0]LogConfig: Setting CVar [[r.DOF.Scatter.ForegroundCompositing:1    ; additive foreground scattering]]
[2019.10.02-15.25.03:515][  0]LogConfig: Setting CVar [[r.DOF.Scatter.BackgroundCompositing:2    ; additive background scattering]]
[2019.10.02-15.25.03:516][  0]LogConfig: Setting CVar [[r.DOF.Scatter.EnableBokehSettings:1      ; bokeh simulation when scattering]]
[2019.10.02-15.25.03:516][  0]LogConfig: Setting CVar [[r.DOF.Scatter.MaxSpriteRatio:0.1         ; only a maximum of 10% of scattered bokeh]]
[2019.10.02-15.25.03:516][  0]LogConfig: Setting CVar [[r.DOF.Recombine.Quality:1                ; cheap slight out of focus]]
[2019.10.02-15.25.03:517][  0]LogConfig: Setting CVar [[r.DOF.Recombine.EnableBokehSettings:0    ; no bokeh simulation on slight out of focus]]
[2019.10.02-15.25.03:517][  0]LogConfig: Setting CVar [[r.DOF.TemporalAAQuality:1                ; more stable temporal accumulation]]
[2019.10.02-15.25.03:517][  0]LogConfig: Setting CVar [[r.DOF.Kernel.MaxForegroundRadius:0.025]]
[2019.10.02-15.25.03:518][  0]LogConfig: Setting CVar [[r.DOF.Kernel.MaxBackgroundRadius:0.025]]
[2019.10.02-15.25.03:518][  0]LogConfig: Applying CVar settings from Section [TextureQuality@3] File [../../../Assn2/Saved/Config/Windows/Scalability.ini]
[2019.10.02-15.25.03:518][  0]LogConfig: Setting CVar [[r.Streaming.MipBias:0]]
[2019.10.02-15.25.03:519][  0]LogConfig: Setting CVar [[r.Streaming.AmortizeCPUToGPUCopy:0]]
[2019.10.02-15.25.03:519][  0]LogConfig: Setting CVar [[r.Streaming.MaxNumTexturesToStreamPerFrame:0]]
[2019.10.02-15.25.03:519][  0]LogConfig: Setting CVar [[r.Streaming.Boost:1]]
[2019.10.02-15.25.03:520][  0]LogConfig: Setting CVar [[r.MaxAnisotropy:8]]
[2019.10.02-15.25.03:520][  0]LogConfig: Setting CVar [[r.Streaming.LimitPoolSizeToVRAM:0]]
[2019.10.02-15.25.03:520][  0]LogConfig: Setting CVar [[r.Streaming.PoolSize:1000]]
[2019.10.02-15.25.03:520][  0]LogConfig: Setting CVar [[r.Streaming.MaxEffectiveScreenSize:0]]
[2019.10.02-15.25.03:521][  0]LogConfig: Applying CVar settings from Section [EffectsQuality@3] File [../../../Assn2/Saved/Config/Windows/Scalability.ini]
[2019.10.02-15.25.03:521][  0]LogConfig: Setting CVar [[r.TranslucencyLightingVolumeDim:64]]
[2019.10.02-15.25.03:521][  0]LogConfig: Setting CVar [[r.RefractionQuality:2]]
[2019.10.02-15.25.03:522][  0]LogConfig: Setting CVar [[r.SSR.Quality:3]]
[2019.10.02-15.25.03:522][  0]LogConfig: Setting CVar [[r.SceneColorFormat:4]]
[2019.10.02-15.25.03:522][  0]LogConfig: Setting CVar [[r.DetailMode:2]]
[2019.10.02-15.25.03:522][  0]LogConfig: Setting CVar [[r.TranslucencyVolumeBlur:1]]
[2019.10.02-15.25.03:523][  0]LogConfig: Setting CVar [[r.MaterialQualityLevel:1 ; High quality]]
[2019.10.02-15.25.03:523][  0]LogConfig: Setting CVar [[r.SSS.Scale:1]]
[2019.10.02-15.25.03:523][  0]LogConfig: Setting CVar [[r.SSS.SampleSet:2]]
[2019.10.02-15.25.03:523][  0]LogConfig: Setting CVar [[r.SSS.Quality:1]]
[2019.10.02-15.25.03:524][  0]LogConfig: Setting CVar [[r.SSS.HalfRes:1]]
[2019.10.02-15.25.03:524][  0]LogConfig: Setting CVar [[r.EmitterSpawnRateScale:1.0]]
[2019.10.02-15.25.03:524][  0]LogConfig: Setting CVar [[r.ParticleLightQuality:2]]
[2019.10.02-15.25.03:525][  0]LogConfig: Applying CVar settings from Section [FoliageQuality@3] File [../../../Assn2/Saved/Config/Windows/Scalability.ini]
[2019.10.02-15.25.03:525][  0]LogConfig: Setting CVar [[foliage.DensityScale:1.0]]
[2019.10.02-15.25.03:525][  0]LogConfig: Setting CVar [[grass.DensityScale:1.0]]
[2019.10.02-15.25.03:525][  0]LogConfig: Applying CVar settings from Section [Startup] File [../../../Engine/Config/ConsoleVariables.ini]
[2019.10.02-15.25.03:548][  0]LogConfig: Setting CVar [[net.UseAdaptiveNetUpdateFrequency:0]]
[2019.10.02-15.25.03:549][  0]LogConfig: Setting CVar [[p.chaos.AllowCreatePhysxBodies:1]]
[2019.10.02-15.25.03:549][  0]LogConfig: Applying CVar settings from Section [ConsoleVariables] File [../../../Assn2/Saved/Config/Windows/Engine.ini]
[2019.10.02-15.25.03:551][  0]LogInit: Computer: DESKTOP-MG86K4A
[2019.10.02-15.25.03:551][  0]LogInit: User: tzipkin
[2019.10.02-15.25.03:551][  0]LogInit: CPU Page size=4096, Cores=4
[2019.10.02-15.25.03:552][  0]LogInit: High frequency timer resolution =10.000000 MHz
[2019.10.02-15.25.03:554][  0]LogMemory: Memory total: Physical=15.9GB (16GB approx)
[2019.10.02-15.25.03:554][  0]LogMemory: Platform Memory Stats for Windows
[2019.10.02-15.25.03:554][  0]LogMemory: Process Physical Memory: 86.53 MB used, 86.53 MB peak
[2019.10.02-15.25.03:554][  0]LogMemory: Process Virtual Memory: 82.43 MB used, 82.43 MB peak
[2019.10.02-15.25.03:555][  0]LogMemory: Physical Memory: 8674.30 MB used,  7592.23 MB free, 16266.54 MB total
[2019.10.02-15.25.03:555][  0]LogMemory: Virtual Memory: 4619.84 MB used,  134213112.00 MB free, 134217728.00 MB total
[2019.10.02-15.25.04:212][  0]LogInit: Using OS detected language (en-US).
[2019.10.02-15.25.04:212][  0]LogInit: Using OS detected locale (en-US).
[2019.10.02-15.25.04:214][  0]LogTextLocalizationManager: No specific localization for 'en-US' exists, so the 'en' localization will be used.
[2019.10.02-15.25.05:007][  0]LogInit: Setting process to per monitor DPI aware
[2019.10.02-15.25.05:257][  0]LogSlate: New Slate User Created.  User Index 0, Is Virtual User: 0
[2019.10.02-15.25.05:257][  0]LogSlate: Slate User Registered.  User Index 0, Is Virtual User: 0
[2019.10.02-15.25.11:928][  0]LogHMD: Failed to initialize OpenVR with code 110
[2019.10.02-15.25.11:928][  0]LogD3D11RHI: D3D11 adapters:
[2019.10.02-15.25.11:986][  0]LogD3D11RHI:    0. 'Intel(R) UHD Graphics 620' (Feature Level 11_0)
[2019.10.02-15.25.11:987][  0]LogD3D11RHI:       128/0/8133 MB DedicatedVideo/DedicatedSystem/SharedSystem, Outputs:1, VendorId:0x8086
[2019.10.02-15.25.12:937][  0]LogD3D11RHI:    1. 'NVIDIA GeForce MX150' (Feature Level 11_0)
[2019.10.02-15.25.12:938][  0]LogD3D11RHI:       1983/0/8133 MB DedicatedVideo/DedicatedSystem/SharedSystem, Outputs:0, VendorId:0x10de
[2019.10.02-15.25.12:978][  0]LogD3D11RHI:    2. 'Microsoft Basic Render Driver' (Feature Level 11_0)
[2019.10.02-15.25.12:978][  0]LogD3D11RHI:       0/0/8133 MB DedicatedVideo/DedicatedSystem/SharedSystem, Outputs:0, VendorId:0x1414
[2019.10.02-15.25.12:978][  0]LogD3D11RHI: Chosen D3D11 Adapter: 1
[2019.10.02-15.25.12:995][  0]LogD3D11RHI: Creating new Direct3DDevice
[2019.10.02-15.25.12:995][  0]LogD3D11RHI:     GPU DeviceId: 0x1d10 (for the marketing name, search the web for "GPU Device Id")
[2019.10.02-15.25.12:995][  0]LogWindows: EnumDisplayDevices:
[2019.10.02-15.25.12:996][  0]LogWindows:    0. 'Intel(R) UHD Graphics 620' (P:1 D:1)
[2019.10.02-15.25.12:996][  0]LogWindows:    1. 'Intel(R) UHD Graphics 620' (P:0 D:0)
[2019.10.02-15.25.12:997][  0]LogWindows:    2. 'Intel(R) UHD Graphics 620' (P:0 D:0)
[2019.10.02-15.25.12:998][  0]LogWindows: DebugString: PrimaryIsNotTheChoosenAdapter PrimaryIsNotTheChoosenAdapter PrimaryIsNotTheChoosenAdapter FoundDriverCount:0 
[2019.10.02-15.25.12:998][  0]LogD3D11RHI:     Adapter Name: NVIDIA GeForce MX150
[2019.10.02-15.25.12:998][  0]LogD3D11RHI:   Driver Version: Unknown (internal:Unknown, unified:Unknown)
[2019.10.02-15.25.12:998][  0]LogD3D11RHI:      Driver Date: Unknown
[2019.10.02-15.25.12:999][  0]LogRHI: Texture pool is 1388 MB (70% of 1983 MB)
[2019.10.02-15.25.13:107][  0]LogD3D11RHI: Async texture creation enabled
[2019.10.02-15.25.13:122][  0]LogRendererCore: FGlobalReadBuffer::InitRHI
[2019.10.02-15.25.13:123][  0]LogRendererCore: FGlobalReadBuffer::InitRHI
[2019.10.02-15.25.13:124][  0]LogRendererCore: FGlobalReadBuffer::InitRHI
[2019.10.02-15.25.13:143][  0]LogD3D11RHI: GPU Timing Frequency: 1000.000000 (Debug: 2 2)
[2019.10.02-15.25.13:704][  0]LogTemp: Display: Module 'AllDesktopTargetPlatform' loaded TargetPlatform 'AllDesktop'
[2019.10.02-15.25.13:855][  0]LogTemp: Display: Module 'MacClientTargetPlatform' loaded TargetPlatform 'MacClient'
[2019.10.02-15.25.13:992][  0]LogTemp: Display: Module 'MacNoEditorTargetPlatform' loaded TargetPlatform 'MacNoEditor'
[2019.10.02-15.25.14:126][  0]LogTemp: Display: Module 'MacServerTargetPlatform' loaded TargetPlatform 'MacServer'
[2019.10.02-15.25.14:297][  0]LogTemp: Display: Module 'MacTargetPlatform' loaded TargetPlatform 'Mac'
[2019.10.02-15.25.14:437][  0]LogTemp: Display: Module 'WindowsClientTargetPlatform' loaded TargetPlatform 'WindowsClient'
[2019.10.02-15.25.14:581][  0]LogTemp: Display: Module 'WindowsNoEditorTargetPlatform' loaded TargetPlatform 'WindowsNoEditor'
[2019.10.02-15.25.14:723][  0]LogTemp: Display: Module 'WindowsServerTargetPlatform' loaded TargetPlatform 'WindowsServer'
[2019.10.02-15.25.14:854][  0]LogTemp: Display: Module 'WindowsTargetPlatform' loaded TargetPlatform 'Windows'
[2019.10.02-15.25.15:004][  0]LogTemp: Display: Module 'AndroidTargetPlatform' loaded TargetPlatform 'Android'
[2019.10.02-15.25.15:005][  0]LogTemp: Display: Module 'AndroidTargetPlatform' loaded TargetPlatform 'Android_ASTC'
[2019.10.02-15.25.15:005][  0]LogTemp: Display: Module 'AndroidTargetPlatform' loaded TargetPlatform 'Android_ATC'
[2019.10.02-15.25.15:005][  0]LogTemp: Display: Module 'AndroidTargetPlatform' loaded TargetPlatform 'Android_DXT'
[2019.10.02-15.25.15:005][  0]LogTemp: Display: Module 'AndroidTargetPlatform' loaded TargetPlatform 'Android_ETC1'
[2019.10.02-15.25.15:005][  0]LogTemp: Display: Module 'AndroidTargetPlatform' loaded TargetPlatform 'Android_ETC1a'
[2019.10.02-15.25.15:005][  0]LogTemp: Display: Module 'AndroidTargetPlatform' loaded TargetPlatform 'Android_ETC2'
[2019.10.02-15.25.15:005][  0]LogTemp: Display: Module 'AndroidTargetPlatform' loaded TargetPlatform 'Android_PVRTC'
[2019.10.02-15.25.15:005][  0]LogTemp: Display: Module 'AndroidTargetPlatform' loaded TargetPlatform 'AndroidClient'
[2019.10.02-15.25.15:006][  0]LogTemp: Display: Module 'AndroidTargetPlatform' loaded TargetPlatform 'Android_ASTCClient'
[2019.10.02-15.25.15:006][  0]LogTemp: Display: Module 'AndroidTargetPlatform' loaded TargetPlatform 'Android_ATCClient'
[2019.10.02-15.25.15:006][  0]LogTemp: Display: Module 'AndroidTargetPlatform' loaded TargetPlatform 'Android_DXTClient'
[2019.10.02-15.25.15:006][  0]LogTemp: Display: Module 'AndroidTargetPlatform' loaded TargetPlatform 'Android_ETC1Client'
[2019.10.02-15.25.15:006][  0]LogTemp: Display: Module 'AndroidTargetPlatform' loaded TargetPlatform 'Android_ETC1aClient'
[2019.10.02-15.25.15:006][  0]LogTemp: Display: Module 'AndroidTargetPlatform' loaded TargetPlatform 'Android_ETC2Client'
[2019.10.02-15.25.15:006][  0]LogTemp: Display: Module 'AndroidTargetPlatform' loaded TargetPlatform 'Android_PVRTCClient'
[2019.10.02-15.25.15:007][  0]LogTemp: Display: Module 'AndroidTargetPlatform' loaded TargetPlatform 'Android_Multi'
[2019.10.02-15.25.15:007][  0]LogTemp: Display: Module 'AndroidTargetPlatform' loaded TargetPlatform 'Android_MultiClient'
[2019.10.02-15.25.15:072][  0]LogTemp: Display: Module 'HTML5TargetPlatform' loaded TargetPlatform 'HTML5'
[2019.10.02-15.25.15:392][  0]LogTemp: Display: Module 'IOSTargetPlatform' loaded TargetPlatform 'IOSClient'
[2019.10.02-15.25.15:392][  0]LogTemp: Display: Module 'IOSTargetPlatform' loaded TargetPlatform 'IOS'
[2019.10.02-15.25.15:523][  0]LogTemp: Display: Module 'TVOSTargetPlatform' loaded TargetPlatform 'TVOSClient'
[2019.10.02-15.25.15:523][  0]LogTemp: Display: Module 'TVOSTargetPlatform' loaded TargetPlatform 'TVOS'
[2019.10.02-15.25.15:678][  0]LogTemp: Display: Module 'LuminTargetPlatform' loaded TargetPlatform 'Lumin'
[2019.10.02-15.25.15:678][  0]LogTemp: Display: Module 'LuminTargetPlatform' loaded TargetPlatform 'LuminClient'
[2019.10.02-15.25.15:678][  0]LogTargetPlatformManager: Display: Building Assets For Windows
[2019.10.02-15.25.16:045][  0]LogAudioDebug: Display: Lib vorbis DLL was dynamically loaded.
[2019.10.02-15.25.17:733][  0]LogShaderCompilers: Guid format shader working directory is 33 characters bigger than the processId version (../../../Assn2/Intermediate/Shaders/WorkingDirectory/17580/).
[2019.10.02-15.25.17:733][  0]LogShaderCompilers: Cleaned the shader compiler working directory 'C:/Users/tzipkin/AppData/Local/Temp/UnrealShaderWorkingDir/DFD4B71146C5E3189432FA97672C66F4/'.
[2019.10.02-15.25.17:748][  0]LogXGEController: Cleaning working directory: C:/Users/tzipkin/AppData/Local/Temp/UnrealXGEWorkingDir/
[2019.10.02-15.25.17:749][  0]LogXGEController: Cannot use XGE Controller as Incredibuild is not installed on this machine.
[2019.10.02-15.25.17:750][  0]LogShaderCompilers: Cannot use XGE Shader Compiler as Incredibuild is not installed on this machine.
[2019.10.02-15.25.17:750][  0]LogShaderCompilers: Display: Using Local Shader Compiler.
[2019.10.02-15.25.17:776][  0]LogShaders: InitializeShaderTypes() begin
[2019.10.02-15.25.17:776][  0]LogShaders: Shader directory mapping /Engine -> ../../../Engine/Shaders
[2019.10.02-15.25.17:776][  0]LogShaders: Shader directory mapping /Plugin/DatasmithContent -> ../../../Engine/Plugins/Enterprise/DatasmithContent/Shaders
[2019.10.02-15.25.17:777][  0]LogShaders: Shader directory mapping /Plugin/WmfMedia -> ../../../Engine/Plugins/Media/WmfMedia/Shaders
[2019.10.02-15.25.17:777][  0]LogShaders: Shader directory mapping /Plugin/OculusVR -> ../../../Engine/Plugins/Runtime/Oculus/OculusVR/Shaders
[2019.10.02-15.25.22:066][  0]LogShaders: InitializeShaderTypes() end
[2019.10.02-15.25.22:488][  0]LogDerivedDataCache: Display: Max Cache Size: 512 MB
[2019.10.02-15.25.22:644][  0]LogDerivedDataCache: Loaded boot cache 0.16s 71MB ../../../Assn2/DerivedDataCache/Boot.ddc.
[2019.10.02-15.25.22:645][  0]LogDerivedDataCache: Display: Loaded Boot cache: ../../../Assn2/DerivedDataCache/Boot.ddc
[2019.10.02-15.25.22:645][  0]LogDerivedDataCache: FDerivedDataBackendGraph:  Pak pak cache file ../../../Assn2/DerivedDataCache/DDC.ddp not found, will not use a pak cache.
[2019.10.02-15.25.22:646][  0]LogDerivedDataCache: Unable to find inner node Pak for hierarchical cache Hierarchy.
[2019.10.02-15.25.22:646][  0]LogDerivedDataCache: FDerivedDataBackendGraph:  EnginePak pak cache file ../../../Engine/DerivedDataCache/DDC.ddp not found, will not use a pak cache.
[2019.10.02-15.25.22:646][  0]LogDerivedDataCache: Unable to find inner node EnginePak for hierarchical cache Hierarchy.
[2019.10.02-15.25.22:662][  0]LogDerivedDataCache: Using Local data cache path ../../../Engine/DerivedDataCache: Writable
[2019.10.02-15.25.22:663][  0]LogDerivedDataCache: Shared data cache path not found in *engine.ini, will not use an Shared cache.
[2019.10.02-15.25.22:663][  0]LogDerivedDataCache: Unable to find inner node Shared for hierarchical cache Hierarchy.
[2019.10.02-15.25.22:751][  0]LogMaterial: Verifying Global Shaders for PCD3D_SM5
[2019.10.02-15.25.22:760][  0]LogSlate: Using FreeType 2.6.0
[2019.10.02-15.25.22:812][  0]LogSlate: SlateFontServices - WITH_FREETYPE: 1, WITH_HARFBUZZ: 1
[2019.10.02-15.25.23:531][  0]LogAssetRegistry: FAssetRegistry took 0.0460 seconds to start up
[2019.10.02-15.25.24:252][  0]LogInit: Selected Device Profile: [Windows]
[2019.10.02-15.25.25:224][  0]LogMeshReduction: Using QuadricMeshReduction for automatic static mesh reduction
[2019.10.02-15.25.25:224][  0]LogMeshReduction: Using SimplygonMeshReduction for automatic skeletal mesh reduction
[2019.10.02-15.25.25:225][  0]LogMeshReduction: Using ProxyLODMeshReduction for automatic mesh merging
[2019.10.02-15.25.25:225][  0]LogMeshReduction: No distributed automatic mesh merging module available
[2019.10.02-15.25.25:225][  0]LogMeshMerging: No distributed automatic mesh merging module available
[2019.10.02-15.25.25:323][  0]LogNetVersion: Assn2 1.0.0, NetCL: 0, EngineNetVer: 10, GameNetVer: 0 (Checksum: 2506206958)
[2019.10.02-15.25.27:738][  0]LogPackageLocalizationCache: Processed 10 localized package path(s) for 1 prioritized culture(s) in 0.145832 seconds
[2019.10.02-15.25.27:753][  0]LogUObjectArray: 42189 objects as part of root set at end of initial load.
[2019.10.02-15.25.27:753][  0]LogUObjectAllocator: 7322048 out of 0 bytes used by permanent object pool.
[2019.10.02-15.25.27:753][  0]LogUObjectArray: CloseDisregardForGC: 0/0 objects in disregard for GC pool
[2019.10.02-15.25.41:448][  0]LogTcpMessaging: Initializing TcpMessaging bridge
[2019.10.02-15.25.41:551][  0]LogUdpMessaging: Initializing bridge on interface 0.0.0.0:0 to multicast group 230.0.0.1:6666.
[2019.10.02-15.25.43:073][  0]SourceControl: Source control is disabled
[2019.10.02-15.25.43:075][  0]SourceControl: Source control is disabled
[2019.10.02-15.25.43:189][  0]SourceControl: Source control is disabled
[2019.10.02-15.25.43:244][  0]SourceControl: Source control is disabled
[2019.10.02-15.25.46:043][  0]LogAndroidPermission: UAndroidPermissionCallbackProxy::GetInstance
[2019.10.02-15.25.47:352][  0]LogOcInput: OculusInput pre-init called
[2019.10.02-15.25.50:266][  0]LogEngine: Initializing Engine...
[2019.10.02-15.25.50:273][  0]LogHMD: Failed to initialize OpenVR with code 110
[2019.10.02-15.25.50:280][  0]LogStats: UGameplayTagsManager::InitializeManager -  0.001 s
[2019.10.02-15.25.51:342][  0]LogInit: Initializing FReadOnlyCVARCache
[2019.10.02-15.25.51:478][  0]LogAIModule: Creating AISystem for world Untitled
[2019.10.02-15.25.51:554][  0]LogInit: XAudio2 using 'Speaker/Headphone (Realtek High Definition Audio(SST))' : 2 channels at 48 kHz using 32 bits per sample (channel mask 0x3)
[2019.10.02-15.25.52:543][  0]LogInit: FAudioDevice initialized.
[2019.10.02-15.25.52:544][  0]LogNetVersion: Set ProjectVersion to 1.0.0.0. Version Checksum will be recalculated on next use.
[2019.10.02-15.25.52:637][  0]LogDerivedDataCache: Saved boot cache 0.09s 71MB ../../../Assn2/DerivedDataCache/Boot.ddc.
[2019.10.02-15.25.52:657][  0]LogInit: Texture streaming: Enabled
[2019.10.02-15.25.52:947][  0]LogEngineSessionManager: EngineSessionManager initialized
[2019.10.02-15.25.52:947][  0]LogEngineSessionManager: EngineSessionManager sent abnormal shutdown report. Type=Debugger, SessionId={830FFECA-44EF-7323-9FEE-16B9B2C95C2E}
[2019.10.02-15.25.53:184][  0]LogInit: Transaction tracking system initialized
[2019.10.02-15.25.53:786][  0]BlueprintLog: New page: Editor Load
[2019.10.02-15.25.56:557][  0]LocalizationService: Localization service is disabled
[2019.10.02-15.26.00:297][  0]LogFileCache: Scanning file cache for directory 'C:/Users/tzipkin/Documents/g4g2019/Assn2/Content/' took 0.02s
[2019.10.02-15.26.00:297][  0]LogCook: Display: Max memory allowance for cook 16384mb min free memory 0mb
[2019.10.02-15.26.00:298][  0]LogCook: Display: Mobile HDR setting 1
[2019.10.02-15.26.06:166][  0]SourceControl: Source control is disabled
[2019.10.02-15.26.06:168][  0]Cmd: MAP LOAD FILE="../../../Engine/Content/Maps/Templates/Template_Default.umap" TEMPLATE=1 SHOWPROGRESS=1 FEATURELEVEL=3
[2019.10.02-15.26.06:188][  0]LightingResults: New page: Lighting Build
[2019.10.02-15.26.06:203][  0]MapCheck: New page: Map Check
[2019.10.02-15.26.06:203][  0]LightingResults: New page: Lighting Build
[2019.10.02-15.26.06:281][  0]LogUObjectHash: Compacting FUObjectHashTables data took   3.98ms
[2019.10.02-15.26.06:683][  0]LogAIModule: Creating AISystem for world Untitled_1
[2019.10.02-15.26.06:723][  0]LogEditorServer: Finished looking for orphan Actors (0.000 secs)
[2019.10.02-15.26.06:760][  0]LogUObjectHash: Compacting FUObjectHashTables data took   2.60ms
[2019.10.02-15.26.06:760][  0]Cmd: MAP CHECKDEP NOCLEARLOG
[2019.10.02-15.26.06:761][  0]MapCheck: Map check complete: 0 Error(s), 0 Warning(s), took 0.221ms to complete.
[2019.10.02-15.26.06:761][  0]LogFileHelpers: Loading map 'Template_Default' took 0.594
[2019.10.02-15.26.07:166][  0]LogSlate: Updating window title bar state: overlay mode, drag disabled, window buttons hidden, title bar hidden
[2019.10.02-15.26.07:205][  0]LogSlate: Updating window title bar state: overlay mode, drag disabled, window buttons hidden, title bar hidden
[2019.10.02-15.26.07:252][  0]LogSlate: Updating window title bar state: overlay mode, drag disabled, window buttons hidden, title bar hidden
[2019.10.02-15.26.07:299][  0]LogSlate: Updating window title bar state: overlay mode, drag disabled, window buttons hidden, title bar hidden
[2019.10.02-15.26.07:455][  0]LogCollectionManager: Loaded 0 collections in 0.005325 seconds
[2019.10.02-15.26.07:485][  0]LogFileCache: Scanning file cache for directory 'C:/Users/tzipkin/Documents/g4g2019/Assn2/Saved/Collections/' took 0.01s
[2019.10.02-15.26.07:485][  0]LogFileCache: Scanning file cache for directory 'C:/Users/tzipkin/Documents/g4g2019/Assn2/Content/Developers/tzipkin/Collections/' took 0.00s
[2019.10.02-15.26.07:485][  0]LogFileCache: Scanning file cache for directory 'C:/Users/tzipkin/Documents/g4g2019/Assn2/Content/Collections/' took 0.00s
[2019.10.02-15.26.07:485][  0]LogCollectionManager: Rebuilt the GUID cache for 0 collections in 0.000001 seconds
[2019.10.02-15.26.07:504][  0]LogContentBrowser: Native class hierarchy populated in 0.0183 seconds. Added 2734 classes and 659 folders.
[2019.10.02-15.26.07:522][  0]LogContentBrowser: Native class hierarchy updated for 'WidgetCarousel' in 0.0006 seconds. Added 0 classes and 0 folders.
[2019.10.02-15.26.07:540][  0]LogPakFile: Registered encryption key '00000000000000000000000000000000': 0 pak files mounted, 0 remain pending
[2019.10.02-15.26.07:598][  0]LogPakFile: Registered encryption key '00000000000000000000000000000000': 0 pak files mounted, 0 remain pending
[2019.10.02-15.26.07:639][  0]LogPakFile: Registered encryption key '00000000000000000000000000000000': 0 pak files mounted, 0 remain pending
[2019.10.02-15.26.07:654][  0]LogPakFile: Registered encryption key '00000000000000000000000000000000': 0 pak files mounted, 0 remain pending
[2019.10.02-15.26.07:664][  0]LogPakFile: Registered encryption key '00000000000000000000000000000000': 0 pak files mounted, 0 remain pending
[2019.10.02-15.26.07:673][  0]LogPakFile: Registered encryption key '00000000000000000000000000000000': 0 pak files mounted, 0 remain pending
[2019.10.02-15.26.07:681][  0]LogPakFile: Registered encryption key '00000000000000000000000000000000': 0 pak files mounted, 0 remain pending
[2019.10.02-15.26.07:692][  0]LogPakFile: Registered encryption key '00000000000000000000000000000000': 0 pak files mounted, 0 remain pending
[2019.10.02-15.26.07:701][  0]LogPakFile: Registered encryption key '00000000000000000000000000000000': 0 pak files mounted, 0 remain pending
[2019.10.02-15.26.07:711][  0]LogPakFile: Registered encryption key '00000000000000000000000000000000': 0 pak files mounted, 0 remain pending
[2019.10.02-15.26.07:720][  0]LogPakFile: Registered encryption key '00000000000000000000000000000000': 0 pak files mounted, 0 remain pending
[2019.10.02-15.26.07:728][  0]LogPakFile: Registered encryption key '00000000000000000000000000000000': 0 pak files mounted, 0 remain pending
[2019.10.02-15.26.07:738][  0]LogPakFile: Registered encryption key '00000000000000000000000000000000': 0 pak files mounted, 0 remain pending
[2019.10.02-15.26.07:747][  0]LogPakFile: Registered encryption key '00000000000000000000000000000000': 0 pak files mounted, 0 remain pending
[2019.10.02-15.26.07:757][  0]LogPakFile: Registered encryption key '00000000000000000000000000000000': 0 pak files mounted, 0 remain pending
[2019.10.02-15.26.07:770][  0]LogPakFile: Registered encryption key '00000000000000000000000000000000': 0 pak files mounted, 0 remain pending
[2019.10.02-15.26.07:782][  0]LogPakFile: Registered encryption key '00000000000000000000000000000000': 0 pak files mounted, 0 remain pending
[2019.10.02-15.26.07:793][  0]LogPakFile: Registered encryption key '00000000000000000000000000000000': 0 pak files mounted, 0 remain pending
[2019.10.02-15.26.07:805][  0]LogPakFile: Registered encryption key '00000000000000000000000000000000': 0 pak files mounted, 0 remain pending
[2019.10.02-15.26.07:818][  0]LogPakFile: Registered encryption key '00000000000000000000000000000000': 0 pak files mounted, 0 remain pending
[2019.10.02-15.26.07:830][  0]LogPakFile: Registered encryption key '00000000000000000000000000000000': 0 pak files mounted, 0 remain pending
[2019.10.02-15.26.07:841][  0]LogPakFile: Registered encryption key '00000000000000000000000000000000': 0 pak files mounted, 0 remain pending
[2019.10.02-15.26.07:853][  0]LogPakFile: Registered encryption key '00000000000000000000000000000000': 0 pak files mounted, 0 remain pending
[2019.10.02-15.26.07:864][  0]LogPakFile: Registered encryption key '00000000000000000000000000000000': 0 pak files mounted, 0 remain pending
[2019.10.02-15.26.07:880][  0]LogPakFile: Registered encryption key '00000000000000000000000000000000': 0 pak files mounted, 0 remain pending
[2019.10.02-15.26.07:894][  0]LogPakFile: Registered encryption key '00000000000000000000000000000000': 0 pak files mounted, 0 remain pending
[2019.10.02-15.26.08:191][  0]LogContentBrowser: Native class hierarchy updated for 'AddContentDialog' in 0.0007 seconds. Added 0 classes and 0 folders.
[2019.10.02-15.26.08:301][  0]LogContentBrowser: Native class hierarchy updated for 'SceneOutliner' in 0.0009 seconds. Added 1 classes and 2 folders.
[2019.10.02-15.26.08:383][  0]LogSlate: Took 0.013865 seconds to synchronously load lazily loaded font '../../../Engine/Content/Slate/Fonts/Roboto-Regular.ttf' (155K)
[2019.10.02-15.26.08:394][  0]LogSlate: Took 0.007882 seconds to synchronously load lazily loaded font '../../../Engine/Content/Slate/Fonts/Roboto-Bold.ttf' (160K)
[2019.10.02-15.26.08:627][  0]LogRenderer: Reallocating scene render targets to support 856x420 Format 10 NumSamples 1 (Frame:1).
[2019.10.02-15.26.09:244][  0]LogContentBrowser: Native class hierarchy updated for 'HierarchicalLODOutliner' in 0.0005 seconds. Added 0 classes and 0 folders.
[2019.10.02-15.26.09:245][  0]LogLoad: (Engine Initialization) Total time: 76.23 seconds
[2019.10.02-15.26.09:245][  0]LogLoad: (Engine Initialization) Total Blueprint compile time: 0.00 seconds
[2019.10.02-15.26.09:320][  0]LogAssetRegistry: Asset discovery search completed in 45.8158 seconds
[2019.10.02-15.26.09:324][  0]LogCollectionManager: Rebuilt the object cache for 0 collections in 0.000014 seconds (found 0 objects)
[2019.10.02-15.26.09:324][  0]LogCollectionManager: Fixed up redirectors for 0 collections in 0.000171 seconds (updated 0 objects)
[2019.10.02-15.26.09:327][  0]LogContentStreaming: Texture pool size now 1000 MB
[2019.10.02-15.26.46:080][179]LogSlate: FSceneViewport::OnFocusLost() reason 2
[2019.10.02-15.26.48:174][269]LogSlate: Took 0.057988 seconds to synchronously load lazily loaded font '../../../Engine/Content/Editor/Slate/Fonts/FontAwesome.ttf' (139K)
[2019.10.02-15.26.50:568][398]LogSlate: Took 0.017953 seconds to synchronously load lazily loaded font '../../../Engine/Content/Slate/Fonts/Roboto-Light.ttf' (167K)
[2019.10.02-15.26.50:590][398]LogAssetEditorManager: Opening Asset editor for Class /Script/Assn2.MyActor
[2019.10.02-15.26.50:855][398]LogVSAccessor: Warning: Couldn't goto line number '1' in 'C:/Users/tzipkin/Documents/g4g2019/Assn2/Source/Assn2/MyActor.h'
[2019.10.02-15.26.54:638][509]LogSlate: FSceneViewport::OnFocusLost() reason 2
[2019.10.02-15.26.55:790][555]LogSlate: FSceneViewport::OnFocusLost() reason 2
[2019.10.02-15.26.56:984][604]LogUObjectHash: Compacting FUObjectHashTables data took   1.12ms
[2019.10.02-15.26.56:986][604]Cmd: MAP LOAD FILE="../../../Assn2/Content/assn2.umap" TEMPLATE=0 SHOWPROGRESS=1 FEATURELEVEL=3
[2019.10.02-15.26.57:022][604]LightingResults: New page: Lighting Build
[2019.10.02-15.26.57:023][604]LoadErrors: New page: Loading map: assn2.umap
[2019.10.02-15.26.57:025][604]MapCheck: New page: Map Check
[2019.10.02-15.26.57:026][604]LightingResults: New page: Lighting Build
[2019.10.02-15.26.57:065][604]LogUObjectHash: Compacting FUObjectHashTables data took   2.42ms
[2019.10.02-15.26.57:551][604]LogAIModule: Creating AISystem for world assn2
[2019.10.02-15.26.57:589][604]LogEditorServer: Finished looking for orphan Actors (0.000 secs)
[2019.10.02-15.26.57:686][604]LogUObjectHash: Compacting FUObjectHashTables data took   5.28ms
[2019.10.02-15.26.57:784][604]Cmd: MAP CHECKDEP NOCLEARLOG
[2019.10.02-15.26.57:786][604]MapCheck: Map check complete: 0 Error(s), 0 Warning(s), took 0.629ms to complete.
[2019.10.02-15.26.57:786][604]LogFileHelpers: Loading map 'assn2' took 0.801
[2019.10.02-15.26.57:788][604]LogSlate: Window 'Open Level' being destroyed
[2019.10.02-15.26.59:946][717]LogEditorViewport: Clicking on Actor (LMB): MyActor (MyActor3)
[2019.10.02-15.27.09:416][172]LogHttp: Warning: 000001CDCC616480: request failed, libcurl error: 7 (Couldn't connect to server)
[2019.10.02-15.27.09:416][172]LogHttp: Warning: 000001CDCC616480: libcurl info message cache 0 (  Trying 52.54.243.91...)
[2019.10.02-15.27.09:416][172]LogHttp: Warning: 000001CDCC616480: libcurl info message cache 1 (TCP_NODELAY set)
[2019.10.02-15.27.09:417][172]LogHttp: Warning: 000001CDCC616480: libcurl info message cache 2 (connect to 52.54.243.91 port 443 failed: Bad access)
[2019.10.02-15.27.09:417][172]LogHttp: Warning: 000001CDCC616480: libcurl info message cache 3 (  Trying 52.1.22.73...)
[2019.10.02-15.27.09:417][172]LogHttp: Warning: 000001CDCC616480: libcurl info message cache 4 (TCP_NODELAY set)
[2019.10.02-15.27.09:418][172]LogHttp: Warning: 000001CDCC616480: libcurl info message cache 5 (connect to 52.1.22.73 port 443 failed: Bad access)
[2019.10.02-15.27.09:418][172]LogHttp: Warning: 000001CDCC616480: libcurl info message cache 6 (  Trying 54.224.96.69...)
[2019.10.02-15.27.09:418][172]LogHttp: Warning: 000001CDCC616480: libcurl info message cache 7 (TCP_NODELAY set)
[2019.10.02-15.27.09:419][172]LogHttp: Warning: 000001CDCC616480: libcurl info message cache 8 (connect to 54.224.96.69 port 443 failed: Bad access)
[2019.10.02-15.27.09:420][172]LogHttp: Warning: 000001CDCC616480: libcurl info message cache 9 (  Trying 54.85.53.73...)
[2019.10.02-15.27.09:420][172]LogHttp: Warning: 000001CDCC616480: libcurl info message cache 10 (TCP_NODELAY set)
[2019.10.02-15.27.09:421][172]LogHttp: Warning: 000001CDCC616480: libcurl info message cache 11 (connect to 54.85.53.73 port 443 failed: Bad access)
[2019.10.02-15.27.09:421][172]LogHttp: Warning: 000001CDCC616480: libcurl info message cache 12 (  Trying 52.22.91.178...)
[2019.10.02-15.27.09:421][172]LogHttp: Warning: 000001CDCC616480: libcurl info message cache 13 (TCP_NODELAY set)
[2019.10.02-15.27.09:422][172]LogHttp: Warning: 000001CDCC616480: libcurl info message cache 14 (connect to 52.22.91.178 port 443 failed: Bad access)
[2019.10.02-15.27.09:422][172]LogHttp: Warning: 000001CDCC616480: libcurl info message cache 15 (  Trying 35.169.76.60...)
[2019.10.02-15.27.09:422][172]LogHttp: Warning: 000001CDCC616480: libcurl info message cache 16 (TCP_NODELAY set)
[2019.10.02-15.27.09:423][172]LogHttp: Warning: 000001CDCC616480: libcurl info message cache 17 (connect to 35.169.76.60 port 443 failed: Bad access)
[2019.10.02-15.27.09:423][172]LogHttp: Warning: 000001CDCC616480: libcurl info message cache 18 (  Trying 54.174.205.197...)
[2019.10.02-15.27.09:423][172]LogHttp: Warning: 000001CDCC616480: libcurl info message cache 19 (TCP_NODELAY set)
[2019.10.02-15.27.09:423][172]LogHttp: Warning: 000001CDCC616480: libcurl info message cache 20 (connect to 54.174.205.197 port 443 failed: Bad access)
[2019.10.02-15.27.09:424][172]LogHttp: Warning: 000001CDCC616480: libcurl info message cache 21 (  Trying 52.2.113.85...)
[2019.10.02-15.27.09:424][172]LogHttp: Warning: 000001CDCC616480: libcurl info message cache 22 (TCP_NODELAY set)
[2019.10.02-15.27.09:424][172]LogHttp: Warning: 000001CDCC616480: libcurl info message cache 23 (connect to 52.2.113.85 port 443 failed: Bad access)
[2019.10.02-15.27.09:425][172]LogHttp: Warning: 000001CDCC616480: libcurl info message cache 24 (Failed to connect to datarouter.ol.epicgames.com port 443: Bad access)
[2019.10.02-15.27.09:425][172]LogHttp: Warning: 000001CDCC616480: libcurl info message cache 25 (Closing connection 0)
[2019.10.02-15.27.09:425][172]LogHttp: Warning: Retry exhausted on https://datarouter.ol.epicgames.com/datarouter/api/v1/public/data?SessionID=%7BA634F511-4AA6-F088-5F50-B5964D279649%7D&AppID=UEEditor.UnrealEngine.Release&AppVersion=4.22.3-0%2B%2B%2BUE4%2BRelease-4.22&UserID=848cd26545eab0cc8a30289f28dd6e60%7C%7C8f3b939b-2959-471e-a823-b770bf3cb021&AppEnvironment=datacollector-source&UploadType=eteventstream
[2019.10.02-15.27.14:572][400]LogSlate: FSceneViewport::OnFocusLost() reason 0
[2019.10.02-15.27.40:701][654]LogUObjectHash: Compacting FUObjectHashTables data took   1.46ms
[2019.10.02-15.27.42:675][654]LogSlate: Window 'Save Content' being destroyed
[2019.10.02-15.27.42:842][654]LogSlate: Window 'Assn2 - Unreal Editor' being destroyed
[2019.10.02-15.27.43:297][655]Cmd: QUIT_EDITOR
[2019.10.02-15.27.43:409][655]LogWindowsTextInputMethodSystem: Display: IME system now deactivated.
[2019.10.02-15.27.43:469][655]LogExit: Preparing to exit.
[2019.10.02-15.27.44:196][655]LogExit: Editor shut down
[2019.10.02-15.27.44:198][655]LogExit: Transaction tracking system shut down
[2019.10.02-15.27.44:678][655]LogExit: Object subsystem successfully closed.
[2019.10.02-15.27.44:774][655]LogShaderCompilers: Display: Shaders left to compile 0
[2019.10.02-15.27.44:785][655]LogD3D11RHI: Shutdown
[2019.10.02-15.27.44:786][655]LogD3D11RHI: CleanupD3DDevice
[2019.10.02-15.27.44:788][655]LogRendererCore: FGlobalReadBuffer::ReleaseRHI
[2019.10.02-15.27.44:788][655]LogRendererCore: FGlobalDynamicReadBuffer::Cleanup()
[2019.10.02-15.27.44:788][655]LogRendererCore: FGlobalReadBuffer::ReleaseRHI
[2019.10.02-15.27.44:789][655]LogRendererCore: FGlobalDynamicReadBuffer::Cleanup()
[2019.10.02-15.27.44:789][655]LogRendererCore: FGlobalReadBuffer::ReleaseRHI
[2019.10.02-15.27.44:789][655]LogRendererCore: FGlobalDynamicReadBuffer::Cleanup()
[2019.10.02-15.27.45:007][655]LogD3D11RHI: ~FD3D11DynamicRHI
[2019.10.02-15.27.45:068][655]LogModuleManager: Shutting down and abandoning module HierarchicalLODOutliner (630)
[2019.10.02-15.27.45:068][655]LogModuleManager: Shutting down and abandoning module SceneOutliner (628)
[2019.10.02-15.27.45:068][655]LogModuleManager: Shutting down and abandoning module AddContentDialog (626)
[2019.10.02-15.27.45:069][655]LogModuleManager: Shutting down and abandoning module WidgetCarousel (625)
[2019.10.02-15.27.45:069][655]LogModuleManager: Shutting down and abandoning module EditorWidgets (622)
[2019.10.02-15.27.45:069][655]LogModuleManager: Shutting down and abandoning module CollectionManager (620)
[2019.10.02-15.27.45:070][655]LogModuleManager: Shutting down and abandoning module HierarchicalLODUtilities (618)
[2019.10.02-15.27.45:070][655]LogModuleManager: Shutting down and abandoning module StatsViewer (616)
[2019.10.02-15.27.45:071][655]LogModuleManager: Shutting down and abandoning module FoliageEdit (614)
[2019.10.02-15.27.45:071][655]LogModuleManager: Shutting down and abandoning module LandscapeEditor (612)
[2019.10.02-15.27.45:072][655]LogModuleManager: Shutting down and abandoning module MeshPaintMode (610)
[2019.10.02-15.27.45:072][655]LogModuleManager: Shutting down and abandoning module SceneDepthPickerMode (608)
[2019.10.02-15.27.45:072][655]LogModuleManager: Shutting down and abandoning module ActorPickerMode (606)
[2019.10.02-15.27.45:073][655]LogModuleManager: Shutting down and abandoning module GeometryMode (604)
[2019.10.02-15.27.45:073][655]LogModuleManager: Shutting down and abandoning module TextureAlignMode (602)
[2019.10.02-15.27.45:073][655]LogModuleManager: Shutting down and abandoning module BspMode (600)
[2019.10.02-15.27.45:073][655]LogModuleManager: Shutting down and abandoning module PIEPreviewDeviceProfileSelector (598)
[2019.10.02-15.27.45:073][655]LogModuleManager: Shutting down and abandoning module SequenceRecorderSections (596)
[2019.10.02-15.27.45:074][655]LogModuleManager: Shutting down and abandoning module AutomationWorker (594)
[2019.10.02-15.27.45:074][655]LogModuleManager: Shutting down and abandoning module OculusMR (592)
[2019.10.02-15.27.45:074][655]LogModuleManager: Shutting down and abandoning module AudioCaptureEditor (590)
[2019.10.02-15.27.45:074][655]LogModuleManager: Shutting down and abandoning module MatineeToLevelSequence (588)
[2019.10.02-15.27.45:074][655]LogModuleManager: Shutting down and abandoning module LevelSequenceEditor (586)
[2019.10.02-15.27.45:075][655]LogModuleManager: Shutting down and abandoning module PlacementMode (585)
[2019.10.02-15.27.45:075][655]LogModuleManager: Shutting down and abandoning module MaterialEditor (584)
[2019.10.02-15.27.45:077][655]LogModuleManager: Shutting down and abandoning module ActorSequenceEditor (580)
[2019.10.02-15.27.45:077][655]LogModuleManager: Shutting down and abandoning module WmfMediaFactory (578)
[2019.10.02-15.27.45:077][655]LogModuleManager: Shutting down and abandoning module WmfMediaEditor (576)
[2019.10.02-15.27.45:078][655]LogModuleManager: Shutting down and abandoning module WebMMediaFactory (574)
[2019.10.02-15.27.45:078][655]LogModuleManager: Shutting down and abandoning module WebMMediaEditor (572)
[2019.10.02-15.27.45:078][655]LogModuleManager: Shutting down and abandoning module WebMMedia (570)
[2019.10.02-15.27.45:078][655]LogModuleManager: Shutting down and abandoning module MediaPlayerEditor (568)
[2019.10.02-15.27.45:078][655]LogModuleManager: Shutting down and abandoning module MediaCompositingEditor (566)
[2019.10.02-15.27.45:079][655]LogModuleManager: Shutting down and abandoning module SequenceRecorder (565)
[2019.10.02-15.27.45:079][655]LogModuleManager: Shutting down and abandoning module OpenExrWrapper (562)
[2019.10.02-15.27.45:079][655]LogModuleManager: Shutting down and abandoning module ImgMediaFactory (560)
[2019.10.02-15.27.45:079][655]LogModuleManager: Shutting down and abandoning module ImgMediaEditor (558)
[2019.10.02-15.27.45:080][655]LogModule