Log file open, 09/27/19 15:34:47
LogWindows: Failed to load 'aqProf.dll' (GetLastError=126)
LogWindows: File 'aqProf.dll' does not exist
LogWindows: Failed to load 'VtuneApi.dll' (GetLastError=126)
LogWindows: File 'VtuneApi.dll' does not exist
LogWindows: Failed to load 'VtuneApi32e.dll' (GetLastError=126)
LogWindows: File 'VtuneApi32e.dll' does not exist
LogConsoleResponse: Display: Failed to find resolution value strings in scalability ini. Falling back to default.
LogInit: Display: Running engine for game: Assn2
LogPakFile: Registered encryption key '00000000000000000000000000000000': 0 pak files mounted, 0 remain pending
LogPlatformFile: Not using cached read wrapper
LogTaskGraph: Started task graph with 5 named threads and 23 total threads with 3 sets of task threads.
LogStats: Stats thread started at 0.379812
LogD3D11RHI: Loaded GFSDK_Aftermath_Lib.x64.dll
LogICUInternationalization: ICU TimeZone Detection - Raw Offset: -5:00, Platform Override: ''
LogPluginManager: Mounting plugin Paper2D
LogPluginManager: Mounting plugin AISupport
LogPluginManager: Mounting plugin LightPropagationVolume
LogPluginManager: Mounting plugin ActorLayerUtilities
LogPluginManager: Mounting plugin AnimationSharing
LogPluginManager: Mounting plugin CLionSourceCodeAccess
LogPluginManager: Mounting plugin CodeLiteSourceCodeAccess
LogPluginManager: Mounting plugin GitSourceControl
LogPluginManager: Mounting plugin KDevelopSourceCodeAccess
LogPluginManager: Mounting plugin NullSourceCodeAccess
LogPluginManager: Mounting plugin PerforceSourceControl
LogPluginManager: Mounting plugin SubversionSourceControl
LogPluginManager: Mounting plugin UObjectPlugin
LogPluginManager: Mounting plugin VisualStudioCodeSourceCodeAccess
LogPluginManager: Mounting plugin VisualStudioSourceCodeAccess
LogPluginManager: Mounting plugin XCodeSourceCodeAccess
LogPluginManager: Mounting plugin AssetManagerEditor
LogPluginManager: Mounting plugin CryptoKeys
LogPluginManager: Mounting plugin DataValidation
LogPluginManager: Mounting plugin FacialAnimation
LogPluginManager: Mounting plugin GameplayTagsEditor
LogPluginManager: Mounting plugin MacGraphicsSwitching
LogPluginManager: Mounting plugin MaterialAnalyzer
LogPluginManager: Mounting plugin MobileLauncherProfileWizard
LogPluginManager: Mounting plugin PluginBrowser
LogPluginManager: Mounting plugin SpeedTreeImporter
LogPluginManager: Mounting plugin DatasmithContent
LogPluginManager: Mounting plugin VariantManagerContent
LogPluginManager: Mounting plugin AlembicImporter
LogPluginManager: Mounting plugin AppleImageUtils
LogPluginManager: Mounting plugin AppleVision
LogPluginManager: Mounting plugin BackChannel
LogPluginManager: Mounting plugin CharacterAI
LogPluginManager: Mounting plugin GeometryCache
LogPluginManager: Mounting plugin HTML5Networking
LogPluginManager: Mounting plugin ProxyLODPlugin
LogPluginManager: Mounting plugin SkeletalReduction
LogPluginManager: Mounting plugin MagicLeap
LogPluginManager: Mounting plugin MagicLeapMedia
LogPluginManager: Mounting plugin AndroidMedia
LogPluginManager: Mounting plugin AvfMedia
LogPluginManager: Mounting plugin ImgMedia
LogPluginManager: Mounting plugin LinearTimecode
LogPluginManager: Mounting plugin MediaCompositing
LogPluginManager: Mounting plugin MediaPlayerEditor
LogPluginManager: Mounting plugin WebMMedia
LogPluginManager: Mounting plugin WmfMedia
LogPluginManager: Mounting plugin TcpMessaging
LogPluginManager: Mounting plugin UdpMessaging
LogPluginManager: Mounting plugin ActorSequence
LogPluginManager: Mounting plugin LevelSequenceEditor
LogPluginManager: Mounting plugin MatineeToLevelSequence
LogPluginManager: Mounting plugin NetcodeUnitTest
LogPluginManager: Mounting plugin NUTUnrealEngine4
LogPluginManager: Mounting plugin OnlineSubsystemGooglePlay
LogPluginManager: Mounting plugin OnlineSubsystemIOS
LogPluginManager: Mounting plugin OnlineSubsystem
LogPluginManager: Mounting plugin OnlineSubsystemNull
LogPluginManager: Mounting plugin OnlineSubsystemUtils
LogPluginManager: Mounting plugin LauncherChunkInstaller
LogPluginManager: Mounting plugin AndroidDeviceProfileSelector
LogPluginManager: Mounting plugin AndroidMoviePlayer
LogPluginManager: Mounting plugin AndroidPermission
LogPluginManager: Mounting plugin AppleMoviePlayer
LogPluginManager: Mounting plugin ArchVisCharacter
LogPluginManager: Mounting plugin AudioCapture
LogPluginManager: Mounting plugin CableComponent
LogPluginManager: Mounting plugin CustomMeshComponent
LogPluginManager: Mounting plugin EditableMesh
LogPluginManager: Mounting plugin ExampleDeviceProfileSelector
LogPluginManager: Mounting plugin Firebase
LogPluginManager: Mounting plugin GoogleCloudMessaging
LogPluginManager: Mounting plugin IOSDeviceProfileSelector
LogPluginManager: Mounting plugin LinuxDeviceProfileSelector
LogPluginManager: Mounting plugin LocationServicesBPLibrary
LogPluginManager: Mounting plugin MobilePatchingUtils
LogPluginManager: Mounting plugin OculusVR
LogPluginManager: Mounting plugin PhysXVehicles
LogPluginManager: Mounting plugin ProceduralMeshComponent
LogPluginManager: Mounting plugin RuntimePhysXCooking
LogPluginManager: Mounting plugin SignificanceManager
LogPluginManager: Mounting plugin SteamVR
LogPluginManager: Mounting plugin WebMMoviePlayer
LogPluginManager: Mounting plugin WindowsMoviePlayer
LogInit: Using libcurl 7.55.1-DEV
LogInit:  - built for x86_64-pc-win32
LogInit:  - supports SSL with OpenSSL/1.1.1
LogInit:  - supports HTTP deflate (compression) using libz 1.2.8
LogInit:  - other features:
LogInit:      CURL_VERSION_SSL
LogInit:      CURL_VERSION_LIBZ
LogInit:      CURL_VERSION_IPV6
LogInit:      CURL_VERSION_ASYNCHDNS
LogInit:      CURL_VERSION_LARGEFILE
LogInit:      CURL_VERSION_IDN
LogInit:  CurlRequestOptions (configurable via config and command line):
LogInit:  - bVerifyPeer = true  - Libcurl will verify peer certificate
LogInit:  - bUseHttpProxy = false  - Libcurl will NOT use HTTP proxy
LogInit:  - bDontReuseConnections = false  - Libcurl will reuse connections
LogInit:  - MaxHostConnections = 16  - Libcurl will limit the number of connections to a host
LogInit:  - LocalHostAddr = Default
LogInit:  - BufferSize = 65536
LogInit: WinSock: version 1.1 (2.2), MaxSocks=32767, MaxUdp=65467
LogInit: Build: ++UE4+Release-4.22-CL-0
LogInit: Engine Version: 4.22.3-0+++UE4+Release-4.22
LogInit: Compatible Engine Version: 4.22.0-0+++UE4+Release-4.22
LogInit: Net CL: 0
LogInit: OS: Windows 10 (Release 1903) (), CPU: Intel(R) Core(TM) i7-8550U CPU @ 1.80GHz, GPU: Intel(R) UHD Graphics 620
LogInit: Compiled (64-bit): Sep  5 2019 18:24:51
LogInit: Compiled with Visual C++: 19.22.27905.00
LogInit: Build Configuration: Development
LogInit: Branch Name: ++UE4+Release-4.22
LogInit: Command Line: 
LogInit: Base Directory: C:/Users/tzipkin/Documents/g4g2019/Engine/Binaries/Win64/
LogInit: Installed Engine Build: 0
LogDevObjectVersion: Number of dev versions registered: 23
LogDevObjectVersion:   Dev-Blueprints (B0D832E4-1F89-4F0D-ACCF-7EB736FD4AA2): 10
LogDevObjectVersion:   Dev-Build (E1C64328-A22C-4D53-A36C-8E866417BD8C): 0
LogDevObjectVersion:   Dev-Core (375EC13C-06E4-48FB-B500-84F0262A717E): 3
LogDevObjectVersion:   Dev-Editor (E4B068ED-F494-42E9-A231-DA0B2E46BB41): 30
LogDevObjectVersion:   Dev-Framework (CFFC743F-43B0-4480-9391-14DF171D2073): 35
LogDevObjectVersion:   Dev-Mobile (B02B49B5-BB20-44E9-A304-32B752E40360): 2
LogDevObjectVersion:   Dev-Networking (A4E4105C-59A1-49B5-A7C5-40C4547EDFEE): 0
LogDevObjectVersion:   Dev-Online (39C831C9-5AE6-47DC-9A44-9C173E1C8E7C): 0
LogDevObjectVersion:   Dev-Physics (78F01B33-EBEA-4F98-B9B4-84EACCB95AA2): 0
LogDevObjectVersion:   Dev-Platform (6631380F-2D4D-43E0-8009-CF276956A95A): 0
LogDevObjectVersion:   Dev-Rendering (12F88B9F-8875-4AFC-A67C-D90C383ABD29): 28
LogDevObjectVersion:   Dev-Sequencer (7B5AE74C-D270-4C10-A958-57980B212A5A): 11
LogDevObjectVersion:   Dev-VR (D7296918-1DD6-4BDD-9DE2-64A83CC13884): 2
LogDevObjectVersion:   Dev-LoadTimes (C2A15278-BFE7-4AFE-6C17-90FF531DF755): 1
LogDevObjectVersion:   Private-Geometry (6EACA3D4-40EC-4CC1-B786-8BED09428FC5): 3
LogDevObjectVersion:   Dev-AnimPhys (29E575DD-E0A3-4627-9D10-D276232CDCEA): 17
LogDevObjectVersion:   Dev-Anim (AF43A65D-7FD3-4947-9873-3E8ED9C1BB05): 2
LogDevObjectVersion:   Dev-ReflectionCapture (6B266CEC-1EC7-4B8F-A30B-E4D90942FC07): 1
LogDevObjectVersion:   Dev-Automation (0DF73D61-A23F-47EA-B727-89E90C41499A): 1
LogDevObjectVersion:   FortniteMain (601D1886-AC64-4F84-AA16-D3DE0DEAC7D6): 25
LogDevObjectVersion:   Dev-Enterprise (9DFFBCD6-494F-0158-E221-12823C92A888): 6
LogDevObjectVersion:   Dev-Niagara (F2AED0AC-9AFE-416F-8664-AA7FFA26D6FC): 1
LogDevObjectVersion:   Dev-Destruction (174F1F0B-B4C6-45A5-B13F-2EE8D0FB917D): 2
LogInit: Presizing for max 16777216 objects, including 0 objects not considered by GC, pre-allocating 0 bytes for permanent pool.
LogInit: Object subsystem initialized
LogConfig: Setting CVar [[con.DebugEarlyDefault:1]]
LogConfig: Setting CVar [[r.setres:1280x720]]
[2019.09.27-19.34.48:379][  0]LogConfig: Setting CVar [[r.VSync:0]]
[2019.09.27-19.34.48:379][  0]LogConfig: Setting CVar [[r.RHICmdBypass:0]]
[2019.09.27-19.34.48:379][  0]LogConfig: Applying CVar settings from Section [/Script/Engine.RendererSettings] File [../../../Assn2/Saved/Config/Windows/Engine.ini]
[2019.09.27-19.34.48:379][  0]LogConfig: Setting CVar [[r.GPUCrashDebugging:0]]
[2019.09.27-19.34.48:379][  0]LogConfig: Setting CVar [[r.DefaultFeature.AutoExposure.ExtendDefaultLuminanceRange:1]]
[2019.09.27-19.34.48:379][  0]LogConfig: Applying CVar settings from Section [/Script/Engine.RendererOverrideSettings] File [../../../Assn2/Saved/Config/Windows/Engine.ini]
[2019.09.27-19.34.48:380][  0]LogConfig: Applying CVar settings from Section [/Script/Engine.StreamingSettings] File [../../../Assn2/Saved/Config/Windows/Engine.ini]
[2019.09.27-19.34.48:380][  0]LogConfig: Setting CVar [[s.MinBulkDataSizeForAsyncLoading:131072]]
[2019.09.27-19.34.48:380][  0]LogConfig: Setting CVar [[s.AsyncLoadingThreadEnabled:0]]
[2019.09.27-19.34.48:380][  0]LogConfig: Setting CVar [[s.EventDrivenLoaderEnabled:1]]
[2019.09.27-19.34.48:380][  0]LogConfig: Setting CVar [[s.WarnIfTimeLimitExceeded:0]]
[2019.09.27-19.34.48:380][  0]LogConfig: Setting CVar [[s.TimeLimitExceededMultiplier:1.5]]
[2019.09.27-19.34.48:380][  0]LogConfig: Setting CVar [[s.TimeLimitExceededMinTime:0.005]]
[2019.09.27-19.34.48:380][  0]LogConfig: Setting CVar [[s.UseBackgroundLevelStreaming:1]]
[2019.09.27-19.34.48:380][  0]LogConfig: Setting CVar [[s.PriorityAsyncLoadingExtraTime:15.0]]
[2019.09.27-19.34.48:380][  0]LogConfig: Setting CVar [[s.LevelStreamingActorsUpdateTimeLimit:5.0]]
[2019.09.27-19.34.48:380][  0]LogConfig: Setting CVar [[s.PriorityLevelStreamingActorsUpdateExtraTime:5.0]]
[2019.09.27-19.34.48:380][  0]LogConfig: Setting CVar [[s.LevelStreamingComponentsRegistrationGranularity:10]]
[2019.09.27-19.34.48:380][  0]LogConfig: Setting CVar [[s.UnregisterComponentsTimeLimit:1.0]]
[2019.09.27-19.34.48:381][  0]LogConfig: Setting CVar [[s.LevelStreamingComponentsUnregistrationGranularity:5]]
[2019.09.27-19.34.48:381][  0]LogConfig: Applying CVar settings from Section [/Script/Engine.GarbageCollectionSettings] File [../../../Assn2/Saved/Config/Windows/Engine.ini]
[2019.09.27-19.34.48:381][  0]LogConfig: Setting CVar [[gc.MaxObjectsNotConsideredByGC:1]]
[2019.09.27-19.34.48:381][  0]LogConfig: Setting CVar [[gc.SizeOfPermanentObjectPool:0]]
[2019.09.27-19.34.48:381][  0]LogConfig: Setting CVar [[gc.FlushStreamingOnGC:0]]
[2019.09.27-19.34.48:381][  0]LogConfig: Setting CVar [[gc.NumRetriesBeforeForcingGC:10]]
[2019.09.27-19.34.48:381][  0]LogConfig: Setting CVar [[gc.AllowParallelGC:1]]
[2019.09.27-19.34.48:381][  0]LogConfig: Setting CVar [[gc.TimeBetweenPurgingPendingKillObjects:61.1]]
[2019.09.27-19.34.48:381][  0]LogConfig: Setting CVar [[gc.MaxObjectsInEditor:16777216]]
[2019.09.27-19.34.48:381][  0]LogConfig: Setting CVar [[gc.IncrementalBeginDestroyEnabled:1]]
[2019.09.27-19.34.48:381][  0]LogConfig: Setting CVar [[gc.CreateGCClusters:1]]
[2019.09.27-19.34.48:381][  0]LogConfig: Setting CVar [[gc.MinGCClusterSize:5]]
[2019.09.27-19.34.48:381][  0]LogConfig: Setting CVar [[gc.ActorClusteringEnabled:0]]
[2019.09.27-19.34.48:381][  0]LogConfig: Setting CVar [[gc.BlueprintClusteringEnabled:0]]
[2019.09.27-19.34.48:382][  0]LogConfig: Setting CVar [[gc.UseDisregardForGCOnDedicatedServers:0]]
[2019.09.27-19.34.48:382][  0]LogConfig: Applying CVar settings from Section [/Script/Engine.NetworkSettings] File [../../../Assn2/Saved/Config/Windows/Engine.ini]
[2019.09.27-19.34.48:382][  0]LogConfig: Applying CVar settings from Section [/Script/UnrealEd.CookerSettings] File [../../../Assn2/Saved/Config/Windows/Engine.ini]
[2019.09.27-19.34.48:396][  0]LogConfig: Applying CVar settings from Section [ViewDistanceQuality@3] File [../../../Assn2/Saved/Config/Windows/Scalability.ini]
[2019.09.27-19.34.48:397][  0]LogConfig: Setting CVar [[r.SkeletalMeshLODBias:0]]
[2019.09.27-19.34.48:397][  0]LogConfig: Setting CVar [[r.ViewDistanceScale:1.0]]
[2019.09.27-19.34.48:397][  0]LogConfig: Applying CVar settings from Section [AntiAliasingQuality@3] File [../../../Assn2/Saved/Config/Windows/Scalability.ini]
[2019.09.27-19.34.48:397][  0]LogConfig: Setting CVar [[r.PostProcessAAQuality:4]]
[2019.09.27-19.34.48:398][  0]LogConfig: Applying CVar settings from Section [ShadowQuality@3] File [../../../Assn2/Saved/Config/Windows/Scalability.ini]
[2019.09.27-19.34.48:398][  0]LogConfig: Setting CVar [[r.LightFunctionQuality:1]]
[2019.09.27-19.34.48:398][  0]LogConfig: Setting CVar [[r.ShadowQuality:5]]
[2019.09.27-19.34.48:398][  0]LogConfig: Setting CVar [[r.Shadow.CSM.MaxCascades:10]]
[2019.09.27-19.34.48:398][  0]LogConfig: Setting CVar [[r.Shadow.MaxResolution:2048]]
[2019.09.27-19.34.48:398][  0]LogConfig: Setting CVar [[r.Shadow.MaxCSMResolution:2048]]
[2019.09.27-19.34.48:398][  0]LogConfig: Setting CVar [[r.Shadow.RadiusThreshold:0.01]]
[2019.09.27-19.34.48:398][  0]LogConfig: Setting CVar [[r.Shadow.DistanceScale:1.0]]
[2019.09.27-19.34.48:398][  0]LogConfig: Setting CVar [[r.Shadow.CSM.TransitionScale:1.0]]
[2019.09.27-19.34.48:398][  0]LogConfig: Setting CVar [[r.Shadow.PreShadowResolutionFactor:1.0]]
[2019.09.27-19.34.48:398][  0]LogConfig: Setting CVar [[r.DistanceFieldShadowing:1]]
[2019.09.27-19.34.48:399][  0]LogConfig: Setting CVar [[r.DistanceFieldAO:1]]
[2019.09.27-19.34.48:399][  0]LogConfig: Setting CVar [[r.AOQuality:2]]
[2019.09.27-19.34.48:399][  0]LogConfig: Setting CVar [[r.VolumetricFog:1]]
[2019.09.27-19.34.48:399][  0]LogConfig: Setting CVar [[r.VolumetricFog.GridPixelSize:8]]
[2019.09.27-19.34.48:399][  0]LogConfig: Setting CVar [[r.VolumetricFog.GridSizeZ:128]]
[2019.09.27-19.34.48:399][  0]LogConfig: Setting CVar [[r.VolumetricFog.HistoryMissSupersampleCount:4]]
[2019.09.27-19.34.48:399][  0]LogConfig: Setting CVar [[r.LightMaxDrawDistanceScale:1]]
[2019.09.27-19.34.48:399][  0]LogConfig: Setting CVar [[r.CapsuleShadows:1]]
[2019.09.27-19.34.48:399][  0]LogConfig: Applying CVar settings from Section [PostProcessQuality@3] File [../../../Assn2/Saved/Config/Windows/Scalability.ini]
[2019.09.27-19.34.48:399][  0]LogConfig: Setting CVar [[r.MotionBlurQuality:4]]
[2019.09.27-19.34.48:399][  0]LogConfig: Setting CVar [[r.AmbientOcclusionMipLevelFactor:0.4]]
[2019.09.27-19.34.48:399][  0]LogConfig: Setting CVar [[r.AmbientOcclusionMaxQuality:100]]
[2019.09.27-19.34.48:399][  0]LogConfig: Setting CVar [[r.AmbientOcclusionLevels:-1]]
[2019.09.27-19.34.48:400][  0]LogConfig: Setting CVar [[r.AmbientOcclusionRadiusScale:1.0]]
[2019.09.27-19.34.48:400][  0]LogConfig: Setting CVar [[r.DepthOfFieldQuality:2]]
[2019.09.27-19.34.48:400][  0]LogConfig: Setting CVar [[r.RenderTargetPoolMin:400]]
[2019.09.27-19.34.48:400][  0]LogConfig: Setting CVar [[r.LensFlareQuality:2]]
[2019.09.27-19.34.48:400][  0]LogConfig: Setting CVar [[r.SceneColorFringeQuality:1]]
[2019.09.27-19.34.48:400][  0]LogConfig: Setting CVar [[r.EyeAdaptationQuality:2]]
[2019.09.27-19.34.48:400][  0]LogConfig: Setting CVar [[r.BloomQuality:5]]
[2019.09.27-19.34.48:400][  0]LogConfig: Setting CVar [[r.FastBlurThreshold:100]]
[2019.09.27-19.34.48:400][  0]LogConfig: Setting CVar [[r.Upscale.Quality:3]]
[2019.09.27-19.34.48:400][  0]LogConfig: Setting CVar [[r.Tonemapper.GrainQuantization:1]]
[2019.09.27-19.34.48:400][  0]LogConfig: Setting CVar [[r.LightShaftQuality:1]]
[2019.09.27-19.34.48:400][  0]LogConfig: Setting CVar [[r.Filter.SizeScale:1]]
[2019.09.27-19.34.48:400][  0]LogConfig: Setting CVar [[r.Tonemapper.Quality:5]]
[2019.09.27-19.34.48:400][  0]LogConfig: Setting CVar [[r.DOF.Gather.AccumulatorQuality:1        ; higher gathering accumulator quality]]
[2019.09.27-19.34.48:401][  0]LogConfig: Setting CVar [[r.DOF.Gather.PostfilterMethod:1          ; Median3x3 postfilering method]]
[2019.09.27-19.34.48:401][  0]LogConfig: Setting CVar [[r.DOF.Gather.EnableBokehSettings:0       ; no bokeh simulation when gathering]]
[2019.09.27-19.34.48:401][  0]LogConfig: Setting CVar [[r.DOF.Gather.RingCount:4                 ; medium number of samples when gathering]]
[2019.09.27-19.34.48:401][  0]LogConfig: Setting CVar [[r.DOF.Scatter.ForegroundCompositing:1    ; additive foreground scattering]]
[2019.09.27-19.34.48:401][  0]LogConfig: Setting CVar [[r.DOF.Scatter.BackgroundCompositing:2    ; additive background scattering]]
[2019.09.27-19.34.48:401][  0]LogConfig: Setting CVar [[r.DOF.Scatter.EnableBokehSettings:1      ; bokeh simulation when scattering]]
[2019.09.27-19.34.48:401][  0]LogConfig: Setting CVar [[r.DOF.Scatter.MaxSpriteRatio:0.1         ; only a maximum of 10% of scattered bokeh]]
[2019.09.27-19.34.48:401][  0]LogConfig: Setting CVar [[r.DOF.Recombine.Quality:1                ; cheap slight out of focus]]
[2019.09.27-19.34.48:401][  0]LogConfig: Setting CVar [[r.DOF.Recombine.EnableBokehSettings:0    ; no bokeh simulation on slight out of focus]]
[2019.09.27-19.34.48:401][  0]LogConfig: Setting CVar [[r.DOF.TemporalAAQuality:1                ; more stable temporal accumulation]]
[2019.09.27-19.34.48:401][  0]LogConfig: Setting CVar [[r.DOF.Kernel.MaxForegroundRadius:0.025]]
[2019.09.27-19.34.48:401][  0]LogConfig: Setting CVar [[r.DOF.Kernel.MaxBackgroundRadius:0.025]]
[2019.09.27-19.34.48:401][  0]LogConfig: Applying CVar settings from Section [TextureQuality@3] File [../../../Assn2/Saved/Config/Windows/Scalability.ini]
[2019.09.27-19.34.48:402][  0]LogConfig: Setting CVar [[r.Streaming.MipBias:0]]
[2019.09.27-19.34.48:402][  0]LogConfig: Setting CVar [[r.Streaming.AmortizeCPUToGPUCopy:0]]
[2019.09.27-19.34.48:402][  0]LogConfig: Setting CVar [[r.Streaming.MaxNumTexturesToStreamPerFrame:0]]
[2019.09.27-19.34.48:402][  0]LogConfig: Setting CVar [[r.Streaming.Boost:1]]
[2019.09.27-19.34.48:402][  0]LogConfig: Setting CVar [[r.MaxAnisotropy:8]]
[2019.09.27-19.34.48:402][  0]LogConfig: Setting CVar [[r.Streaming.LimitPoolSizeToVRAM:0]]
[2019.09.27-19.34.48:402][  0]LogConfig: Setting CVar [[r.Streaming.PoolSize:1000]]
[2019.09.27-19.34.48:402][  0]LogConfig: Setting CVar [[r.Streaming.MaxEffectiveScreenSize:0]]
[2019.09.27-19.34.48:402][  0]LogConfig: Applying CVar settings from Section [EffectsQuality@3] File [../../../Assn2/Saved/Config/Windows/Scalability.ini]
[2019.09.27-19.34.48:402][  0]LogConfig: Setting CVar [[r.TranslucencyLightingVolumeDim:64]]
[2019.09.27-19.34.48:402][  0]LogConfig: Setting CVar [[r.RefractionQuality:2]]
[2019.09.27-19.34.48:402][  0]LogConfig: Setting CVar [[r.SSR.Quality:3]]
[2019.09.27-19.34.48:402][  0]LogConfig: Setting CVar [[r.SceneColorFormat:4]]
[2019.09.27-19.34.48:402][  0]LogConfig: Setting CVar [[r.DetailMode:2]]
[2019.09.27-19.34.48:402][  0]LogConfig: Setting CVar [[r.TranslucencyVolumeBlur:1]]
[2019.09.27-19.34.48:403][  0]LogConfig: Setting CVar [[r.MaterialQualityLevel:1 ; High quality]]
[2019.09.27-19.34.48:403][  0]LogConfig: Setting CVar [[r.SSS.Scale:1]]
[2019.09.27-19.34.48:403][  0]LogConfig: Setting CVar [[r.SSS.SampleSet:2]]
[2019.09.27-19.34.48:403][  0]LogConfig: Setting CVar [[r.SSS.Quality:1]]
[2019.09.27-19.34.48:403][  0]LogConfig: Setting CVar [[r.SSS.HalfRes:1]]
[2019.09.27-19.34.48:403][  0]LogConfig: Setting CVar [[r.EmitterSpawnRateScale:1.0]]
[2019.09.27-19.34.48:403][  0]LogConfig: Setting CVar [[r.ParticleLightQuality:2]]
[2019.09.27-19.34.48:403][  0]LogConfig: Applying CVar settings from Section [FoliageQuality@3] File [../../../Assn2/Saved/Config/Windows/Scalability.ini]
[2019.09.27-19.34.48:403][  0]LogConfig: Setting CVar [[foliage.DensityScale:1.0]]
[2019.09.27-19.34.48:403][  0]LogConfig: Setting CVar [[grass.DensityScale:1.0]]
[2019.09.27-19.34.48:403][  0]LogInit: Selected Device Profile: [Windows]
[2019.09.27-19.34.48:403][  0]LogInit: Applying CVar settings loaded from the selected device profile: [Windows]
[2019.09.27-19.34.48:413][  0]LogHAL: Display: Platform has ~ 16 GB [17056698368 / 17179869184 / 16], which maps to Larger [LargestMinGB=32, LargerMinGB=12, DefaultMinGB=8, SmallerMinGB=6, SmallestMinGB=0)
[2019.09.27-19.34.48:413][  0]LogConfig: Setting CVar [[r.Vulkan.UseRealUBs:0		; Required until we fix HLR fall-out]]
[2019.09.27-19.34.48:414][  0]LogInit: Going up to parent DeviceProfile []
[2019.09.27-19.34.48:414][  0]LogConfig: Applying CVar settings from Section [ViewDistanceQuality@3] File [../../../Assn2/Saved/Config/Windows/Scalability.ini]
[2019.09.27-19.34.48:414][  0]LogConfig: Setting CVar [[r.SkeletalMeshLODBias:0]]
[2019.09.27-19.34.48:414][  0]LogConfig: Setting CVar [[r.ViewDistanceScale:1.0]]
[2019.09.27-19.34.48:414][  0]LogConfig: Applying CVar settings from Section [AntiAliasingQuality@3] File [../../../Assn2/Saved/Config/Windows/Scalability.ini]
[2019.09.27-19.34.48:414][  0]LogConfig: Setting CVar [[r.PostProcessAAQuality:4]]
[2019.09.27-19.34.48:414][  0]LogConfig: Applying CVar settings from Section [ShadowQuality@3] File [../../../Assn2/Saved/Config/Windows/Scalability.ini]
[2019.09.27-19.34.48:414][  0]LogConfig: Setting CVar [[r.LightFunctionQuality:1]]
[2019.09.27-19.34.48:414][  0]LogConfig: Setting CVar [[r.ShadowQuality:5]]
[2019.09.27-19.34.48:414][  0]LogConfig: Setting CVar [[r.Shadow.CSM.MaxCascades:10]]
[2019.09.27-19.34.48:414][  0]LogConfig: Setting CVar [[r.Shadow.MaxResolution:2048]]
[2019.09.27-19.34.48:414][  0]LogConfig: Setting CVar [[r.Shadow.MaxCSMResolution:2048]]
[2019.09.27-19.34.48:414][  0]LogConfig: Setting CVar [[r.Shadow.RadiusThreshold:0.01]]
[2019.09.27-19.34.48:415][  0]LogConfig: Setting CVar [[r.Shadow.DistanceScale:1.0]]
[2019.09.27-19.34.48:415][  0]LogConfig: Setting CVar [[r.Shadow.CSM.TransitionScale:1.0]]
[2019.09.27-19.34.48:415][  0]LogConfig: Setting CVar [[r.Shadow.PreShadowResolutionFactor:1.0]]
[2019.09.27-19.34.48:415][  0]LogConfig: Setting CVar [[r.DistanceFieldShadowing:1]]
[2019.09.27-19.34.48:415][  0]LogConfig: Setting CVar [[r.DistanceFieldAO:1]]
[2019.09.27-19.34.48:415][  0]LogConfig: Setting CVar [[r.AOQuality:2]]
[2019.09.27-19.34.48:415][  0]LogConfig: Setting CVar [[r.VolumetricFog:1]]
[2019.09.27-19.34.48:415][  0]LogConfig: Setting CVar [[r.VolumetricFog.GridPixelSize:8]]
[2019.09.27-19.34.48:415][  0]LogConfig: Setting CVar [[r.VolumetricFog.GridSizeZ:128]]
[2019.09.27-19.34.48:415][  0]LogConfig: Setting CVar [[r.VolumetricFog.HistoryMissSupersampleCount:4]]
[2019.09.27-19.34.48:415][  0]LogConfig: Setting CVar [[r.LightMaxDrawDistanceScale:1]]
[2019.09.27-19.34.48:415][  0]LogConfig: Setting CVar [[r.CapsuleShadows:1]]
[2019.09.27-19.34.48:415][  0]LogConfig: Applying CVar settings from Section [PostProcessQuality@3] File [../../../Assn2/Saved/Config/Windows/Scalability.ini]
[2019.09.27-19.34.48:415][  0]LogConfig: Setting CVar [[r.MotionBlurQuality:4]]
[2019.09.27-19.34.48:416][  0]LogConfig: Setting CVar [[r.AmbientOcclusionMipLevelFactor:0.4]]
[2019.09.27-19.34.48:416][  0]LogConfig: Setting CVar [[r.AmbientOcclusionMaxQuality:100]]
[2019.09.27-19.34.48:416][  0]LogConfig: Setting CVar [[r.AmbientOcclusionLevels:-1]]
[2019.09.27-19.34.48:416][  0]LogConfig: Setting CVar [[r.AmbientOcclusionRadiusScale:1.0]]
[2019.09.27-19.34.48:416][  0]LogConfig: Setting CVar [[r.DepthOfFieldQuality:2]]
[2019.09.27-19.34.48:416][  0]LogConfig: Setting CVar [[r.RenderTargetPoolMin:400]]
[2019.09.27-19.34.48:416][  0]LogConfig: Setting CVar [[r.LensFlareQuality:2]]
[2019.09.27-19.34.48:416][  0]LogConfig: Setting CVar [[r.SceneColorFringeQuality:1]]
[2019.09.27-19.34.48:416][  0]LogConfig: Setting CVar [[r.EyeAdaptationQuality:2]]
[2019.09.27-19.34.48:416][  0]LogConfig: Setting CVar [[r.BloomQuality:5]]
[2019.09.27-19.34.48:416][  0]LogConfig: Setting CVar [[r.FastBlurThreshold:100]]
[2019.09.27-19.34.48:416][  0]LogConfig: Setting CVar [[r.Upscale.Quality:3]]
[2019.09.27-19.34.48:416][  0]LogConfig: Setting CVar [[r.Tonemapper.GrainQuantization:1]]
[2019.09.27-19.34.48:416][  0]LogConfig: Setting CVar [[r.LightShaftQuality:1]]
[2019.09.27-19.34.48:416][  0]LogConfig: Setting CVar [[r.Filter.SizeScale:1]]
[2019.09.27-19.34.48:417][  0]LogConfig: Setting CVar [[r.Tonemapper.Quality:5]]
[2019.09.27-19.34.48:417][  0]LogConfig: Setting CVar [[r.DOF.Gather.AccumulatorQuality:1        ; higher gathering accumulator quality]]
[2019.09.27-19.34.48:417][  0]LogConfig: Setting CVar [[r.DOF.Gather.PostfilterMethod:1          ; Median3x3 postfilering method]]
[2019.09.27-19.34.48:417][  0]LogConfig: Setting CVar [[r.DOF.Gather.EnableBokehSettings:0       ; no bokeh simulation when gathering]]
[2019.09.27-19.34.48:417][  0]LogConfig: Setting CVar [[r.DOF.Gather.RingCount:4                 ; medium number of samples when gathering]]
[2019.09.27-19.34.48:417][  0]LogConfig: Setting CVar [[r.DOF.Scatter.ForegroundCompositing:1    ; additive foreground scattering]]
[2019.09.27-19.34.48:417][  0]LogConfig: Setting CVar [[r.DOF.Scatter.BackgroundCompositing:2    ; additive background scattering]]
[2019.09.27-19.34.48:417][  0]LogConfig: Setting CVar [[r.DOF.Scatter.EnableBokehSettings:1      ; bokeh simulation when scattering]]
[2019.09.27-19.34.48:417][  0]LogConfig: Setting CVar [[r.DOF.Scatter.MaxSpriteRatio:0.1         ; only a maximum of 10% of scattered bokeh]]
[2019.09.27-19.34.48:417][  0]LogConfig: Setting CVar [[r.DOF.Recombine.Quality:1                ; cheap slight out of focus]]
[2019.09.27-19.34.48:417][  0]LogConfig: Setting CVar [[r.DOF.Recombine.EnableBokehSettings:0    ; no bokeh simulation on slight out of focus]]
[2019.09.27-19.34.48:417][  0]LogConfig: Setting CVar [[r.DOF.TemporalAAQuality:1                ; more stable temporal accumulation]]
[2019.09.27-19.34.48:417][  0]LogConfig: Setting CVar [[r.DOF.Kernel.MaxForegroundRadius:0.025]]
[2019.09.27-19.34.48:418][  0]LogConfig: Setting CVar [[r.DOF.Kernel.MaxBackgroundRadius:0.025]]
[2019.09.27-19.34.48:418][  0]LogConfig: Applying CVar settings from Section [TextureQuality@3] File [../../../Assn2/Saved/Config/Windows/Scalability.ini]
[2019.09.27-19.34.48:418][  0]LogConfig: Setting CVar [[r.Streaming.MipBias:0]]
[2019.09.27-19.34.48:418][  0]LogConfig: Setting CVar [[r.Streaming.AmortizeCPUToGPUCopy:0]]
[2019.09.27-19.34.48:418][  0]LogConfig: Setting CVar [[r.Streaming.MaxNumTexturesToStreamPerFrame:0]]
[2019.09.27-19.34.48:418][  0]LogConfig: Setting CVar [[r.Streaming.Boost:1]]
[2019.09.27-19.34.48:418][  0]LogConfig: Setting CVar [[r.MaxAnisotropy:8]]
[2019.09.27-19.34.48:418][  0]LogConfig: Setting CVar [[r.Streaming.LimitPoolSizeToVRAM:0]]
[2019.09.27-19.34.48:418][  0]LogConfig: Setting CVar [[r.Streaming.PoolSize:1000]]
[2019.09.27-19.34.48:418][  0]LogConfig: Setting CVar [[r.Streaming.MaxEffectiveScreenSize:0]]
[2019.09.27-19.34.48:418][  0]LogConfig: Applying CVar settings from Section [EffectsQuality@3] File [../../../Assn2/Saved/Config/Windows/Scalability.ini]
[2019.09.27-19.34.48:418][  0]LogConfig: Setting CVar [[r.TranslucencyLightingVolumeDim:64]]
[2019.09.27-19.34.48:418][  0]LogConfig: Setting CVar [[r.RefractionQuality:2]]
[2019.09.27-19.34.48:418][  0]LogConfig: Setting CVar [[r.SSR.Quality:3]]
[2019.09.27-19.34.48:419][  0]LogConfig: Setting CVar [[r.SceneColorFormat:4]]
[2019.09.27-19.34.48:419][  0]LogConfig: Setting CVar [[r.DetailMode:2]]
[2019.09.27-19.34.48:419][  0]LogConfig: Setting CVar [[r.TranslucencyVolumeBlur:1]]
[2019.09.27-19.34.48:419][  0]LogConfig: Setting CVar [[r.MaterialQualityLevel:1 ; High quality]]
[2019.09.27-19.34.48:419][  0]LogConfig: Setting CVar [[r.SSS.Scale:1]]
[2019.09.27-19.34.48:419][  0]LogConfig: Setting CVar [[r.SSS.SampleSet:2]]
[2019.09.27-19.34.48:419][  0]LogConfig: Setting CVar [[r.SSS.Quality:1]]
[2019.09.27-19.34.48:419][  0]LogConfig: Setting CVar [[r.SSS.HalfRes:1]]
[2019.09.27-19.34.48:419][  0]LogConfig: Setting CVar [[r.EmitterSpawnRateScale:1.0]]
[2019.09.27-19.34.48:419][  0]LogConfig: Setting CVar [[r.ParticleLightQuality:2]]
[2019.09.27-19.34.48:419][  0]LogConfig: Applying CVar settings from Section [FoliageQuality@3] File [../../../Assn2/Saved/Config/Windows/Scalability.ini]
[2019.09.27-19.34.48:419][  0]LogConfig: Setting CVar [[foliage.DensityScale:1.0]]
[2019.09.27-19.34.48:419][  0]LogConfig: Setting CVar [[grass.DensityScale:1.0]]
[2019.09.27-19.34.48:420][  0]LogConfig: Applying CVar settings from Section [Startup] File [../../../Engine/Config/ConsoleVariables.ini]
[2019.09.27-19.34.48:420][  0]LogConfig: Setting CVar [[net.UseAdaptiveNetUpdateFrequency:0]]
[2019.09.27-19.34.48:420][  0]LogConfig: Setting CVar [[p.chaos.AllowCreatePhysxBodies:1]]
[2019.09.27-19.34.48:420][  0]LogConfig: Applying CVar settings from Section [ConsoleVariables] File [../../../Assn2/Saved/Config/Windows/Engine.ini]
[2019.09.27-19.34.48:420][  0]LogInit: Computer: DESKTOP-MG86K4A
[2019.09.27-19.34.48:420][  0]LogInit: User: tzipkin
[2019.09.27-19.34.48:420][  0]LogInit: CPU Page size=4096, Cores=4
[2019.09.27-19.34.48:421][  0]LogInit: High frequency timer resolution =10.000000 MHz
[2019.09.27-19.34.48:421][  0]LogMemory: Memory total: Physical=15.9GB (16GB approx)
[2019.09.27-19.34.48:421][  0]LogMemory: Platform Memory Stats for Windows
[2019.09.27-19.34.48:421][  0]LogMemory: Process Physical Memory: 85.91 MB used, 85.92 MB peak
[2019.09.27-19.34.48:421][  0]LogMemory: Process Virtual Memory: 82.48 MB used, 82.48 MB peak
[2019.09.27-19.34.48:421][  0]LogMemory: Physical Memory: 9825.88 MB used,  6440.66 MB free, 16266.54 MB total
[2019.09.27-19.34.48:421][  0]LogMemory: Virtual Memory: 4619.84 MB used,  134213112.00 MB free, 134217728.00 MB total
[2019.09.27-19.34.48:511][  0]LogInit: Using OS detected language (en-US).
[2019.09.27-19.34.48:511][  0]LogInit: Using OS detected locale (en-US).
[2019.09.27-19.34.48:512][  0]LogTextLocalizationManager: No specific localization for 'en-US' exists, so the 'en' localization will be used.
[2019.09.27-19.34.48:690][  0]LogInit: Setting process to per monitor DPI aware
[2019.09.27-19.34.48:767][  0]LogSlate: New Slate User Created.  User Index 0, Is Virtual User: 0
[2019.09.27-19.34.48:767][  0]LogSlate: Slate User Registered.  User Index 0, Is Virtual User: 0
[2019.09.27-19.34.48:994][  0]LogHMD: Failed to initialize OpenVR with code 110
[2019.09.27-19.34.48:994][  0]LogD3D11RHI: D3D11 adapters:
[2019.09.27-19.34.49:703][  0]LogD3D11RHI:    0. 'NVIDIA GeForce MX150' (Feature Level 11_0)
[2019.09.27-19.34.49:703][  0]LogD3D11RHI:       1983/0/8133 MB DedicatedVideo/DedicatedSystem/SharedSystem, Outputs:1, VendorId:0x10de
[2019.09.27-19.34.49:728][  0]LogD3D11RHI:    1. 'Intel(R) UHD Graphics 620' (Feature Level 11_0)
[2019.09.27-19.34.49:728][  0]LogD3D11RHI:       128/0/8133 MB DedicatedVideo/DedicatedSystem/SharedSystem, Outputs:0, VendorId:0x8086
[2019.09.27-19.34.49:733][  0]LogD3D11RHI:    2. 'Microsoft Basic Render Driver' (Feature Level 11_0)
[2019.09.27-19.34.49:733][  0]LogD3D11RHI:       0/0/8133 MB DedicatedVideo/DedicatedSystem/SharedSystem, Outputs:0, VendorId:0x1414
[2019.09.27-19.34.49:733][  0]LogD3D11RHI: Chosen D3D11 Adapter: 0
[2019.09.27-19.34.49:767][  0]LogD3D11RHI: Creating new Direct3DDevice
[2019.09.27-19.34.49:767][  0]LogD3D11RHI:     GPU DeviceId: 0x1d10 (for the marketing name, search the web for "GPU Device Id")
[2019.09.27-19.34.49:767][  0]LogWindows: EnumDisplayDevices:
[2019.09.27-19.34.49:768][  0]LogWindows:    0. 'Intel(R) UHD Graphics 620' (P:1 D:1)
[2019.09.27-19.34.49:768][  0]LogWindows:    1. 'Intel(R) UHD Graphics 620' (P:0 D:0)
[2019.09.27-19.34.49:769][  0]LogWindows:    2. 'Intel(R) UHD Graphics 620' (P:0 D:0)
[2019.09.27-19.34.49:769][  0]LogWindows: DebugString: PrimaryIsNotTheChoosenAdapter PrimaryIsNotTheChoosenAdapter PrimaryIsNotTheChoosenAdapter FoundDriverCount:0 
[2019.09.27-19.34.49:769][  0]LogD3D11RHI:     Adapter Name: NVIDIA GeForce MX150
[2019.09.27-19.34.49:769][  0]LogD3D11RHI:   Driver Version: Unknown (internal:Unknown, unified:Unknown)
[2019.09.27-19.34.49:769][  0]LogD3D11RHI:      Driver Date: Unknown
[2019.09.27-19.34.49:770][  0]LogRHI: Texture pool is 1388 MB (70% of 1983 MB)
[2019.09.27-19.34.49:812][  0]LogD3D11RHI: Async texture creation enabled
[2019.09.27-19.34.49:816][  0]LogRendererCore: FGlobalReadBuffer::InitRHI
[2019.09.27-19.34.49:816][  0]LogRendererCore: FGlobalReadBuffer::InitRHI
[2019.09.27-19.34.49:816][  0]LogRendererCore: FGlobalReadBuffer::InitRHI
[2019.09.27-19.34.49:831][  0]LogD3D11RHI: GPU Timing Frequency: 1000.000000 (Debug: 2 2)
[2019.09.27-19.34.50:092][  0]LogTemp: Display: Module 'AllDesktopTargetPlatform' loaded TargetPlatform 'AllDesktop'
[2019.09.27-19.34.50:113][  0]LogTemp: Display: Module 'MacClientTargetPlatform' loaded TargetPlatform 'MacClient'
[2019.09.27-19.34.50:135][  0]LogTemp: Display: Module 'MacNoEditorTargetPlatform' loaded TargetPlatform 'MacNoEditor'
[2019.09.27-19.34.50:158][  0]LogTemp: Display: Module 'MacServerTargetPlatform' loaded TargetPlatform 'MacServer'
[2019.09.27-19.34.50:181][  0]LogTemp: Display: Module 'MacTargetPlatform' loaded TargetPlatform 'Mac'
[2019.09.27-19.34.50:203][  0]LogTemp: Display: Module 'WindowsClientTargetPlatform' loaded TargetPlatform 'WindowsClient'
[2019.09.27-19.34.50:226][  0]LogTemp: Display: Module 'WindowsNoEditorTargetPlatform' loaded TargetPlatform 'WindowsNoEditor'
[2019.09.27-19.34.50:248][  0]LogTemp: Display: Module 'WindowsServerTargetPlatform' loaded TargetPlatform 'WindowsServer'
[2019.09.27-19.34.50:264][  0]LogTemp: Display: Module 'WindowsTargetPlatform' loaded TargetPlatform 'Windows'
[2019.09.27-19.34.50:332][  0]LogTemp: Display: Module 'AndroidTargetPlatform' loaded TargetPlatform 'Android'
[2019.09.27-19.34.50:332][  0]LogTemp: Display: Module 'AndroidTargetPlatform' loaded TargetPlatform 'Android_ASTC'
[2019.09.27-19.34.50:332][  0]LogTemp: Display: Module 'AndroidTargetPlatform' loaded TargetPlatform 'Android_ATC'
[2019.09.27-19.34.50:332][  0]LogTemp: Display: Module 'AndroidTargetPlatform' loaded TargetPlatform 'Android_DXT'
[2019.09.27-19.34.50:332][  0]LogTemp: Display: Module 'AndroidTargetPlatform' loaded TargetPlatform 'Android_ETC1'
[2019.09.27-19.34.50:332][  0]LogTemp: Display: Module 'AndroidTargetPlatform' loaded TargetPlatform 'Android_ETC1a'
[2019.09.27-19.34.50:332][  0]LogTemp: Display: Module 'AndroidTargetPlatform' loaded TargetPlatform 'Android_ETC2'
[2019.09.27-19.34.50:333][  0]LogTemp: Display: Module 'AndroidTargetPlatform' loaded TargetPlatform 'Android_PVRTC'
[2019.09.27-19.34.50:333][  0]LogTemp: Display: Module 'AndroidTargetPlatform' loaded TargetPlatform 'AndroidClient'
[2019.09.27-19.34.50:333][  0]LogTemp: Display: Module 'AndroidTargetPlatform' loaded TargetPlatform 'Android_ASTCClient'
[2019.09.27-19.34.50:333][  0]LogTemp: Display: Module 'AndroidTargetPlatform' loaded TargetPlatform 'Android_ATCClient'
[2019.09.27-19.34.50:333][  0]LogTemp: Display: Module 'AndroidTargetPlatform' loaded TargetPlatform 'Android_DXTClient'
[2019.09.27-19.34.50:333][  0]LogTemp: Display: Module 'AndroidTargetPlatform' loaded TargetPlatform 'Android_ETC1Client'
[2019.09.27-19.34.50:333][  0]LogTemp: Display: Module 'AndroidTargetPlatform' loaded TargetPlatform 'Android_ETC1aClient'
[2019.09.27-19.34.50:333][  0]LogTemp: Display: Module 'AndroidTargetPlatform' loaded TargetPlatform 'Android_ETC2Client'
[2019.09.27-19.34.50:333][  0]LogTemp: Display: Module 'AndroidTargetPlatform' loaded TargetPlatform 'Android_PVRTCClient'
[2019.09.27-19.34.50:334][  0]LogTemp: Display: Module 'AndroidTargetPlatform' loaded TargetPlatform 'Android_Multi'
[2019.09.27-19.34.50:334][  0]LogTemp: Display: Module 'AndroidTargetPlatform' loaded TargetPlatform 'Android_MultiClient'
[2019.09.27-19.34.50:346][  0]LogTemp: Display: Module 'HTML5TargetPlatform' loaded TargetPlatform 'HTML5'
[2019.09.27-19.34.50:420][  0]LogTemp: Display: Module 'IOSTargetPlatform' loaded TargetPlatform 'IOSClient'
[2019.09.27-19.34.50:420][  0]LogTemp: Display: Module 'IOSTargetPlatform' loaded TargetPlatform 'IOS'
[2019.09.27-19.34.50:448][  0]LogTemp: Display: Module 'TVOSTargetPlatform' loaded TargetPlatform 'TVOSClient'
[2019.09.27-19.34.50:449][  0]LogTemp: Display: Module 'TVOSTargetPlatform' loaded TargetPlatform 'TVOS'
[2019.09.27-19.34.50:497][  0]LogTemp: Display: Module 'LuminTargetPlatform' loaded TargetPlatform 'Lumin'
[2019.09.27-19.34.50:497][  0]LogTemp: Display: Module 'LuminTargetPlatform' loaded TargetPlatform 'LuminClient'
[2019.09.27-19.34.50:497][  0]LogTargetPlatformManager: Display: Building Assets For Windows
[2019.09.27-19.34.50:538][  0]LogAudioDebug: Display: Lib vorbis DLL was dynamically loaded.
[2019.09.27-19.34.50:717][  0]LogShaderCompilers: Guid format shader working directory is 33 characters bigger than the processId version (../../../Assn2/Intermediate/Shaders/WorkingDirectory/10896/).
[2019.09.27-19.34.50:718][  0]LogShaderCompilers: Cleaned the shader compiler working directory 'C:/Users/tzipkin/AppData/Local/Temp/UnrealShaderWorkingDir/257BFB4342DA1B51C19FBEA4FD4DD8E4/'.
[2019.09.27-19.34.50:721][  0]LogXGEController: Cleaning working directory: C:/Users/tzipkin/AppData/Local/Temp/UnrealXGEWorkingDir/
[2019.09.27-19.34.50:721][  0]LogXGEController: Cannot use XGE Controller as Incredibuild is not installed on this machine.
[2019.09.27-19.34.50:721][  0]LogShaderCompilers: Cannot use XGE Shader Compiler as Incredibuild is not installed on this machine.
[2019.09.27-19.34.50:721][  0]LogShaderCompilers: Display: Using Local Shader Compiler.
[2019.09.27-19.34.50:737][  0]LogShaders: InitializeShaderTypes() begin
[2019.09.27-19.34.50:737][  0]LogShaders: Shader directory mapping /Engine -> ../../../Engine/Shaders
[2019.09.27-19.34.50:738][  0]LogShaders: Shader directory mapping /Plugin/DatasmithContent -> ../../../Engine/Plugins/Enterprise/DatasmithContent/Shaders
[2019.09.27-19.34.50:738][  0]LogShaders: Shader directory mapping /Plugin/WmfMedia -> ../../../Engine/Plugins/Media/WmfMedia/Shaders
[2019.09.27-19.34.50:738][  0]LogShaders: Shader directory mapping /Plugin/OculusVR -> ../../../Engine/Plugins/Runtime/Oculus/OculusVR/Shaders
[2019.09.27-19.34.51:163][  0]LogShaders: InitializeShaderTypes() end
[2019.09.27-19.34.51:325][  0]LogDerivedDataCache: Display: Max Cache Size: 512 MB
[2019.09.27-19.34.51:373][  0]LogDerivedDataCache: Loaded boot cache 0.05s 71MB ../../../Assn2/DerivedDataCache/Boot.ddc.
[2019.09.27-19.34.51:373][  0]LogDerivedDataCache: Display: Loaded Boot cache: ../../../Assn2/DerivedDataCache/Boot.ddc
[2019.09.27-19.34.51:373][  0]LogDerivedDataCache: FDerivedDataBackendGraph:  Pak pak cache file ../../../Assn2/DerivedDataCache/DDC.ddp not found, will not use a pak cache.
[2019.09.27-19.34.51:373][  0]LogDerivedDataCache: Unable to find inner node Pak for hierarchical cache Hierarchy.
[2019.09.27-19.34.51:373][  0]LogDerivedDataCache: FDerivedDataBackendGraph:  EnginePak pak cache file ../../../Engine/DerivedDataCache/DDC.ddp not found, will not use a pak cache.
[2019.09.27-19.34.51:374][  0]LogDerivedDataCache: Unable to find inner node EnginePak for hierarchical cache Hierarchy.
[2019.09.27-19.34.51:387][  0]LogDerivedDataCache: Using Local data cache path ../../../Engine/DerivedDataCache: Writable
[2019.09.27-19.34.51:387][  0]LogDerivedDataCache: Shared data cache path not found in *engine.ini, will not use an Shared cache.
[2019.09.27-19.34.51:387][  0]LogDerivedDataCache: Unable to find inner node Shared for hierarchical cache Hierarchy.
[2019.09.27-19.34.51:417][  0]LogMaterial: Verifying Global Shaders for PCD3D_SM5
[2019.09.27-19.34.51:418][  0]LogSlate: Using FreeType 2.6.0
[2019.09.27-19.34.51:419][  0]LogSlate: SlateFontServices - WITH_FREETYPE: 1, WITH_HARFBUZZ: 1
[2019.09.27-19.34.51:579][  0]LogAssetRegistry: FAssetRegistry took 0.0851 seconds to start up
[2019.09.27-19.34.52:106][  0]LogInit: Selected Device Profile: [Windows]
[2019.09.27-19.34.52:388][  0]LogMeshReduction: Using QuadricMeshReduction for automatic static mesh reduction
[2019.09.27-19.34.52:389][  0]LogMeshReduction: Using SimplygonMeshReduction for automatic skeletal mesh reduction
[2019.09.27-19.34.52:389][  0]LogMeshReduction: Using ProxyLODMeshReduction for automatic mesh merging
[2019.09.27-19.34.52:389][  0]LogMeshReduction: No distributed automatic mesh merging module available
[2019.09.27-19.34.52:389][  0]LogMeshMerging: No distributed automatic mesh merging module available
[2019.09.27-19.34.52:406][  0]LogNetVersion: Assn2 1.0.0, NetCL: 0, EngineNetVer: 10, GameNetVer: 0 (Checksum: 2506206958)
[2019.09.27-19.34.52:929][  0]LogPackageLocalizationCache: Processed 10 localized package path(s) for 1 prioritized culture(s) in 0.049177 seconds
[2019.09.27-19.34.52:938][  0]LogUObjectArray: 42189 objects as part of root set at end of initial load.
[2019.09.27-19.34.52:938][  0]LogUObjectAllocator: 7322048 out of 0 bytes used by permanent object pool.
[2019.09.27-19.34.52:938][  0]LogUObjectArray: CloseDisregardForGC: 0/0 objects in disregard for GC pool
[2019.09.27-19.34.54:731][  0]LogTcpMessaging: Initializing TcpMessaging bridge
[2019.09.27-19.34.54:755][  0]LogUdpMessaging: Initializing bridge on interface 0.0.0.0:0 to multicast group 230.0.0.1:6666.
[2019.09.27-19.34.55:133][  0]SourceControl: Source control is disabled
[2019.09.27-19.34.55:133][  0]SourceControl: Source control is disabled
[2019.09.27-19.34.55:163][  0]SourceControl: Source control is disabled
[2019.09.27-19.34.55:177][  0]SourceControl: Source control is disabled
[2019.09.27-19.34.55:805][  0]LogAndroidPermission: UAndroidPermissionCallbackProxy::GetInstance
[2019.09.27-19.34.56:136][  0]LogOcInput: OculusInput pre-init called
[2019.09.27-19.34.57:105][  0]LogEngine: Initializing Engine...
[2019.09.27-19.34.57:106][  0]LogHMD: Failed to initialize OpenVR with code 110
[2019.09.27-19.34.57:107][  0]LogStats: UGameplayTagsManager::InitializeManager -  0.000 s
[2019.09.27-19.34.57:341][  0]LogInit: Initializing FReadOnlyCVARCache
[2019.09.27-19.34.57:370][  0]LogAIModule: Creating AISystem for world Untitled
[2019.09.27-19.34.57:411][  0]LogInit: XAudio2 using 'Speaker/Headphone (Realtek High Definition Audio(SST))' : 2 channels at 48 kHz using 32 bits per sample (channel mask 0x3)
[2019.09.27-19.34.58:168][  0]LogInit: FAudioDevice initialized.
[2019.09.27-19.34.58:169][  0]LogNetVersion: Set ProjectVersion to 1.0.0.0. Version Checksum will be recalculated on next use.
[2019.09.27-19.34.58:227][  0]LogDerivedDataCache: Saved boot cache 0.06s 71MB ../../../Assn2/DerivedDataCache/Boot.ddc.
[2019.09.27-19.34.58:232][  0]LogInit: Texture streaming: Enabled
[2019.09.27-19.34.58:293][  0]LogEngineSessionManager: EngineSessionManager initialized
[2019.09.27-19.34.58:333][  0]LogInit: Transaction tracking system initialized
[2019.09.27-19.34.58:418][  0]BlueprintLog: New page: Editor Load
[2019.09.27-19.34.58:801][  0]LocalizationService: Localization service is disabled
[2019.09.27-19.34.59:355][  0]LogFileCache: Scanning file cache for directory 'C:/Users/tzipkin/Documents/g4g2019/Assn2/Content/' took 0.01s
[2019.09.27-19.34.59:355][  0]LogCook: Display: Max memory allowance for cook 16384mb min free memory 0mb
[2019.09.27-19.34.59:356][  0]LogCook: Display: Mobile HDR setting 1
[2019.09.27-19.34.59:909][  0]SourceControl: Source control is disabled
[2019.09.27-19.34.59:910][  0]Cmd: MAP LOAD FILE="../../../Engine/Content/Maps/Templates/Template_Default.umap" TEMPLATE=1 SHOWPROGRESS=1 FEATURELEVEL=3
[2019.09.27-19.34.59:910][  0]LightingResults: New page: Lighting Build
[2019.09.27-19.34.59:914][  0]MapCheck: New page: Map Check
[2019.09.27-19.34.59:914][  0]LightingResults: New page: Lighting Build
[2019.09.27-19.34.59:941][  0]LogUObjectHash: Compacting FUObjectHashTables data took   1.62ms
[2019.09.27-19.35.00:024][  0]LogAIModule: Creating AISystem for world Untitled_1
[2019.09.27-19.35.00:030][  0]LogEditorServer: Finished looking for orphan Actors (0.000 secs)
[2019.09.27-19.35.00:061][  0]LogUObjectHash: Compacting FUObjectHashTables data took   2.19ms
[2019.09.27-19.35.00:062][  0]Cmd: MAP CHECKDEP NOCLEARLOG
[2019.09.27-19.35.00:062][  0]MapCheck: Map check complete: 0 Error(s), 0 Warning(s), took 0.191ms to complete.
[2019.09.27-19.35.00:062][  0]LogFileHelpers: Loading map 'Template_Default' took 0.152
[2019.09.27-19.35.00:187][  0]LogSlate: Updating window title bar state: overlay mode, drag disabled, window buttons hidden, title bar hidden
[2019.09.27-19.35.00:194][  0]LogSlate: Updating window title bar state: overlay mode, drag disabled, window buttons hidden, title bar hidden
[2019.09.27-19.35.00:202][  0]LogSlate: Updating window title bar state: overlay mode, drag disabled, window buttons hidden, title bar hidden
[2019.09.27-19.35.00:210][  0]LogSlate: Updating window title bar state: overlay mode, drag disabled, window buttons hidden, title bar hidden
[2019.09.27-19.35.00:227][  0]LogCollectionManager: Loaded 0 collections in 0.002451 seconds
[2019.09.27-19.35.00:276][  0]LogFileCache: Scanning file cache for directory 'C:/Users/tzipkin/Documents/g4g2019/Assn2/Saved/Collections/' took 0.01s
[2019.09.27-19.35.00:276][  0]LogFileCache: Scanning file cache for directory 'C:/Users/tzipkin/Documents/g4g2019/Assn2/Content/Developers/tzipkin/Collections/' took 0.01s
[2019.09.27-19.35.00:276][  0]LogFileCache: Scanning file cache for directory 'C:/Users/tzipkin/Documents/g4g2019/Assn2/Content/Collections/' took 0.01s
[2019.09.27-19.35.00:276][  0]LogCollectionManager: Rebuilt the GUID cache for 0 collections in 0.000001 seconds
[2019.09.27-19.35.00:291][  0]LogContentBrowser: Native class hierarchy populated in 0.0130 seconds. Added 2734 classes and 659 folders.
[2019.09.27-19.35.00:303][  0]LogContentBrowser: Native class hierarchy updated for 'WidgetCarousel' in 0.0004 seconds. Added 0 classes and 0 folders.
[2019.09.27-19.35.00:305][  0]LogPakFile: Registered encryption key '00000000000000000000000000000000': 0 pak files mounted, 0 remain pending
[2019.09.27-19.35.00:306][  0]LogPakFile: Registered encryption key '00000000000000000000000000000000': 0 pak files mounted, 0 remain pending
[2019.09.27-19.35.00:307][  0]LogPakFile: Registered encryption key '00000000000000000000000000000000': 0 pak files mounted, 0 remain pending
[2019.09.27-19.35.00:308][  0]LogPakFile: Registered encryption key '00000000000000000000000000000000': 0 pak files mounted, 0 remain pending
[2019.09.27-19.35.00:309][  0]LogPakFile: Registered encryption key '00000000000000000000000000000000': 0 pak files mounted, 0 remain pending
[2019.09.27-19.35.00:310][  0]LogPakFile: Registered encryption key '00000000000000000000000000000000': 0 pak files mounted, 0 remain pending
[2019.09.27-19.35.00:310][  0]LogPakFile: Registered encryption key '00000000000000000000000000000000': 0 pak files mounted, 0 remain pending
[2019.09.27-19.35.00:311][  0]LogPakFile: Registered encryption key '00000000000000000000000000000000': 0 pak files mounted, 0 remain pending
[2019.09.27-19.35.00:312][  0]LogPakFile: Registered encryption key '00000000000000000000000000000000': 0 pak files mounted, 0 remain pending
[2019.09.27-19.35.00:312][  0]LogPakFile: Registered encryption key '00000000000000000000000000000000': 0 pak files mounted, 0 remain pending
[2019.09.27-19.35.00:313][  0]LogPakFile: Registered encryption key '00000000000000000000000000000000': 0 pak files mounted, 0 remain pending
[2019.09.27-19.35.00:314][  0]LogPakFile: Registered encryption key '00000000000000000000000000000000': 0 pak files mounted, 0 remain pending
[2019.09.27-19.35.00:315][  0]LogPakFile: Registered encryption key '00000000000000000000000000000000': 0 pak files mounted, 0 remain pending
[2019.09.27-19.35.00:315][  0]LogPakFile: Registered encryption key '00000000000000000000000000000000': 0 pak files mounted, 0 remain pending
[2019.09.27-19.35.00:316][  0]LogPakFile: Registered encryption key '00000000000000000000000000000000': 0 pak files mounted, 0 remain pending
[2019.09.27-19.35.00:317][  0]LogPakFile: Registered encryption key '00000000000000000000000000000000': 0 pak files mounted, 0 remain pending
[2019.09.27-19.35.00:318][  0]LogPakFile: Registered encryption key '00000000000000000000000000000000': 0 pak files mounted, 0 remain pending
[2019.09.27-19.35.00:318][  0]LogPakFile: Registered encryption key '00000000000000000000000000000000': 0 pak files mounted, 0 remain pending
[2019.09.27-19.35.00:319][  0]LogPakFile: Registered encryption key '00000000000000000000000000000000': 0 pak files mounted, 0 remain pending
[2019.09.27-19.35.00:320][  0]LogPakFile: Registered encryption key '00000000000000000000000000000000': 0 pak files mounted, 0 remain pending
[2019.09.27-19.35.00:320][  0]LogPakFile: Registered encryption key '00000000000000000000000000000000': 0 pak files mounted, 0 remain pending
[2019.09.27-19.35.00:321][  0]LogPakFile: Registered encryption key '00000000000000000000000000000000': 0 pak files mounted, 0 remain pending
[2019.09.27-19.35.00:322][  0]LogPakFile: Registered encryption key '00000000000000000000000000000000': 0 pak files mounted, 0 remain pending
[2019.09.27-19.35.00:323][  0]LogPakFile: Registered encryption key '00000000000000000000000000000000': 0 pak files mounted, 0 remain pending
[2019.09.27-19.35.00:324][  0]LogPakFile: Registered encryption key '00000000000000000000000000000000': 0 pak files mounted, 0 remain pending
[2019.09.27-19.35.00:325][  0]LogPakFile: Registered encryption key '00000000000000000000000000000000': 0 pak files mounted, 0 remain pending
[2019.09.27-19.35.00:359][  0]LogContentBrowser: Native class hierarchy updated for 'AddContentDialog' in 0.0004 seconds. Added 0 classes and 0 folders.
[2019.09.27-19.35.00:378][  0]LogContentBrowser: Native class hierarchy updated for 'SceneOutliner' in 0.0004 seconds. Added 1 classes and 2 folders.
[2019.09.27-19.35.00:395][  0]LogSlate: Took 0.000175 seconds to synchronously load lazily loaded font '../../../Engine/Content/Slate/Fonts/Roboto-Regular.ttf' (155K)
[2019.09.27-19.35.00:396][  0]LogSlate: Took 0.000166 seconds to synchronously load lazily loaded font '../../../Engine/Content/Slate/Fonts/Roboto-Bold.ttf' (160K)
[2019.09.27-19.35.00:404][  0]LogSlate: Took 0.000211 seconds to synchronously load lazily loaded font '../../../Engine/Content/Editor/Slate/Fonts/FontAwesome.ttf' (139K)
[2019.09.27-19.35.00:503][  0]LogRenderer: Reallocating scene render targets to support 856x420 Format 10 NumSamples 1 (Frame:1).
[2019.09.27-19.35.00:824][  0]LogContentBrowser: Native class hierarchy updated for 'HierarchicalLODOutliner' in 0.0005 seconds. Added 0 classes and 0 folders.
[2019.09.27-19.35.00:824][  0]LogLoad: (Engine Initialization) Total time: 14.38 seconds
[2019.09.27-19.35.00:824][  0]LogLoad: (Engine Initialization) Total Blueprint compile time: 0.00 seconds
[2019.09.27-19.35.00:884][  0]LogAssetRegistry: Asset discovery search completed in 9.3703 seconds
[2019.09.27-19.35.00:886][  0]LogCollectionManager: Rebuilt the object cache for 0 collections in 0.000004 seconds (found 0 objects)
[2019.09.27-19.35.00:886][  0]LogCollectionManager: Fixed up redirectors for 0 collections in 0.000116 seconds (updated 0 objects)
[2019.09.27-19.35.00:888][  0]LogContentStreaming: Texture pool size now 1000 MB
[2019.09.27-19.35.00:991][  2]LogEditorViewport: Clicking on Actor (LMB): BP_Sky_Sphere_C (Sky Sphere)
[2019.09.27-19.35.02:583][ 90]LogSlate: FSceneViewport::OnFocusLost() reason 2
[2019.09.27-19.35.03:472][142]LogSlate: FSceneViewport::OnFocusLost() reason 2
[2019.09.27-19.35.04:438][192]LogUObjectHash: Compacting FUObjectHashTables data took   0.72ms
[2019.09.27-19.35.04:440][192]Cmd: MAP LOAD FILE="../../../Assn2/Content/assn2.umap" TEMPLATE=0 SHOWPROGRESS=1 FEATURELEVEL=3
[2019.09.27-19.35.04:448][192]LogSlate: Took 0.000187 seconds to synchronously load lazily loaded font '../../../Engine/Content/Slate/Fonts/Roboto-Light.ttf' (167K)
[2019.09.27-19.35.04:470][192]LightingResults: New page: Lighting Build
[2019.09.27-19.35.04:471][192]LoadErrors: New page: Loading map: assn2.umap
[2019.09.27-19.35.04:473][192]MapCheck: New page: Map Check
[2019.09.27-19.35.04:474][192]LightingResults: New page: Lighting Build
[2019.09.27-19.35.04:501][192]LogUObjectHash: Compacting FUObjectHashTables data took   1.78ms
[2019.09.27-19.35.04:555][192]LogAIModule: Creating AISystem for world assn2
[2019.09.27-19.35.04:562][192]LogEditorServer: Finished looking for orphan Actors (0.000 secs)
[2019.09.27-19.35.04:595][192]LogUObjectHash: Compacting FUObjectHashTables data took   2.14ms
[2019.09.27-19.35.04:618][192]Cmd: MAP CHECKDEP NOCLEARLOG
[2019.09.27-19.35.04:619][192]MapCheck: Map check complete: 0 Error(s), 0 Warning(s), took 0.191ms to complete.
[2019.09.27-19.35.04:619][192]LogFileHelpers: Loading map 'assn2' took 0.180
[2019.09.27-19.35.04:619][192]LogSlate: Window 'Open Level' being destroyed
[2019.09.27-19.35.08:052][394]LogEditorViewport: Clicking on Actor (LMB): MyActor (MyActor3)
[2019.09.27-19.35.10:667][542]LogSlate: FSceneViewport::OnFocusLost() reason 0
[2019.09.27-19.36.01:285][ 20]LogHttp: Warning: 00000237D6EBFD80: request failed, libcurl error: 7 (Couldn't connect to server)
[2019.09.27-19.36.01:285][ 20]LogHttp: Warning: 00000237D6EBFD80: libcurl info message cache 0 (  Trying 34.206.62.221...)
[2019.09.27-19.36.01:286][ 20]LogHttp: Warning: 00000237D6EBFD80: libcurl info message cache 1 (TCP_NODELAY set)
[2019.09.27-19.36.01:286][ 20]LogHttp: Warning: 00000237D6EBFD80: libcurl info message cache 2 (connect to 34.206.62.221 port 443 failed: Bad access)
[2019.09.27-19.36.01:286][ 20]LogHttp: Warning: 00000237D6EBFD80: libcurl info message cache 3 (  Trying 54.165.171.83...)
[2019.09.27-19.36.01:286][ 20]LogHttp: Warning: 00000237D6EBFD80: libcurl info message cache 4 (TCP_NODELAY set)
[2019.09.27-19.36.01:286][ 20]LogHttp: Warning: 00000237D6EBFD80: libcurl info message cache 5 (connect to 54.165.171.83 port 443 failed: Bad access)
[2019.09.27-19.36.01:286][ 20]LogHttp: Warning: 00000237D6EBFD80: libcurl info message cache 6 (  Trying 107.21.3.123...)
[2019.09.27-19.36.01:286][ 20]LogHttp: Warning: 00000237D6EBFD80: libcurl info message cache 7 (TCP_NODELAY set)
[2019.09.27-19.36.01:286][ 20]LogHttp: Warning: 00000237D6EBFD80: libcurl info message cache 8 (connect to 107.21.3.123 port 443 failed: Bad access)
[2019.09.27-19.36.01:286][ 20]LogHttp: Warning: 00000237D6EBFD80: libcurl info message cache 9 (  Trying 34.204.212.142...)
[2019.09.27-19.36.01:286][ 20]LogHttp: Warning: 00000237D6EBFD80: libcurl info message cache 10 (TCP_NODELAY set)
[2019.09.27-19.36.01:287][ 20]LogHttp: Warning: 00000237D6EBFD80: libcurl info message cache 11 (connect to 34.204.212.142 port 443 failed: Bad access)
[2019.09.27-19.36.01:287][ 20]LogHttp: Warning: 00000237D6EBFD80: libcurl info message cache 12 (  Trying 34.199.243.108...)
[2019.09.27-19.36.01:287][ 20]LogHttp: Warning: 00000237D6EBFD80: libcurl info message cache 13 (TCP_NODELAY set)
[2019.09.27-19.36.01:287][ 20]LogHttp: Warning: 00000237D6EBFD80: libcurl info message cache 14 (connect to 34.199.243.108 port 443 failed: Bad access)
[2019.09.27-19.36.01:287][ 20]LogHttp: Warning: 00000237D6EBFD80: libcurl info message cache 15 (  Trying 34.235.212.28...)
[2019.09.27-19.36.01:287][ 20]LogHttp: Warning: 00000237D6EBFD80: libcurl info message cache 16 (TCP_NODELAY set)
[2019.09.27-19.36.01:287][ 20]LogHttp: Warning: 00000237D6EBFD80: libcurl info message cache 17 (connect to 34.235.212.28 port 443 failed: Bad access)
[2019.09.27-19.36.01:287][ 20]LogHttp: Warning: 00000237D6EBFD80: libcurl info message cache 18 (  Trying 54.81.81.192...)
[2019.09.27-19.36.01:287][ 20]LogHttp: Warning: 00000237D6EBFD80: libcurl info message cache 19 (TCP_NODELAY set)
[2019.09.27-19.36.01:287][ 20]LogHttp: Warning: 00000237D6EBFD80: libcurl info message cache 20 (connect to 54.81.81.192 port 443 failed: Bad access)
[2019.09.27-19.36.01:288][ 20]LogHttp: Warning: 00000237D6EBFD80: libcurl info message cache 21 (  Trying 54.88.130.39...)
[2019.09.27-19.36.01:288][ 20]LogHttp: Warning: 00000237D6EBFD80: libcurl info message cache 22 (TCP_NODELAY set)
[2019.09.27-19.36.01:288][ 20]LogHttp: Warning: 00000237D6EBFD80: libcurl info message cache 23 (connect to 54.88.130.39 port 443 failed: Bad access)
[2019.09.27-19.36.01:288][ 20]LogHttp: Warning: 00000237D6EBFD80: libcurl info message cache 24 (Failed to connect to datarouter.ol.epicgames.com port 443: Bad access)
[2019.09.27-19.36.01:288][ 20]LogHttp: Warning: 00000237D6EBFD80: libcurl info message cache 25 (Closing connection 0)
[2019.09.27-19.36.01:288][ 20]LogHttp: Warning: Retry exhausted on https://datarouter.ol.epicgames.com/datarouter/api/v1/public/data?SessionID=%7B60727ED0-4D3C-45EA-D0FE-0A9941C1E692%7D&AppID=UEEditor.UnrealEngine.Release&AppVersion=4.22.3-0%2B%2B%2BUE4%2BRelease-4.22&UserID=848cd26545eab0cc8a30289f28dd6e60%7C%7C8f3b939b-2959-471e-a823-b770bf3cb021&AppEnvironment=datacollector-source&UploadType=eteventstream
